2025-04-09 15:43:40.586 [info] [main] Log level: Info
2025-04-09 15:43:40.586 [info] [main] Validating found git in: "git"
2025-04-09 15:43:40.586 [info] [main] Using git "2.49.0" from "git"
2025-04-09 15:43:40.586 [info] [Model][doInitialScan] Initial repository scan started
2025-04-09 15:43:40.586 [info] > git rev-parse --show-toplevel [13ms]
2025-04-09 15:43:40.586 [info] fatal: not a git repository (or any parent up to mount point /)
Stopping at filesystem boundary (GIT_DISCOVERY_ACROSS_FILESYSTEM not set).
2025-04-09 15:43:40.586 [info] [Model][doInitialScan] Initial repository scan completed - repositories (0), closed repositories (0), parent repositories (0), unsafe repositories (0)
2025-04-09 15:43:42.313 [info] > git rev-parse --show-toplevel [1ms]
2025-04-09 15:43:42.313 [info] fatal: not a git repository (or any parent up to mount point /)
Stopping at filesystem boundary (GIT_DISCOVERY_ACROSS_FILESYSTEM not set).
2025-04-09 15:43:43.028 [info] > git rev-parse --show-toplevel [1ms]
2025-04-09 15:43:43.028 [info] fatal: not a git repository (or any parent up to mount point /)
Stopping at filesystem boundary (GIT_DISCOVERY_ACROSS_FILESYSTEM not set).
2025-04-09 15:46:45.985 [info] > git rev-parse --show-toplevel [1ms]
2025-04-09 15:46:45.985 [info] fatal: not a git repository (or any parent up to mount point /)
Stopping at filesystem boundary (GIT_DISCOVERY_ACROSS_FILESYSTEM not set).
2025-04-09 15:46:46.850 [info] > git rev-parse --show-toplevel [1ms]
2025-04-09 15:46:46.850 [info] fatal: not a git repository (or any parent up to mount point /)
Stopping at filesystem boundary (GIT_DISCOVERY_ACROSS_FILESYSTEM not set).
2025-04-09 15:53:38.148 [info] > git rev-parse --show-toplevel [1ms]
2025-04-09 15:53:38.148 [info] fatal: not a git repository (or any parent up to mount point /)
Stopping at filesystem boundary (GIT_DISCOVERY_ACROSS_FILESYSTEM not set).
2025-04-09 15:53:40.510 [info] > git rev-parse --show-toplevel [1ms]
2025-04-09 15:53:40.510 [info] fatal: not a git repository (or any parent up to mount point /)
Stopping at filesystem boundary (GIT_DISCOVERY_ACROSS_FILESYSTEM not set).
2025-04-09 15:53:42.682 [info] > git rev-parse --show-toplevel [1ms]
2025-04-09 15:53:42.682 [info] fatal: not a git repository (or any parent up to mount point /)
Stopping at filesystem boundary (GIT_DISCOVERY_ACROSS_FILESYSTEM not set).
2025-04-09 15:53:45.231 [info] > git rev-parse --show-toplevel [2ms]
2025-04-09 15:53:45.231 [info] fatal: not a git repository (or any parent up to mount point /)
Stopping at filesystem boundary (GIT_DISCOVERY_ACROSS_FILESYSTEM not set).
2025-04-09 15:53:47.198 [info] > git rev-parse --show-toplevel [1ms]
2025-04-09 15:53:47.198 [info] fatal: not a git repository (or any parent up to mount point /)
Stopping at filesystem boundary (GIT_DISCOVERY_ACROSS_FILESYSTEM not set).
2025-04-09 15:54:16.758 [info] > git rev-parse --show-toplevel [2ms]
2025-04-09 15:54:16.758 [info] fatal: not a git repository (or any parent up to mount point /)
Stopping at filesystem boundary (GIT_DISCOVERY_ACROSS_FILESYSTEM not set).
2025-04-09 15:54:18.427 [info] > git rev-parse --show-toplevel [2ms]
2025-04-09 15:54:18.427 [info] fatal: not a git repository (or any parent up to mount point /)
Stopping at filesystem boundary (GIT_DISCOVERY_ACROSS_FILESYSTEM not set).
2025-04-09 15:54:22.788 [info] > git rev-parse --show-toplevel [1ms]
2025-04-09 15:54:22.788 [info] fatal: not a git repository (or any parent up to mount point /)
Stopping at filesystem boundary (GIT_DISCOVERY_ACROSS_FILESYSTEM not set).
2025-04-09 15:55:16.694 [info] > git rev-parse --show-toplevel [1ms]
2025-04-09 15:55:16.694 [info] fatal: not a git repository (or any parent up to mount point /)
Stopping at filesystem boundary (GIT_DISCOVERY_ACROSS_FILESYSTEM not set).
2025-04-09 15:55:41.810 [info] > git rev-parse --show-toplevel [1ms]
2025-04-09 15:55:41.810 [info] fatal: not a git repository (or any parent up to mount point /)
Stopping at filesystem boundary (GIT_DISCOVERY_ACROSS_FILESYSTEM not set).
2025-04-09 15:59:33.842 [info] > git rev-parse --show-toplevel [1ms]
2025-04-09 15:59:33.842 [info] fatal: not a git repository (or any parent up to mount point /)
Stopping at filesystem boundary (GIT_DISCOVERY_ACROSS_FILESYSTEM not set).
2025-04-09 16:44:12.148 [info] > git rev-parse --show-toplevel [1ms]
2025-04-09 16:44:12.148 [info] fatal: not a git repository (or any parent up to mount point /)
Stopping at filesystem boundary (GIT_DISCOVERY_ACROSS_FILESYSTEM not set).
2025-04-09 16:44:16.170 [info] > git rev-parse --show-toplevel [1ms]
2025-04-09 16:44:16.170 [info] fatal: not a git repository (or any parent up to mount point /)
Stopping at filesystem boundary (GIT_DISCOVERY_ACROSS_FILESYSTEM not set).
2025-04-09 16:44:29.131 [info] > git rev-parse --show-toplevel [1ms]
2025-04-09 16:44:29.131 [info] fatal: not a git repository (or any parent up to mount point /)
Stopping at filesystem boundary (GIT_DISCOVERY_ACROSS_FILESYSTEM not set).
2025-04-09 16:45:58.916 [info] > git rev-parse --show-toplevel [1ms]
2025-04-09 16:45:58.916 [info] fatal: not a git repository (or any parent up to mount point /)
Stopping at filesystem boundary (GIT_DISCOVERY_ACROSS_FILESYSTEM not set).
2025-04-09 16:46:37.231 [info] > git rev-parse --show-toplevel [1ms]
2025-04-09 16:46:37.231 [info] fatal: not a git repository (or any parent up to mount point /)
Stopping at filesystem boundary (GIT_DISCOVERY_ACROSS_FILESYSTEM not set).
2025-04-09 16:46:48.819 [info] > git rev-parse --show-toplevel [0ms]
2025-04-09 16:46:48.819 [info] fatal: not a git repository (or any parent up to mount point /)
Stopping at filesystem boundary (GIT_DISCOVERY_ACROSS_FILESYSTEM not set).
2025-04-09 16:46:52.486 [info] > git rev-parse --show-toplevel [1ms]
2025-04-09 16:46:52.486 [info] fatal: not a git repository (or any parent up to mount point /)
Stopping at filesystem boundary (GIT_DISCOVERY_ACROSS_FILESYSTEM not set).
2025-04-09 16:47:12.685 [info] > git rev-parse --show-toplevel [1ms]
2025-04-09 16:47:12.685 [info] fatal: not a git repository (or any parent up to mount point /)
Stopping at filesystem boundary (GIT_DISCOVERY_ACROSS_FILESYSTEM not set).
2025-04-09 16:47:53.594 [info] > git rev-parse --show-toplevel [0ms]
2025-04-09 16:47:53.594 [info] fatal: not a git repository (or any parent up to mount point /)
Stopping at filesystem boundary (GIT_DISCOVERY_ACROSS_FILESYSTEM not set).
2025-04-09 16:51:32.676 [info] > git rev-parse --show-toplevel [1ms]
2025-04-09 16:51:32.676 [info] fatal: not a git repository (or any parent up to mount point /)
Stopping at filesystem boundary (GIT_DISCOVERY_ACROSS_FILESYSTEM not set).
