[INFO 3:43:40 PM] miguelsolorio.symbols activated
[INFO 3:43:40 PM] symbols.hidesExplorerArrows changed, updating to false
[INFO 3:43:40 PM] symbols.folders.associations changed, updating to undefined
[INFO 3:43:40 PM] symbols.files.associations changed, updating to undefined
[INFO 3:43:40 PM] symbols.hidesExplorerArrows changed, updating to false
[INFO 3:43:40 PM] symbols.folders.associations changed, updating to undefined
[INFO 3:43:40 PM] symbols.files.associations changed, updating to undefined
[INFO 3:43:42 PM] symbols.hidesExplorerArrows changed, updating to false
[INFO 3:43:42 PM] symbols.folders.associations changed, updating to undefined
[INFO 3:43:42 PM] symbols.files.associations changed, updating to undefined
[INFO 3:46:39 PM] symbols.hidesExplorerArrows changed, updating to false
[INFO 3:46:39 PM] symbols.folders.associations changed, updating to undefined
[INFO 3:46:39 PM] symbols.files.associations changed, updating to undefined
[INFO 3:46:39 PM] symbols.hidesExplorerArrows changed, updating to false
[INFO 3:46:39 PM] symbols.folders.associations changed, updating to undefined
[INFO 3:46:39 PM] symbols.files.associations changed, updating to undefined
[INFO 3:46:39 PM] symbols.hidesExplorerArrows changed, updating to false
[INFO 3:46:39 PM] symbols.folders.associations changed, updating to undefined
[INFO 3:46:39 PM] symbols.files.associations changed, updating to undefined
[INFO 3:46:40 PM] symbols.hidesExplorerArrows changed, updating to false
[INFO 3:46:40 PM] symbols.folders.associations changed, updating to undefined
[INFO 3:46:40 PM] symbols.files.associations changed, updating to undefined
[INFO 3:46:41 PM] symbols.hidesExplorerArrows changed, updating to false
[INFO 3:46:41 PM] symbols.folders.associations changed, updating to undefined
[INFO 3:46:41 PM] symbols.files.associations changed, updating to undefined
[INFO 3:49:52 PM] symbols.hidesExplorerArrows changed, updating to false
[INFO 3:49:52 PM] symbols.folders.associations changed, updating to undefined
[INFO 3:49:52 PM] symbols.files.associations changed, updating to undefined
[INFO 3:50:07 PM] symbols.hidesExplorerArrows changed, updating to false
[INFO 3:50:07 PM] symbols.folders.associations changed, updating to undefined
[INFO 3:50:07 PM] symbols.files.associations changed, updating to undefined
[INFO 3:50:37 PM] symbols.hidesExplorerArrows changed, updating to false
[INFO 3:50:37 PM] symbols.folders.associations changed, updating to undefined
[INFO 3:50:37 PM] symbols.files.associations changed, updating to undefined
[INFO 3:52:02 PM] symbols.hidesExplorerArrows changed, updating to false
[INFO 3:52:02 PM] symbols.folders.associations changed, updating to undefined
[INFO 3:52:02 PM] symbols.files.associations changed, updating to undefined
[INFO 3:52:06 PM] symbols.hidesExplorerArrows changed, updating to false
[INFO 3:52:06 PM] symbols.folders.associations changed, updating to undefined
[INFO 3:52:06 PM] symbols.files.associations changed, updating to undefined
[INFO 3:52:34 PM] symbols.hidesExplorerArrows changed, updating to false
[INFO 3:52:34 PM] symbols.folders.associations changed, updating to undefined
[INFO 3:52:34 PM] symbols.files.associations changed, updating to undefined
[INFO 3:53:34 PM] symbols.hidesExplorerArrows changed, updating to false
[INFO 3:53:34 PM] symbols.folders.associations changed, updating to undefined
[INFO 3:53:34 PM] symbols.files.associations changed, updating to undefined
[INFO 3:53:38 PM] symbols.hidesExplorerArrows changed, updating to false
[INFO 3:53:38 PM] symbols.folders.associations changed, updating to undefined
[INFO 3:53:38 PM] symbols.files.associations changed, updating to undefined
[INFO 3:54:04 PM] symbols.hidesExplorerArrows changed, updating to false
[INFO 3:54:04 PM] symbols.folders.associations changed, updating to undefined
[INFO 3:54:04 PM] symbols.files.associations changed, updating to undefined
[INFO 3:55:38 PM] symbols.hidesExplorerArrows changed, updating to false
[INFO 3:55:38 PM] symbols.folders.associations changed, updating to undefined
[INFO 3:55:38 PM] symbols.files.associations changed, updating to undefined
[INFO 3:59:30 PM] symbols.hidesExplorerArrows changed, updating to false
[INFO 3:59:30 PM] symbols.folders.associations changed, updating to undefined
[INFO 3:59:30 PM] symbols.files.associations changed, updating to undefined
[INFO 3:59:33 PM] symbols.hidesExplorerArrows changed, updating to false
[INFO 3:59:33 PM] symbols.folders.associations changed, updating to undefined
[INFO 3:59:33 PM] symbols.files.associations changed, updating to undefined
[INFO 3:59:56 PM] symbols.hidesExplorerArrows changed, updating to false
[INFO 3:59:56 PM] symbols.folders.associations changed, updating to undefined
[INFO 3:59:56 PM] symbols.files.associations changed, updating to undefined
[INFO 4:00:43 PM] symbols.hidesExplorerArrows changed, updating to false
[INFO 4:00:43 PM] symbols.folders.associations changed, updating to undefined
[INFO 4:00:43 PM] symbols.files.associations changed, updating to undefined
[INFO 4:00:43 PM] symbols.hidesExplorerArrows changed, updating to false
[INFO 4:00:43 PM] symbols.folders.associations changed, updating to undefined
[INFO 4:00:43 PM] symbols.files.associations changed, updating to undefined
[INFO 4:01:36 PM] symbols.hidesExplorerArrows changed, updating to false
[INFO 4:01:36 PM] symbols.folders.associations changed, updating to undefined
[INFO 4:01:36 PM] symbols.files.associations changed, updating to undefined
[INFO 4:01:39 PM] symbols.hidesExplorerArrows changed, updating to false
[INFO 4:01:39 PM] symbols.folders.associations changed, updating to undefined
[INFO 4:01:39 PM] symbols.files.associations changed, updating to undefined
[INFO 4:03:10 PM] symbols.hidesExplorerArrows changed, updating to false
[INFO 4:03:10 PM] symbols.folders.associations changed, updating to undefined
[INFO 4:03:10 PM] symbols.files.associations changed, updating to undefined
[INFO 4:04:17 PM] symbols.hidesExplorerArrows changed, updating to false
[INFO 4:04:17 PM] symbols.folders.associations changed, updating to undefined
[INFO 4:04:17 PM] symbols.files.associations changed, updating to undefined
[INFO 4:04:17 PM] symbols.hidesExplorerArrows changed, updating to false
[INFO 4:04:17 PM] symbols.folders.associations changed, updating to undefined
[INFO 4:04:17 PM] symbols.files.associations changed, updating to undefined
[INFO 4:09:11 PM] symbols.hidesExplorerArrows changed, updating to false
[INFO 4:09:11 PM] symbols.folders.associations changed, updating to undefined
[INFO 4:09:11 PM] symbols.files.associations changed, updating to undefined
[INFO 4:14:29 PM] symbols.hidesExplorerArrows changed, updating to false
[INFO 4:14:29 PM] symbols.folders.associations changed, updating to undefined
[INFO 4:14:29 PM] symbols.files.associations changed, updating to undefined
[INFO 4:14:34 PM] symbols.hidesExplorerArrows changed, updating to false
[INFO 4:14:34 PM] symbols.folders.associations changed, updating to undefined
[INFO 4:14:34 PM] symbols.files.associations changed, updating to undefined
[INFO 4:14:39 PM] symbols.hidesExplorerArrows changed, updating to false
[INFO 4:14:39 PM] symbols.folders.associations changed, updating to undefined
[INFO 4:14:39 PM] symbols.files.associations changed, updating to undefined
[INFO 4:14:57 PM] symbols.hidesExplorerArrows changed, updating to false
[INFO 4:14:57 PM] symbols.folders.associations changed, updating to undefined
[INFO 4:14:57 PM] symbols.files.associations changed, updating to undefined
[INFO 4:15:15 PM] symbols.hidesExplorerArrows changed, updating to false
[INFO 4:15:15 PM] symbols.folders.associations changed, updating to undefined
[INFO 4:15:15 PM] symbols.files.associations changed, updating to undefined
[INFO 4:15:21 PM] symbols.hidesExplorerArrows changed, updating to false
[INFO 4:15:21 PM] symbols.folders.associations changed, updating to undefined
[INFO 4:15:21 PM] symbols.files.associations changed, updating to undefined
[INFO 4:15:30 PM] symbols.hidesExplorerArrows changed, updating to false
[INFO 4:15:30 PM] symbols.folders.associations changed, updating to undefined
[INFO 4:15:30 PM] symbols.files.associations changed, updating to undefined
[INFO 4:16:12 PM] symbols.hidesExplorerArrows changed, updating to false
[INFO 4:16:12 PM] symbols.folders.associations changed, updating to undefined
[INFO 4:16:12 PM] symbols.files.associations changed, updating to undefined
[INFO 4:16:18 PM] symbols.hidesExplorerArrows changed, updating to false
[INFO 4:16:18 PM] symbols.folders.associations changed, updating to undefined
[INFO 4:16:18 PM] symbols.files.associations changed, updating to undefined
[INFO 4:16:26 PM] symbols.hidesExplorerArrows changed, updating to false
[INFO 4:16:26 PM] symbols.folders.associations changed, updating to undefined
[INFO 4:16:26 PM] symbols.files.associations changed, updating to undefined
[INFO 4:16:37 PM] symbols.hidesExplorerArrows changed, updating to false
[INFO 4:16:37 PM] symbols.folders.associations changed, updating to undefined
[INFO 4:16:37 PM] symbols.files.associations changed, updating to undefined
[INFO 4:16:38 PM] symbols.hidesExplorerArrows changed, updating to false
[INFO 4:16:38 PM] symbols.folders.associations changed, updating to undefined
[INFO 4:16:38 PM] symbols.files.associations changed, updating to undefined
[INFO 4:16:53 PM] symbols.hidesExplorerArrows changed, updating to false
[INFO 4:16:53 PM] symbols.folders.associations changed, updating to undefined
[INFO 4:16:53 PM] symbols.files.associations changed, updating to undefined
[INFO 4:16:54 PM] symbols.hidesExplorerArrows changed, updating to false
[INFO 4:16:54 PM] symbols.folders.associations changed, updating to undefined
[INFO 4:16:54 PM] symbols.files.associations changed, updating to undefined
[INFO 4:17:00 PM] symbols.hidesExplorerArrows changed, updating to false
[INFO 4:17:00 PM] symbols.folders.associations changed, updating to undefined
[INFO 4:17:00 PM] symbols.files.associations changed, updating to undefined
[INFO 4:17:02 PM] symbols.hidesExplorerArrows changed, updating to false
[INFO 4:17:02 PM] symbols.folders.associations changed, updating to undefined
[INFO 4:17:02 PM] symbols.files.associations changed, updating to undefined
[INFO 4:17:21 PM] symbols.hidesExplorerArrows changed, updating to false
[INFO 4:17:21 PM] symbols.folders.associations changed, updating to undefined
[INFO 4:17:21 PM] symbols.files.associations changed, updating to undefined
[INFO 4:17:21 PM] symbols.hidesExplorerArrows changed, updating to false
[INFO 4:17:21 PM] symbols.folders.associations changed, updating to undefined
[INFO 4:17:21 PM] symbols.files.associations changed, updating to undefined
[INFO 4:17:22 PM] symbols.hidesExplorerArrows changed, updating to false
[INFO 4:17:22 PM] symbols.folders.associations changed, updating to undefined
[INFO 4:17:22 PM] symbols.files.associations changed, updating to undefined
[INFO 4:17:52 PM] symbols.hidesExplorerArrows changed, updating to false
[INFO 4:17:52 PM] symbols.folders.associations changed, updating to undefined
[INFO 4:17:52 PM] symbols.files.associations changed, updating to undefined
[INFO 4:19:11 PM] symbols.hidesExplorerArrows changed, updating to false
[INFO 4:19:11 PM] symbols.folders.associations changed, updating to undefined
[INFO 4:19:11 PM] symbols.files.associations changed, updating to undefined
[INFO 4:20:09 PM] symbols.hidesExplorerArrows changed, updating to false
[INFO 4:20:09 PM] symbols.folders.associations changed, updating to undefined
[INFO 4:20:09 PM] symbols.files.associations changed, updating to undefined
[INFO 4:21:26 PM] symbols.hidesExplorerArrows changed, updating to false
[INFO 4:21:26 PM] symbols.folders.associations changed, updating to undefined
[INFO 4:21:26 PM] symbols.files.associations changed, updating to undefined
[INFO 4:21:32 PM] symbols.hidesExplorerArrows changed, updating to false
[INFO 4:21:32 PM] symbols.folders.associations changed, updating to undefined
[INFO 4:21:32 PM] symbols.files.associations changed, updating to undefined
[INFO 4:21:46 PM] symbols.hidesExplorerArrows changed, updating to false
[INFO 4:21:46 PM] symbols.folders.associations changed, updating to undefined
[INFO 4:21:46 PM] symbols.files.associations changed, updating to undefined
[INFO 4:21:58 PM] symbols.hidesExplorerArrows changed, updating to false
[INFO 4:21:58 PM] symbols.folders.associations changed, updating to undefined
[INFO 4:21:58 PM] symbols.files.associations changed, updating to undefined
[INFO 4:22:32 PM] symbols.hidesExplorerArrows changed, updating to false
[INFO 4:22:32 PM] symbols.folders.associations changed, updating to undefined
[INFO 4:22:32 PM] symbols.files.associations changed, updating to undefined
[INFO 4:23:12 PM] symbols.hidesExplorerArrows changed, updating to false
[INFO 4:23:12 PM] symbols.folders.associations changed, updating to undefined
[INFO 4:23:12 PM] symbols.files.associations changed, updating to undefined
[INFO 4:23:16 PM] symbols.hidesExplorerArrows changed, updating to false
[INFO 4:23:16 PM] symbols.folders.associations changed, updating to undefined
[INFO 4:23:16 PM] symbols.files.associations changed, updating to undefined
[INFO 4:23:31 PM] symbols.hidesExplorerArrows changed, updating to false
[INFO 4:23:31 PM] symbols.folders.associations changed, updating to undefined
[INFO 4:23:31 PM] symbols.files.associations changed, updating to undefined
[INFO 4:24:35 PM] symbols.hidesExplorerArrows changed, updating to false
[INFO 4:24:35 PM] symbols.folders.associations changed, updating to undefined
[INFO 4:24:35 PM] symbols.files.associations changed, updating to undefined
[INFO 4:25:05 PM] symbols.hidesExplorerArrows changed, updating to false
[INFO 4:25:05 PM] symbols.folders.associations changed, updating to undefined
[INFO 4:25:05 PM] symbols.files.associations changed, updating to undefined
[INFO 4:25:07 PM] symbols.hidesExplorerArrows changed, updating to false
[INFO 4:25:07 PM] symbols.folders.associations changed, updating to undefined
[INFO 4:25:07 PM] symbols.files.associations changed, updating to undefined
[INFO 4:25:23 PM] symbols.hidesExplorerArrows changed, updating to false
[INFO 4:25:23 PM] symbols.folders.associations changed, updating to undefined
[INFO 4:25:23 PM] symbols.files.associations changed, updating to undefined
[INFO 4:25:38 PM] symbols.hidesExplorerArrows changed, updating to false
[INFO 4:25:38 PM] symbols.folders.associations changed, updating to undefined
[INFO 4:25:38 PM] symbols.files.associations changed, updating to undefined
[INFO 4:25:38 PM] symbols.hidesExplorerArrows changed, updating to false
[INFO 4:25:38 PM] symbols.folders.associations changed, updating to undefined
[INFO 4:25:38 PM] symbols.files.associations changed, updating to undefined
[INFO 4:25:50 PM] symbols.hidesExplorerArrows changed, updating to false
[INFO 4:25:50 PM] symbols.folders.associations changed, updating to undefined
[INFO 4:25:50 PM] symbols.files.associations changed, updating to undefined
[INFO 4:26:42 PM] symbols.hidesExplorerArrows changed, updating to false
[INFO 4:26:42 PM] symbols.folders.associations changed, updating to undefined
[INFO 4:26:42 PM] symbols.files.associations changed, updating to undefined
[INFO 4:26:42 PM] symbols.hidesExplorerArrows changed, updating to false
[INFO 4:26:42 PM] symbols.folders.associations changed, updating to undefined
[INFO 4:26:42 PM] symbols.files.associations changed, updating to undefined
[INFO 4:26:54 PM] symbols.hidesExplorerArrows changed, updating to false
[INFO 4:26:54 PM] symbols.folders.associations changed, updating to undefined
[INFO 4:26:54 PM] symbols.files.associations changed, updating to undefined
[INFO 4:27:18 PM] symbols.hidesExplorerArrows changed, updating to false
[INFO 4:27:18 PM] symbols.folders.associations changed, updating to undefined
[INFO 4:27:18 PM] symbols.files.associations changed, updating to undefined
[INFO 4:27:19 PM] symbols.hidesExplorerArrows changed, updating to false
[INFO 4:27:19 PM] symbols.folders.associations changed, updating to undefined
[INFO 4:27:19 PM] symbols.files.associations changed, updating to undefined
[INFO 4:27:25 PM] symbols.hidesExplorerArrows changed, updating to false
[INFO 4:27:25 PM] symbols.folders.associations changed, updating to undefined
[INFO 4:27:25 PM] symbols.files.associations changed, updating to undefined
[INFO 4:29:08 PM] symbols.hidesExplorerArrows changed, updating to false
[INFO 4:29:08 PM] symbols.folders.associations changed, updating to undefined
[INFO 4:29:08 PM] symbols.files.associations changed, updating to undefined
[INFO 4:29:09 PM] symbols.hidesExplorerArrows changed, updating to false
[INFO 4:29:09 PM] symbols.folders.associations changed, updating to undefined
[INFO 4:29:09 PM] symbols.files.associations changed, updating to undefined
[INFO 4:29:12 PM] symbols.hidesExplorerArrows changed, updating to false
[INFO 4:29:12 PM] symbols.folders.associations changed, updating to undefined
[INFO 4:29:12 PM] symbols.files.associations changed, updating to undefined
[INFO 4:31:32 PM] symbols.hidesExplorerArrows changed, updating to false
[INFO 4:31:32 PM] symbols.folders.associations changed, updating to undefined
[INFO 4:31:32 PM] symbols.files.associations changed, updating to undefined
[INFO 4:31:36 PM] symbols.hidesExplorerArrows changed, updating to false
[INFO 4:31:36 PM] symbols.folders.associations changed, updating to undefined
[INFO 4:31:36 PM] symbols.files.associations changed, updating to undefined
[INFO 4:31:37 PM] symbols.hidesExplorerArrows changed, updating to false
[INFO 4:31:37 PM] symbols.folders.associations changed, updating to undefined
[INFO 4:31:37 PM] symbols.files.associations changed, updating to undefined
[INFO 4:31:57 PM] symbols.hidesExplorerArrows changed, updating to false
[INFO 4:31:57 PM] symbols.folders.associations changed, updating to undefined
[INFO 4:31:57 PM] symbols.files.associations changed, updating to undefined
[INFO 4:31:58 PM] symbols.hidesExplorerArrows changed, updating to false
[INFO 4:31:58 PM] symbols.folders.associations changed, updating to undefined
[INFO 4:31:58 PM] symbols.files.associations changed, updating to undefined
[INFO 4:32:30 PM] symbols.hidesExplorerArrows changed, updating to false
[INFO 4:32:30 PM] symbols.folders.associations changed, updating to undefined
[INFO 4:32:30 PM] symbols.files.associations changed, updating to undefined
[INFO 4:32:30 PM] symbols.hidesExplorerArrows changed, updating to false
[INFO 4:32:30 PM] symbols.folders.associations changed, updating to undefined
[INFO 4:32:30 PM] symbols.files.associations changed, updating to undefined
[INFO 4:32:41 PM] symbols.hidesExplorerArrows changed, updating to false
[INFO 4:32:41 PM] symbols.folders.associations changed, updating to undefined
[INFO 4:32:41 PM] symbols.files.associations changed, updating to undefined
[INFO 4:32:48 PM] symbols.hidesExplorerArrows changed, updating to false
[INFO 4:32:48 PM] symbols.folders.associations changed, updating to undefined
[INFO 4:32:48 PM] symbols.files.associations changed, updating to undefined
[INFO 4:33:02 PM] symbols.hidesExplorerArrows changed, updating to false
[INFO 4:33:02 PM] symbols.folders.associations changed, updating to undefined
[INFO 4:33:02 PM] symbols.files.associations changed, updating to undefined
[INFO 4:34:11 PM] symbols.hidesExplorerArrows changed, updating to false
[INFO 4:34:11 PM] symbols.folders.associations changed, updating to undefined
[INFO 4:34:11 PM] symbols.files.associations changed, updating to undefined
[INFO 4:34:12 PM] symbols.hidesExplorerArrows changed, updating to false
[INFO 4:34:12 PM] symbols.folders.associations changed, updating to undefined
[INFO 4:34:12 PM] symbols.files.associations changed, updating to undefined
[INFO 4:34:24 PM] symbols.hidesExplorerArrows changed, updating to false
[INFO 4:34:24 PM] symbols.folders.associations changed, updating to undefined
[INFO 4:34:24 PM] symbols.files.associations changed, updating to undefined
[INFO 4:34:48 PM] symbols.hidesExplorerArrows changed, updating to false
[INFO 4:34:48 PM] symbols.folders.associations changed, updating to undefined
[INFO 4:34:48 PM] symbols.files.associations changed, updating to undefined
[INFO 4:35:13 PM] symbols.hidesExplorerArrows changed, updating to false
[INFO 4:35:13 PM] symbols.folders.associations changed, updating to undefined
[INFO 4:35:13 PM] symbols.files.associations changed, updating to undefined
[INFO 4:35:22 PM] symbols.hidesExplorerArrows changed, updating to false
[INFO 4:35:22 PM] symbols.folders.associations changed, updating to undefined
[INFO 4:35:22 PM] symbols.files.associations changed, updating to undefined
[INFO 4:35:23 PM] symbols.hidesExplorerArrows changed, updating to false
[INFO 4:35:23 PM] symbols.folders.associations changed, updating to undefined
[INFO 4:35:23 PM] symbols.files.associations changed, updating to undefined
[INFO 4:36:06 PM] symbols.hidesExplorerArrows changed, updating to false
[INFO 4:36:06 PM] symbols.folders.associations changed, updating to undefined
[INFO 4:36:06 PM] symbols.files.associations changed, updating to undefined
[INFO 4:36:48 PM] symbols.hidesExplorerArrows changed, updating to false
[INFO 4:36:48 PM] symbols.folders.associations changed, updating to undefined
[INFO 4:36:48 PM] symbols.files.associations changed, updating to undefined
[INFO 4:37:27 PM] symbols.hidesExplorerArrows changed, updating to false
[INFO 4:37:27 PM] symbols.folders.associations changed, updating to undefined
[INFO 4:37:27 PM] symbols.files.associations changed, updating to undefined
[INFO 4:37:31 PM] symbols.hidesExplorerArrows changed, updating to false
[INFO 4:37:31 PM] symbols.folders.associations changed, updating to undefined
[INFO 4:37:31 PM] symbols.files.associations changed, updating to undefined
[INFO 4:37:50 PM] symbols.hidesExplorerArrows changed, updating to false
[INFO 4:37:50 PM] symbols.folders.associations changed, updating to undefined
[INFO 4:37:50 PM] symbols.files.associations changed, updating to undefined
[INFO 4:37:50 PM] symbols.hidesExplorerArrows changed, updating to false
[INFO 4:37:50 PM] symbols.folders.associations changed, updating to undefined
[INFO 4:37:50 PM] symbols.files.associations changed, updating to undefined
[INFO 4:38:34 PM] symbols.hidesExplorerArrows changed, updating to false
[INFO 4:38:34 PM] symbols.folders.associations changed, updating to undefined
[INFO 4:38:34 PM] symbols.files.associations changed, updating to undefined
[INFO 4:38:41 PM] symbols.hidesExplorerArrows changed, updating to false
[INFO 4:38:41 PM] symbols.folders.associations changed, updating to undefined
[INFO 4:38:41 PM] symbols.files.associations changed, updating to undefined
[INFO 4:38:41 PM] symbols.hidesExplorerArrows changed, updating to false
[INFO 4:38:41 PM] symbols.folders.associations changed, updating to undefined
[INFO 4:38:41 PM] symbols.files.associations changed, updating to undefined
[INFO 4:38:55 PM] symbols.hidesExplorerArrows changed, updating to false
[INFO 4:38:55 PM] symbols.folders.associations changed, updating to undefined
[INFO 4:38:55 PM] symbols.files.associations changed, updating to undefined
[INFO 4:38:56 PM] symbols.hidesExplorerArrows changed, updating to false
[INFO 4:38:56 PM] symbols.folders.associations changed, updating to undefined
[INFO 4:38:56 PM] symbols.files.associations changed, updating to undefined
[INFO 4:40:46 PM] symbols.hidesExplorerArrows changed, updating to false
[INFO 4:40:46 PM] symbols.folders.associations changed, updating to undefined
[INFO 4:40:46 PM] symbols.files.associations changed, updating to undefined
[INFO 4:40:47 PM] symbols.hidesExplorerArrows changed, updating to false
[INFO 4:40:47 PM] symbols.folders.associations changed, updating to undefined
[INFO 4:40:47 PM] symbols.files.associations changed, updating to undefined
[INFO 4:41:04 PM] symbols.hidesExplorerArrows changed, updating to false
[INFO 4:41:04 PM] symbols.folders.associations changed, updating to undefined
[INFO 4:41:04 PM] symbols.files.associations changed, updating to undefined
[INFO 4:41:20 PM] symbols.hidesExplorerArrows changed, updating to false
[INFO 4:41:20 PM] symbols.folders.associations changed, updating to undefined
[INFO 4:41:20 PM] symbols.files.associations changed, updating to undefined
[INFO 4:41:39 PM] symbols.hidesExplorerArrows changed, updating to false
[INFO 4:41:39 PM] symbols.folders.associations changed, updating to undefined
[INFO 4:41:39 PM] symbols.files.associations changed, updating to undefined
[INFO 4:41:43 PM] symbols.hidesExplorerArrows changed, updating to false
[INFO 4:41:43 PM] symbols.folders.associations changed, updating to undefined
[INFO 4:41:43 PM] symbols.files.associations changed, updating to undefined
[INFO 4:42:29 PM] symbols.hidesExplorerArrows changed, updating to false
[INFO 4:42:29 PM] symbols.folders.associations changed, updating to undefined
[INFO 4:42:29 PM] symbols.files.associations changed, updating to undefined
[INFO 4:42:33 PM] symbols.hidesExplorerArrows changed, updating to false
[INFO 4:42:33 PM] symbols.folders.associations changed, updating to undefined
[INFO 4:42:33 PM] symbols.files.associations changed, updating to undefined
[INFO 4:42:53 PM] symbols.hidesExplorerArrows changed, updating to false
[INFO 4:42:53 PM] symbols.folders.associations changed, updating to undefined
[INFO 4:42:53 PM] symbols.files.associations changed, updating to undefined
[INFO 4:43:14 PM] symbols.hidesExplorerArrows changed, updating to false
[INFO 4:43:14 PM] symbols.folders.associations changed, updating to undefined
[INFO 4:43:14 PM] symbols.files.associations changed, updating to undefined
[INFO 4:44:07 PM] symbols.hidesExplorerArrows changed, updating to false
[INFO 4:44:07 PM] symbols.folders.associations changed, updating to undefined
[INFO 4:44:07 PM] symbols.files.associations changed, updating to undefined
[INFO 4:45:57 PM] symbols.hidesExplorerArrows changed, updating to false
[INFO 4:45:57 PM] symbols.folders.associations changed, updating to undefined
[INFO 4:45:57 PM] symbols.files.associations changed, updating to undefined
[INFO 4:45:57 PM] symbols.hidesExplorerArrows changed, updating to false
[INFO 4:45:57 PM] symbols.folders.associations changed, updating to undefined
[INFO 4:45:57 PM] symbols.files.associations changed, updating to undefined
[INFO 4:45:58 PM] symbols.hidesExplorerArrows changed, updating to false
[INFO 4:45:58 PM] symbols.folders.associations changed, updating to undefined
[INFO 4:45:58 PM] symbols.files.associations changed, updating to undefined
[INFO 4:46:34 PM] symbols.hidesExplorerArrows changed, updating to false
[INFO 4:46:34 PM] symbols.folders.associations changed, updating to undefined
[INFO 4:46:34 PM] symbols.files.associations changed, updating to undefined
[INFO 4:46:35 PM] symbols.hidesExplorerArrows changed, updating to false
[INFO 4:46:35 PM] symbols.folders.associations changed, updating to undefined
[INFO 4:46:35 PM] symbols.files.associations changed, updating to undefined
[INFO 4:47:11 PM] symbols.hidesExplorerArrows changed, updating to false
[INFO 4:47:11 PM] symbols.folders.associations changed, updating to undefined
[INFO 4:47:11 PM] symbols.files.associations changed, updating to undefined
[INFO 4:47:26 PM] symbols.hidesExplorerArrows changed, updating to false
[INFO 4:47:26 PM] symbols.folders.associations changed, updating to undefined
[INFO 4:47:26 PM] symbols.files.associations changed, updating to undefined
[INFO 4:48:03 PM] symbols.hidesExplorerArrows changed, updating to false
[INFO 4:48:03 PM] symbols.folders.associations changed, updating to undefined
[INFO 4:48:03 PM] symbols.files.associations changed, updating to undefined
[INFO 4:48:29 PM] symbols.hidesExplorerArrows changed, updating to false
[INFO 4:48:29 PM] symbols.folders.associations changed, updating to undefined
[INFO 4:48:29 PM] symbols.files.associations changed, updating to undefined
[INFO 4:48:36 PM] symbols.hidesExplorerArrows changed, updating to false
[INFO 4:48:36 PM] symbols.folders.associations changed, updating to undefined
[INFO 4:48:36 PM] symbols.files.associations changed, updating to undefined
[INFO 4:48:50 PM] symbols.hidesExplorerArrows changed, updating to false
[INFO 4:48:50 PM] symbols.folders.associations changed, updating to undefined
[INFO 4:48:50 PM] symbols.files.associations changed, updating to undefined
[INFO 4:48:53 PM] symbols.hidesExplorerArrows changed, updating to false
[INFO 4:48:53 PM] symbols.folders.associations changed, updating to undefined
[INFO 4:48:53 PM] symbols.files.associations changed, updating to undefined
[INFO 4:49:03 PM] symbols.hidesExplorerArrows changed, updating to false
[INFO 4:49:03 PM] symbols.folders.associations changed, updating to undefined
[INFO 4:49:03 PM] symbols.files.associations changed, updating to undefined
[INFO 4:49:04 PM] symbols.hidesExplorerArrows changed, updating to false
[INFO 4:49:04 PM] symbols.folders.associations changed, updating to undefined
[INFO 4:49:04 PM] symbols.files.associations changed, updating to undefined
[INFO 4:50:00 PM] symbols.hidesExplorerArrows changed, updating to false
[INFO 4:50:00 PM] symbols.folders.associations changed, updating to undefined
[INFO 4:50:00 PM] symbols.files.associations changed, updating to undefined
[INFO 4:51:30 PM] symbols.hidesExplorerArrows changed, updating to false
[INFO 4:51:30 PM] symbols.folders.associations changed, updating to undefined
[INFO 4:51:30 PM] symbols.files.associations changed, updating to undefined
[INFO 4:51:32 PM] symbols.hidesExplorerArrows changed, updating to false
[INFO 4:51:32 PM] symbols.folders.associations changed, updating to undefined
[INFO 4:51:32 PM] symbols.files.associations changed, updating to undefined
[INFO 4:51:36 PM] symbols.hidesExplorerArrows changed, updating to false
[INFO 4:51:36 PM] symbols.folders.associations changed, updating to undefined
[INFO 4:51:36 PM] symbols.files.associations changed, updating to undefined
[INFO 4:52:37 PM] symbols.hidesExplorerArrows changed, updating to false
[INFO 4:52:37 PM] symbols.folders.associations changed, updating to undefined
[INFO 4:52:37 PM] symbols.files.associations changed, updating to undefined
[INFO 4:53:17 PM] symbols.hidesExplorerArrows changed, updating to false
[INFO 4:53:17 PM] symbols.folders.associations changed, updating to undefined
[INFO 4:53:17 PM] symbols.files.associations changed, updating to undefined
[INFO 4:53:17 PM] symbols.hidesExplorerArrows changed, updating to false
[INFO 4:53:17 PM] symbols.folders.associations changed, updating to undefined
[INFO 4:53:17 PM] symbols.files.associations changed, updating to undefined
[INFO 4:53:21 PM] symbols.hidesExplorerArrows changed, updating to false
[INFO 4:53:21 PM] symbols.folders.associations changed, updating to undefined
[INFO 4:53:21 PM] symbols.files.associations changed, updating to undefined
[INFO 4:53:41 PM] symbols.hidesExplorerArrows changed, updating to false
[INFO 4:53:41 PM] symbols.folders.associations changed, updating to undefined
[INFO 4:53:41 PM] symbols.files.associations changed, updating to undefined
[INFO 4:53:59 PM] symbols.hidesExplorerArrows changed, updating to false
[INFO 4:53:59 PM] symbols.folders.associations changed, updating to undefined
[INFO 4:53:59 PM] symbols.files.associations changed, updating to undefined
[INFO 4:54:09 PM] symbols.hidesExplorerArrows changed, updating to false
[INFO 4:54:09 PM] symbols.folders.associations changed, updating to undefined
[INFO 4:54:09 PM] symbols.files.associations changed, updating to undefined
[INFO 4:54:30 PM] symbols.hidesExplorerArrows changed, updating to false
[INFO 4:54:30 PM] symbols.folders.associations changed, updating to undefined
[INFO 4:54:30 PM] symbols.files.associations changed, updating to undefined
[INFO 4:54:39 PM] symbols.hidesExplorerArrows changed, updating to false
[INFO 4:54:39 PM] symbols.folders.associations changed, updating to undefined
[INFO 4:54:39 PM] symbols.files.associations changed, updating to undefined
[INFO 4:54:54 PM] symbols.hidesExplorerArrows changed, updating to false
[INFO 4:54:54 PM] symbols.folders.associations changed, updating to undefined
[INFO 4:54:54 PM] symbols.files.associations changed, updating to undefined
[INFO 4:55:08 PM] symbols.hidesExplorerArrows changed, updating to false
[INFO 4:55:08 PM] symbols.folders.associations changed, updating to undefined
[INFO 4:55:08 PM] symbols.files.associations changed, updating to undefined
[INFO 4:55:59 PM] symbols.hidesExplorerArrows changed, updating to false
[INFO 4:55:59 PM] symbols.folders.associations changed, updating to undefined
[INFO 4:55:59 PM] symbols.files.associations changed, updating to undefined
[INFO 4:58:09 PM] symbols.hidesExplorerArrows changed, updating to false
[INFO 4:58:09 PM] symbols.folders.associations changed, updating to undefined
[INFO 4:58:09 PM] symbols.files.associations changed, updating to undefined
[INFO 4:58:12 PM] symbols.hidesExplorerArrows changed, updating to false
[INFO 4:58:12 PM] symbols.folders.associations changed, updating to undefined
[INFO 4:58:12 PM] symbols.files.associations changed, updating to undefined
[INFO 4:58:13 PM] symbols.hidesExplorerArrows changed, updating to false
[INFO 4:58:13 PM] symbols.folders.associations changed, updating to undefined
[INFO 4:58:13 PM] symbols.files.associations changed, updating to undefined
[INFO 4:58:45 PM] symbols.hidesExplorerArrows changed, updating to false
[INFO 4:58:45 PM] symbols.folders.associations changed, updating to undefined
[INFO 4:58:45 PM] symbols.files.associations changed, updating to undefined
[INFO 5:00:15 PM] symbols.hidesExplorerArrows changed, updating to false
[INFO 5:00:15 PM] symbols.folders.associations changed, updating to undefined
[INFO 5:00:15 PM] symbols.files.associations changed, updating to undefined
[INFO 5:00:52 PM] symbols.hidesExplorerArrows changed, updating to false
[INFO 5:00:52 PM] symbols.folders.associations changed, updating to undefined
[INFO 5:00:52 PM] symbols.files.associations changed, updating to undefined
[INFO 5:01:15 PM] symbols.hidesExplorerArrows changed, updating to false
[INFO 5:01:15 PM] symbols.folders.associations changed, updating to undefined
[INFO 5:01:15 PM] symbols.files.associations changed, updating to undefined
[INFO 5:02:39 PM] symbols.hidesExplorerArrows changed, updating to false
[INFO 5:02:39 PM] symbols.folders.associations changed, updating to undefined
[INFO 5:02:39 PM] symbols.files.associations changed, updating to undefined
[INFO 5:03:38 PM] symbols.hidesExplorerArrows changed, updating to false
[INFO 5:03:38 PM] symbols.folders.associations changed, updating to undefined
[INFO 5:03:38 PM] symbols.files.associations changed, updating to undefined
[INFO 5:03:38 PM] symbols.hidesExplorerArrows changed, updating to false
[INFO 5:03:38 PM] symbols.folders.associations changed, updating to undefined
[INFO 5:03:38 PM] symbols.files.associations changed, updating to undefined
[INFO 5:04:29 PM] symbols.hidesExplorerArrows changed, updating to false
[INFO 5:04:29 PM] symbols.folders.associations changed, updating to undefined
[INFO 5:04:29 PM] symbols.files.associations changed, updating to undefined
[INFO 5:04:50 PM] symbols.hidesExplorerArrows changed, updating to false
[INFO 5:04:50 PM] symbols.folders.associations changed, updating to undefined
[INFO 5:04:50 PM] symbols.files.associations changed, updating to undefined
[INFO 5:04:56 PM] symbols.hidesExplorerArrows changed, updating to false
[INFO 5:04:56 PM] symbols.folders.associations changed, updating to undefined
[INFO 5:04:56 PM] symbols.files.associations changed, updating to undefined
[INFO 5:04:57 PM] symbols.hidesExplorerArrows changed, updating to false
[INFO 5:04:57 PM] symbols.folders.associations changed, updating to undefined
[INFO 5:04:57 PM] symbols.files.associations changed, updating to undefined
[INFO 5:05:04 PM] symbols.hidesExplorerArrows changed, updating to false
[INFO 5:05:04 PM] symbols.folders.associations changed, updating to undefined
[INFO 5:05:04 PM] symbols.files.associations changed, updating to undefined
[INFO 5:05:10 PM] symbols.hidesExplorerArrows changed, updating to false
[INFO 5:05:10 PM] symbols.folders.associations changed, updating to undefined
[INFO 5:05:10 PM] symbols.files.associations changed, updating to undefined
[INFO 5:05:24 PM] symbols.hidesExplorerArrows changed, updating to false
[INFO 5:05:24 PM] symbols.folders.associations changed, updating to undefined
[INFO 5:05:24 PM] symbols.files.associations changed, updating to undefined
[INFO 5:05:28 PM] symbols.hidesExplorerArrows changed, updating to false
[INFO 5:05:28 PM] symbols.folders.associations changed, updating to undefined
[INFO 5:05:28 PM] symbols.files.associations changed, updating to undefined
[INFO 5:05:38 PM] symbols.hidesExplorerArrows changed, updating to false
[INFO 5:05:38 PM] symbols.folders.associations changed, updating to undefined
[INFO 5:05:38 PM] symbols.files.associations changed, updating to undefined
[INFO 5:05:59 PM] symbols.hidesExplorerArrows changed, updating to false
[INFO 5:05:59 PM] symbols.folders.associations changed, updating to undefined
[INFO 5:05:59 PM] symbols.files.associations changed, updating to undefined
[INFO 5:06:28 PM] symbols.hidesExplorerArrows changed, updating to false
[INFO 5:06:28 PM] symbols.folders.associations changed, updating to undefined
[INFO 5:06:28 PM] symbols.files.associations changed, updating to undefined
[INFO 5:06:49 PM] symbols.hidesExplorerArrows changed, updating to false
[INFO 5:06:49 PM] symbols.folders.associations changed, updating to undefined
[INFO 5:06:49 PM] symbols.files.associations changed, updating to undefined
[INFO 5:06:51 PM] symbols.hidesExplorerArrows changed, updating to false
[INFO 5:06:51 PM] symbols.folders.associations changed, updating to undefined
[INFO 5:06:51 PM] symbols.files.associations changed, updating to undefined
[INFO 5:07:14 PM] symbols.hidesExplorerArrows changed, updating to false
[INFO 5:07:14 PM] symbols.folders.associations changed, updating to undefined
[INFO 5:07:14 PM] symbols.files.associations changed, updating to undefined
[INFO 5:07:23 PM] symbols.hidesExplorerArrows changed, updating to false
[INFO 5:07:23 PM] symbols.folders.associations changed, updating to undefined
[INFO 5:07:23 PM] symbols.files.associations changed, updating to undefined
[INFO 5:07:23 PM] symbols.hidesExplorerArrows changed, updating to false
[INFO 5:07:23 PM] symbols.folders.associations changed, updating to undefined
[INFO 5:07:23 PM] symbols.files.associations changed, updating to undefined
[INFO 5:07:39 PM] symbols.hidesExplorerArrows changed, updating to false
[INFO 5:07:39 PM] symbols.folders.associations changed, updating to undefined
[INFO 5:07:39 PM] symbols.files.associations changed, updating to undefined
[INFO 5:07:45 PM] symbols.hidesExplorerArrows changed, updating to false
[INFO 5:07:45 PM] symbols.folders.associations changed, updating to undefined
[INFO 5:07:45 PM] symbols.files.associations changed, updating to undefined
[INFO 5:07:47 PM] symbols.hidesExplorerArrows changed, updating to false
[INFO 5:07:47 PM] symbols.folders.associations changed, updating to undefined
[INFO 5:07:47 PM] symbols.files.associations changed, updating to undefined
[INFO 5:07:47 PM] symbols.hidesExplorerArrows changed, updating to false
[INFO 5:07:47 PM] symbols.folders.associations changed, updating to undefined
[INFO 5:07:47 PM] symbols.files.associations changed, updating to undefined
[INFO 5:08:05 PM] symbols.hidesExplorerArrows changed, updating to false
[INFO 5:08:05 PM] symbols.folders.associations changed, updating to undefined
[INFO 5:08:05 PM] symbols.files.associations changed, updating to undefined
[INFO 5:08:06 PM] symbols.hidesExplorerArrows changed, updating to false
[INFO 5:08:06 PM] symbols.folders.associations changed, updating to undefined
[INFO 5:08:06 PM] symbols.files.associations changed, updating to undefined
[INFO 5:08:34 PM] symbols.hidesExplorerArrows changed, updating to false
[INFO 5:08:34 PM] symbols.folders.associations changed, updating to undefined
[INFO 5:08:34 PM] symbols.files.associations changed, updating to undefined
[INFO 5:09:49 PM] symbols.hidesExplorerArrows changed, updating to false
[INFO 5:09:49 PM] symbols.folders.associations changed, updating to undefined
[INFO 5:09:49 PM] symbols.files.associations changed, updating to undefined
[INFO 5:09:50 PM] symbols.hidesExplorerArrows changed, updating to false
[INFO 5:09:50 PM] symbols.folders.associations changed, updating to undefined
[INFO 5:09:50 PM] symbols.files.associations changed, updating to undefined
[INFO 5:10:10 PM] symbols.hidesExplorerArrows changed, updating to false
[INFO 5:10:10 PM] symbols.folders.associations changed, updating to undefined
[INFO 5:10:10 PM] symbols.files.associations changed, updating to undefined
[INFO 5:10:18 PM] symbols.hidesExplorerArrows changed, updating to false
[INFO 5:10:18 PM] symbols.folders.associations changed, updating to undefined
[INFO 5:10:18 PM] symbols.files.associations changed, updating to undefined
[INFO 5:10:28 PM] symbols.hidesExplorerArrows changed, updating to false
[INFO 5:10:28 PM] symbols.folders.associations changed, updating to undefined
[INFO 5:10:28 PM] symbols.files.associations changed, updating to undefined
[INFO 5:10:32 PM] symbols.hidesExplorerArrows changed, updating to false
[INFO 5:10:32 PM] symbols.folders.associations changed, updating to undefined
[INFO 5:10:32 PM] symbols.files.associations changed, updating to undefined
[INFO 5:10:52 PM] symbols.hidesExplorerArrows changed, updating to false
[INFO 5:10:52 PM] symbols.folders.associations changed, updating to undefined
[INFO 5:10:52 PM] symbols.files.associations changed, updating to undefined
[INFO 5:11:28 PM] symbols.hidesExplorerArrows changed, updating to false
[INFO 5:11:28 PM] symbols.folders.associations changed, updating to undefined
[INFO 5:11:28 PM] symbols.files.associations changed, updating to undefined
[INFO 5:11:37 PM] symbols.hidesExplorerArrows changed, updating to false
[INFO 5:11:37 PM] symbols.folders.associations changed, updating to undefined
[INFO 5:11:37 PM] symbols.files.associations changed, updating to undefined
[INFO 5:11:56 PM] symbols.hidesExplorerArrows changed, updating to false
[INFO 5:11:56 PM] symbols.folders.associations changed, updating to undefined
[INFO 5:11:56 PM] symbols.files.associations changed, updating to undefined
[INFO 5:12:04 PM] symbols.hidesExplorerArrows changed, updating to false
[INFO 5:12:04 PM] symbols.folders.associations changed, updating to undefined
[INFO 5:12:04 PM] symbols.files.associations changed, updating to undefined
[INFO 5:12:13 PM] symbols.hidesExplorerArrows changed, updating to false
[INFO 5:12:13 PM] symbols.folders.associations changed, updating to undefined
[INFO 5:12:13 PM] symbols.files.associations changed, updating to undefined
[INFO 5:12:35 PM] symbols.hidesExplorerArrows changed, updating to false
[INFO 5:12:35 PM] symbols.folders.associations changed, updating to undefined
[INFO 5:12:35 PM] symbols.files.associations changed, updating to undefined
[INFO 5:12:37 PM] symbols.hidesExplorerArrows changed, updating to false
[INFO 5:12:37 PM] symbols.folders.associations changed, updating to undefined
[INFO 5:12:37 PM] symbols.files.associations changed, updating to undefined
[INFO 5:13:09 PM] symbols.hidesExplorerArrows changed, updating to false
[INFO 5:13:09 PM] symbols.folders.associations changed, updating to undefined
[INFO 5:13:09 PM] symbols.files.associations changed, updating to undefined
[INFO 5:13:53 PM] symbols.hidesExplorerArrows changed, updating to false
[INFO 5:13:53 PM] symbols.folders.associations changed, updating to undefined
[INFO 5:13:53 PM] symbols.files.associations changed, updating to undefined
[INFO 5:14:01 PM] symbols.hidesExplorerArrows changed, updating to false
[INFO 5:14:01 PM] symbols.folders.associations changed, updating to undefined
[INFO 5:14:01 PM] symbols.files.associations changed, updating to undefined
[INFO 5:14:07 PM] symbols.hidesExplorerArrows changed, updating to false
[INFO 5:14:07 PM] symbols.folders.associations changed, updating to undefined
[INFO 5:14:07 PM] symbols.files.associations changed, updating to undefined
[INFO 5:14:22 PM] symbols.hidesExplorerArrows changed, updating to false
[INFO 5:14:22 PM] symbols.folders.associations changed, updating to undefined
[INFO 5:14:22 PM] symbols.files.associations changed, updating to undefined
[INFO 5:14:23 PM] symbols.hidesExplorerArrows changed, updating to false
[INFO 5:14:23 PM] symbols.folders.associations changed, updating to undefined
[INFO 5:14:23 PM] symbols.files.associations changed, updating to undefined
[INFO 5:15:30 PM] symbols.hidesExplorerArrows changed, updating to false
[INFO 5:15:30 PM] symbols.folders.associations changed, updating to undefined
[INFO 5:15:30 PM] symbols.files.associations changed, updating to undefined
[INFO 5:15:33 PM] symbols.hidesExplorerArrows changed, updating to false
[INFO 5:15:33 PM] symbols.folders.associations changed, updating to undefined
[INFO 5:15:33 PM] symbols.files.associations changed, updating to undefined
[INFO 5:16:06 PM] symbols.hidesExplorerArrows changed, updating to false
[INFO 5:16:06 PM] symbols.folders.associations changed, updating to undefined
[INFO 5:16:06 PM] symbols.files.associations changed, updating to undefined
[INFO 5:16:44 PM] symbols.hidesExplorerArrows changed, updating to false
[INFO 5:16:44 PM] symbols.folders.associations changed, updating to undefined
[INFO 5:16:44 PM] symbols.files.associations changed, updating to undefined
[INFO 5:16:44 PM] symbols.hidesExplorerArrows changed, updating to false
[INFO 5:16:44 PM] symbols.folders.associations changed, updating to undefined
[INFO 5:16:44 PM] symbols.files.associations changed, updating to undefined
[INFO 5:17:27 PM] symbols.hidesExplorerArrows changed, updating to false
[INFO 5:17:27 PM] symbols.folders.associations changed, updating to undefined
[INFO 5:17:27 PM] symbols.files.associations changed, updating to undefined
[INFO 5:17:28 PM] symbols.hidesExplorerArrows changed, updating to false
[INFO 5:17:28 PM] symbols.folders.associations changed, updating to undefined
[INFO 5:17:28 PM] symbols.files.associations changed, updating to undefined
[INFO 5:17:53 PM] symbols.hidesExplorerArrows changed, updating to false
[INFO 5:17:53 PM] symbols.folders.associations changed, updating to undefined
[INFO 5:17:53 PM] symbols.files.associations changed, updating to undefined
[INFO 5:17:53 PM] symbols.hidesExplorerArrows changed, updating to false
[INFO 5:17:53 PM] symbols.folders.associations changed, updating to undefined
[INFO 5:17:53 PM] symbols.files.associations changed, updating to undefined
[INFO 5:17:56 PM] symbols.hidesExplorerArrows changed, updating to false
[INFO 5:17:56 PM] symbols.folders.associations changed, updating to undefined
[INFO 5:17:56 PM] symbols.files.associations changed, updating to undefined
[INFO 5:20:48 PM] symbols.hidesExplorerArrows changed, updating to false
[INFO 5:20:48 PM] symbols.folders.associations changed, updating to undefined
[INFO 5:20:48 PM] symbols.files.associations changed, updating to undefined
[INFO 5:21:35 PM] symbols.hidesExplorerArrows changed, updating to false
[INFO 5:21:35 PM] symbols.folders.associations changed, updating to undefined
[INFO 5:21:35 PM] symbols.files.associations changed, updating to undefined
[INFO 5:21:41 PM] symbols.hidesExplorerArrows changed, updating to false
[INFO 5:21:41 PM] symbols.folders.associations changed, updating to undefined
[INFO 5:21:41 PM] symbols.files.associations changed, updating to undefined
[INFO 5:24:29 PM] symbols.hidesExplorerArrows changed, updating to false
[INFO 5:24:29 PM] symbols.folders.associations changed, updating to undefined
[INFO 5:24:29 PM] symbols.files.associations changed, updating to undefined
[INFO 5:25:30 PM] symbols.hidesExplorerArrows changed, updating to false
[INFO 5:25:30 PM] symbols.folders.associations changed, updating to undefined
[INFO 5:25:30 PM] symbols.files.associations changed, updating to undefined
[INFO 5:25:37 PM] symbols.hidesExplorerArrows changed, updating to false
[INFO 5:25:37 PM] symbols.folders.associations changed, updating to undefined
[INFO 5:25:37 PM] symbols.files.associations changed, updating to undefined
