2025-04-08 11:38:01.789 [info] Extension host with pid 3364 started
2025-04-08 11:38:01.789 [info] Skipping acquiring lock for /home/sam/.config/Code - OSS/User/workspaceStorage/e5597ff50ac45f6cafb46bce19d5cc13.
2025-04-08 11:38:01.830 [info] ExtensionService#_doActivateExtension vscode.emmet, startup: false, activationEvent: 'onLanguage'
2025-04-08 11:38:01.841 [info] ExtensionService#_doActivateExtension vscode.html-language-features, startup: false, activationEvent: 'onLanguage:html'
2025-04-08 11:38:01.990 [info] ExtensionService#_doActivateExtension vscode.configuration-editing, startup: false, activationEvent: 'onLanguage:jsonc'
2025-04-08 11:38:01.994 [info] ExtensionService#_doActivateExtension vscode.json-language-features, startup: false, activationEvent: 'onLanguage:jsonc'
2025-04-08 11:38:02.023 [info] ExtensionService#_doActivateExtension vscode.typescript-language-features, startup: false, activationEvent: 'onLanguage:jsonc'
2025-04-08 11:38:02.122 [info] ExtensionService#_doActivateExtension vscode.git-base, startup: true, activationEvent: '*', root cause: vscode.git
2025-04-08 11:38:02.131 [info] ExtensionService#_doActivateExtension vscode.git, startup: true, activationEvent: '*'
2025-04-08 11:38:02.154 [info] ExtensionService#_doActivateExtension vscode.github, startup: true, activationEvent: '*'
2025-04-08 11:38:02.188 [info] Eager extensions activated
2025-04-08 11:38:02.195 [info] ExtensionService#_doActivateExtension vscode.debug-auto-launch, startup: false, activationEvent: 'onStartupFinished'
2025-04-08 11:38:02.196 [info] ExtensionService#_doActivateExtension vscode.merge-conflict, startup: false, activationEvent: 'onStartupFinished'
2025-04-08 11:38:02.205 [info] ExtensionService#_doActivateExtension castrogusttavo.symbols, startup: false, activationEvent: 'onStartupFinished'
2025-04-08 11:38:02.207 [info] ExtensionService#_doActivateExtension ecmel.vscode-html-css, startup: false, activationEvent: 'onStartupFinished'
2025-04-08 11:38:02.208 [info] ExtensionService#_doActivateExtension esbenp.prettier-vscode, startup: false, activationEvent: 'onStartupFinished'
2025-04-08 11:38:02.243 [info] ExtensionService#_doActivateExtension formulahendry.code-runner, startup: false, activationEvent: 'onStartupFinished'
2025-04-08 11:38:02.251 [info] ExtensionService#_doActivateExtension vadimcn.vscode-lldb, startup: false, activationEvent: 'onStartupFinished', root cause: franneck94.vscode-c-cpp-config
2025-04-08 11:38:02.259 [info] ExtensionService#_doActivateExtension vscode.github-authentication, startup: false, activationEvent: 'onStartupFinished', root cause: GitHub.vscode-pull-request-github
2025-04-08 11:38:02.269 [info] ExtensionService#_doActivateExtension ritwickdey.LiveServer, startup: false, activationEvent: 'onStartupFinished'
2025-04-08 11:38:02.308 [info] ExtensionService#_doActivateExtension franneck94.vscode-c-cpp-config, startup: false, activationEvent: 'onStartupFinished'
2025-04-08 11:38:02.309 [info] ExtensionService#_doActivateExtension GitHub.vscode-pull-request-github, startup: false, activationEvent: 'onStartupFinished'
2025-04-08 11:38:02.398 [error] Activating extension GitHub.vscode-pull-request-github failed due to an error:
2025-04-08 11:38:02.398 [error] Error: Extension 'GitHub.vscode-pull-request-github' CANNOT use API proposal: diffCommand.
Its package.json#enabledApiProposals-property declares:  but NOT diffCommand.
 The missing proposal MUST be added and you must start in extension development mode or use the following command line switch: --enable-proposed-api GitHub.vscode-pull-request-github
	at R (file:///usr/lib/code/out/vs/workbench/api/node/extensionHostProcess.js:105:19265)
	at Object.registerDiffInformationCommand (file:///usr/lib/code/out/vs/workbench/api/node/extensionHostProcess.js:173:30058)
	at K0 (/home/sam/.vscode-oss/extensions/github.vscode-pull-request-github-0.108.0-universal/dist/extension.js:2177:2008)
	at L4 (/home/sam/.vscode-oss/extensions/github.vscode-pull-request-github-0.108.0-universal/dist/extension.js:2517:4466)
	at G4 (/home/sam/.vscode-oss/extensions/github.vscode-pull-request-github-0.108.0-universal/dist/extension.js:2517:9072)
	at async V4 (/home/sam/.vscode-oss/extensions/github.vscode-pull-request-github-0.108.0-universal/dist/extension.js:2517:6078)
	at async cw.n (file:///usr/lib/code/out/vs/workbench/api/node/extensionHostProcess.js:111:13415)
	at async cw.m (file:///usr/lib/code/out/vs/workbench/api/node/extensionHostProcess.js:111:13378)
	at async cw.l (file:///usr/lib/code/out/vs/workbench/api/node/extensionHostProcess.js:111:12834)
2025-04-08 11:45:21.189 [info] ExtensionService#_doActivateExtension vscode.css-language-features, startup: false, activationEvent: 'onLanguage:css'
2025-04-08 11:59:39.720 [error] [ecmel.vscode-html-css] provider FAILED
2025-04-08 11:59:39.720 [error] undefined
2025-04-08 11:59:39.775 [error] [ecmel.vscode-html-css] provider FAILED
2025-04-08 11:59:39.775 [error] undefined
2025-04-08 12:03:31.429 [error] [ecmel.vscode-html-css] provider FAILED
2025-04-08 12:03:31.429 [error] undefined
2025-04-08 12:14:11.407 [error] [ecmel.vscode-html-css] provider FAILED
2025-04-08 12:14:11.407 [error] undefined
2025-04-08 12:14:13.681 [error] [ecmel.vscode-html-css] provider FAILED
2025-04-08 12:14:13.681 [error] undefined
2025-04-08 12:16:52.663 [error] [ecmel.vscode-html-css] provider FAILED
2025-04-08 12:16:52.663 [error] undefined
2025-04-08 12:16:53.173 [error] [ecmel.vscode-html-css] provider FAILED
2025-04-08 12:16:53.173 [error] undefined
2025-04-08 12:18:13.776 [error] [ecmel.vscode-html-css] provider FAILED
2025-04-08 12:18:13.776 [error] undefined
2025-04-08 12:18:44.352 [error] [ecmel.vscode-html-css] provider FAILED
2025-04-08 12:18:44.352 [error] undefined
2025-04-08 12:18:44.746 [error] [ecmel.vscode-html-css] provider FAILED
2025-04-08 12:18:44.746 [error] undefined
2025-04-08 12:37:00.663 [error] [ecmel.vscode-html-css] provider FAILED
2025-04-08 12:37:00.663 [error] undefined
2025-04-08 12:37:14.363 [info] Extension host terminating: renderer closed the MessagePort
2025-04-08 12:37:14.371 [info] Extension host with pid 3364 exiting with code 0
