2025-04-09 18:44:56.144 [info] Extension host with pid 4060 started
2025-04-09 18:44:56.144 [info] Skipping acquiring lock for /home/sam/.config/Code - OSS/User/workspaceStorage/f4b05a63969cf4ddd0cb643afc04a4c2.
2025-04-09 18:44:56.207 [info] ExtensionService#_doActivateExtension vscode.emmet, startup: false, activationEvent: 'onLanguage'
2025-04-09 18:44:56.217 [info] ExtensionService#_doActivateExtension vscode.html-language-features, startup: false, activationEvent: 'onLanguage:html'
2025-04-09 18:44:56.267 [info] ExtensionService#_doActivateExtension vscode.configuration-editing, startup: false, activationEvent: 'onLanguage:jsonc'
2025-04-09 18:44:56.271 [info] ExtensionService#_doActivateExtension vscode.json-language-features, startup: false, activationEvent: 'onLanguage:jsonc'
2025-04-09 18:44:56.298 [info] ExtensionService#_doActivateExtension vscode.typescript-language-features, startup: false, activationEvent: 'onLanguage:jsonc'
2025-04-09 18:44:56.478 [info] ExtensionService#_doActivateExtension vscode.git-base, startup: true, activationEvent: '*', root cause: vscode.git
2025-04-09 18:44:56.488 [info] ExtensionService#_doActivateExtension vscode.git, startup: true, activationEvent: '*'
2025-04-09 18:44:56.509 [info] ExtensionService#_doActivateExtension vscode.github, startup: true, activationEvent: '*'
2025-04-09 18:44:56.534 [info] Eager extensions activated
2025-04-09 18:44:56.540 [info] ExtensionService#_doActivateExtension vscode.debug-auto-launch, startup: false, activationEvent: 'onStartupFinished'
2025-04-09 18:44:56.541 [info] ExtensionService#_doActivateExtension vscode.merge-conflict, startup: false, activationEvent: 'onStartupFinished'
2025-04-09 18:44:56.550 [info] ExtensionService#_doActivateExtension castrogusttavo.symbols, startup: false, activationEvent: 'onStartupFinished'
2025-04-09 18:44:56.552 [info] ExtensionService#_doActivateExtension ecmel.vscode-html-css, startup: false, activationEvent: 'onStartupFinished'
2025-04-09 18:44:56.552 [info] ExtensionService#_doActivateExtension esbenp.prettier-vscode, startup: false, activationEvent: 'onStartupFinished'
2025-04-09 18:44:56.586 [info] ExtensionService#_doActivateExtension formulahendry.code-runner, startup: false, activationEvent: 'onStartupFinished'
2025-04-09 18:44:56.592 [info] ExtensionService#_doActivateExtension vadimcn.vscode-lldb, startup: false, activationEvent: 'onStartupFinished', root cause: franneck94.vscode-c-cpp-config
2025-04-09 18:44:56.599 [info] ExtensionService#_doActivateExtension vscode.github-authentication, startup: false, activationEvent: 'onStartupFinished', root cause: GitHub.vscode-pull-request-github
2025-04-09 18:44:56.611 [info] ExtensionService#_doActivateExtension ritwickdey.LiveServer, startup: false, activationEvent: 'onStartupFinished'
2025-04-09 18:44:56.646 [info] ExtensionService#_doActivateExtension franneck94.vscode-c-cpp-config, startup: false, activationEvent: 'onStartupFinished'
2025-04-09 18:44:56.648 [info] ExtensionService#_doActivateExtension GitHub.vscode-pull-request-github, startup: false, activationEvent: 'onStartupFinished'
2025-04-09 18:44:56.751 [error] Activating extension GitHub.vscode-pull-request-github failed due to an error:
2025-04-09 18:44:56.751 [error] Error: Extension 'GitHub.vscode-pull-request-github' CANNOT use API proposal: diffCommand.
Its package.json#enabledApiProposals-property declares:  but NOT diffCommand.
 The missing proposal MUST be added and you must start in extension development mode or use the following command line switch: --enable-proposed-api GitHub.vscode-pull-request-github
	at R (file:///usr/lib/code/out/vs/workbench/api/node/extensionHostProcess.js:105:19265)
	at Object.registerDiffInformationCommand (file:///usr/lib/code/out/vs/workbench/api/node/extensionHostProcess.js:173:30058)
	at K0 (/home/sam/.vscode-oss/extensions/github.vscode-pull-request-github-0.108.0-universal/dist/extension.js:2177:2008)
	at L4 (/home/sam/.vscode-oss/extensions/github.vscode-pull-request-github-0.108.0-universal/dist/extension.js:2517:4466)
	at G4 (/home/sam/.vscode-oss/extensions/github.vscode-pull-request-github-0.108.0-universal/dist/extension.js:2517:9072)
	at async V4 (/home/sam/.vscode-oss/extensions/github.vscode-pull-request-github-0.108.0-universal/dist/extension.js:2517:6078)
	at async cw.n (file:///usr/lib/code/out/vs/workbench/api/node/extensionHostProcess.js:111:13415)
	at async cw.m (file:///usr/lib/code/out/vs/workbench/api/node/extensionHostProcess.js:111:13378)
	at async cw.l (file:///usr/lib/code/out/vs/workbench/api/node/extensionHostProcess.js:111:12834)
2025-04-09 18:45:00.711 [error] [ecmel.vscode-html-css] provider FAILED
2025-04-09 18:45:00.711 [error] undefined
2025-04-09 18:45:38.064 [error] [ecmel.vscode-html-css] provider FAILED
2025-04-09 18:45:38.064 [error] undefined
2025-04-09 18:47:06.192 [info] ExtensionService#_doActivateExtension vscode.css-language-features, startup: false, activationEvent: 'onLanguage:css'
2025-04-09 18:51:16.634 [info] Extension host terminating: renderer closed the MessagePort
2025-04-09 18:51:16.644 [info] Extension host with pid 4060 exiting with code 0
