[2025-Jan-07 16:06:29.356 +01:00][ 2334: 2334][info ] Logging initialized
[2025-Jan-07 16:06:29.356 +01:00][ 2334: 2334][info ] Initializing krisp SDK...
[2025-Jan-07 16:06:29.356 +01:00][ 2334: 2334][info ] DoKrispInitialize
[2025-Jan-07 16:06:29.564 +01:00][ 2334: 2334][info ] LoadDynamicKrisp
[2025-Jan-07 16:06:29.564 +01:00][ 2334: 2334][info ] Did not find KRISP_DYLIB_PATH, skipping dynamic loading
[2025-Jan-07 16:06:29.564 +01:00][ 2334: 2334][info ] Initializing Krisp SDK in PID 2334, addr 0x7f17d09906f0
[2025-Jan-07 16:06:29.677 +01:00][ 2334: 2334][info ] Initialized Krisp SDK successfully
[2025-Jan-07 16:06:29.677 +01:00][ 2334: 2334][info ] Krisp SDK initialized
[2025-Jan-07 20:06:29.640 +01:00][ 1974: 1974][info ] Logging initialized
[2025-Jan-07 20:06:29.640 +01:00][ 1974: 1974][info ] Initializing krisp SDK...
[2025-Jan-07 20:06:29.640 +01:00][ 1974: 1974][info ] DoKrispInitialize
[2025-Jan-07 20:06:29.844 +01:00][ 1974: 1974][info ] LoadDynamicKrisp
[2025-Jan-07 20:06:29.844 +01:00][ 1974: 1974][info ] Did not find KRISP_DYLIB_PATH, skipping dynamic loading
[2025-Jan-07 20:06:29.844 +01:00][ 1974: 1974][info ] Initializing Krisp SDK in PID 1974, addr 0x7fd621d906f0
[2025-Jan-07 20:06:29.969 +01:00][ 1974: 1974][info ] Initialized Krisp SDK successfully
[2025-Jan-07 20:06:29.969 +01:00][ 1974: 1974][info ] Krisp SDK initialized
[2025-Jan-07 20:06:30.834 +01:00][ 1974: 1974][info ] Logging initialized
[2025-Jan-07 20:06:30.834 +01:00][ 1974: 1974][info ] Initializing krisp SDK...
[2025-Jan-07 20:06:30.834 +01:00][ 1974: 1974][info ] Krisp SDK initialized
[2025-Jan-07 20:07:00.074 +01:00][ 1974: 2136][info ] KrispNCSetup: sampleRate = 48000, duration = 10
[2025-Jan-07 20:07:00.074 +01:00][ 1974: 2136][info ] Setting Krisp model: full_NC
[2025-Jan-07 20:07:00.091 +01:00][ 1974: 2136][info ] KrispVADSetup: sampleRate = 48000, duration = 10
[2025-Jan-07 20:07:03.425 +01:00][ 1974: 2128][info ] KrispVADReset
[2025-Jan-07 20:07:11.660 +01:00][ 1974: 2136][info ] KrispVADSetup: sampleRate = 48000, duration = 10
[2025-Jan-07 20:07:24.141 +01:00][ 1974: 2136][info ] KrispVADSetup: sampleRate = 48000, duration = 10
[2025-Jan-07 20:07:35.772 +01:00][ 1974: 2128][info ] KrispVADReset
[2025-Jan-07 21:25:00.821 +01:00][ 2559: 2559][info ] Logging initialized
[2025-Jan-07 21:25:00.821 +01:00][ 2559: 2559][info ] Initializing krisp SDK...
[2025-Jan-07 21:25:00.821 +01:00][ 2559: 2559][info ] DoKrispInitialize
[2025-Jan-07 21:25:01.024 +01:00][ 2559: 2559][info ] LoadDynamicKrisp
[2025-Jan-07 21:25:01.024 +01:00][ 2559: 2559][info ] Did not find KRISP_DYLIB_PATH, skipping dynamic loading
[2025-Jan-07 21:25:01.024 +01:00][ 2559: 2559][info ] Initializing Krisp SDK in PID 2559, addr 0x7777f79906f0
[2025-Jan-07 21:25:01.150 +01:00][ 2559: 2559][info ] Initialized Krisp SDK successfully
[2025-Jan-07 21:25:01.150 +01:00][ 2559: 2559][info ] Krisp SDK initialized
[2025-Jan-07 21:25:06.817 +01:00][ 2559: 2603][info ] KrispNCSetup: sampleRate = 48000, duration = 10
[2025-Jan-07 21:25:06.817 +01:00][ 2559: 2603][info ] Setting Krisp model: full_NC
[2025-Jan-07 21:27:08.137 +01:00][ 2910: 2910][info ] Logging initialized
[2025-Jan-07 21:27:08.137 +01:00][ 2910: 2910][info ] Initializing krisp SDK...
[2025-Jan-07 21:27:08.137 +01:00][ 2910: 2910][info ] DoKrispInitialize
[2025-Jan-07 21:27:08.343 +01:00][ 2910: 2910][info ] LoadDynamicKrisp
[2025-Jan-07 21:27:08.343 +01:00][ 2910: 2910][info ] Did not find KRISP_DYLIB_PATH, skipping dynamic loading
[2025-Jan-07 21:27:08.343 +01:00][ 2910: 2910][info ] Initializing Krisp SDK in PID 2910, addr 0x70e8afd906f0
[2025-Jan-07 21:27:08.452 +01:00][ 2910: 2910][info ] Initialized Krisp SDK successfully
[2025-Jan-07 21:27:08.452 +01:00][ 2910: 2910][info ] Krisp SDK initialized
[2025-Jan-07 21:27:09.881 +01:00][ 2910: 2955][info ] KrispNCSetup: sampleRate = 48000, duration = 10
[2025-Jan-07 21:27:09.881 +01:00][ 2910: 2955][info ] Setting Krisp model: full_NC
[2025-Jan-07 21:27:27.312 +01:00][ 3111: 3111][info ] Logging initialized
[2025-Jan-07 21:27:27.312 +01:00][ 3111: 3111][info ] Initializing krisp SDK...
[2025-Jan-07 21:27:27.312 +01:00][ 3111: 3111][info ] DoKrispInitialize
[2025-Jan-07 21:27:27.519 +01:00][ 3111: 3111][info ] LoadDynamicKrisp
[2025-Jan-07 21:27:27.519 +01:00][ 3111: 3111][info ] Did not find KRISP_DYLIB_PATH, skipping dynamic loading
[2025-Jan-07 21:27:27.519 +01:00][ 3111: 3111][info ] Initializing Krisp SDK in PID 3111, addr 0x772c4cb906f0
[2025-Jan-07 21:27:27.629 +01:00][ 3111: 3111][info ] Initialized Krisp SDK successfully
[2025-Jan-07 21:27:27.629 +01:00][ 3111: 3111][info ] Krisp SDK initialized
[2025-Jan-07 21:27:30.376 +01:00][ 3111: 3160][info ] KrispNCSetup: sampleRate = 48000, duration = 10
[2025-Jan-07 21:27:30.376 +01:00][ 3111: 3160][info ] Setting Krisp model: full_NC
[2025-Jan-08 10:01:10.833 +01:00][15206:15206][info ] Logging initialized
[2025-Jan-08 10:01:10.833 +01:00][15206:15206][info ] Initializing krisp SDK...
[2025-Jan-08 10:01:10.833 +01:00][15206:15206][info ] DoKrispInitialize
[2025-Jan-08 10:01:11.050 +01:00][15206:15206][info ] LoadDynamicKrisp
[2025-Jan-08 10:01:11.050 +01:00][15206:15206][info ] Did not find KRISP_DYLIB_PATH, skipping dynamic loading
[2025-Jan-08 10:01:11.050 +01:00][15206:15206][info ] Initializing Krisp SDK in PID 15206, addr 0x7c72457906f0
[2025-Jan-08 10:01:11.171 +01:00][15206:15206][info ] Initialized Krisp SDK successfully
[2025-Jan-08 10:01:11.171 +01:00][15206:15206][info ] Krisp SDK initialized
[2025-Jan-09 10:10:47.661 +01:00][25806:25806][info ] Logging initialized
[2025-Jan-09 10:10:47.661 +01:00][25806:25806][info ] Initializing krisp SDK...
[2025-Jan-09 10:10:47.661 +01:00][25806:25806][info ] DoKrispInitialize
[2025-Jan-09 10:10:47.874 +01:00][25806:25806][info ] LoadDynamicKrisp
[2025-Jan-09 10:10:47.874 +01:00][25806:25806][info ] Did not find KRISP_DYLIB_PATH, skipping dynamic loading
[2025-Jan-09 10:10:47.874 +01:00][25806:25806][info ] Initializing Krisp SDK in PID 25806, addr 0x725168b906f0
[2025-Jan-09 10:10:48.001 +01:00][25806:25806][info ] Initialized Krisp SDK successfully
[2025-Jan-09 10:10:48.001 +01:00][25806:25806][info ] Krisp SDK initialized
[2025-Jan-10 18:23:36.100 +01:00][25806:25848][info ] KrispNCSetup: sampleRate = 48000, duration = 10
[2025-Jan-10 18:23:36.100 +01:00][25806:25848][info ] Setting Krisp model: full_NC
[2025-Jan-10 22:38:30.568 +01:00][ 4083: 4083][info ] Logging initialized
[2025-Jan-10 22:38:30.568 +01:00][ 4083: 4083][info ] Initializing krisp SDK...
[2025-Jan-10 22:38:30.568 +01:00][ 4083: 4083][info ] DoKrispInitialize
[2025-Jan-10 22:38:30.779 +01:00][ 4083: 4083][info ] LoadDynamicKrisp
[2025-Jan-10 22:38:30.779 +01:00][ 4083: 4083][info ] Did not find KRISP_DYLIB_PATH, skipping dynamic loading
[2025-Jan-10 22:38:30.779 +01:00][ 4083: 4083][info ] Initializing Krisp SDK in PID 4083, addr 0x7c297b7906f0
[2025-Jan-10 22:38:30.906 +01:00][ 4083: 4083][info ] Initialized Krisp SDK successfully
[2025-Jan-10 22:38:30.906 +01:00][ 4083: 4083][info ] Krisp SDK initialized
[2025-Jan-11 00:37:19.251 +01:00][10399:10399][info ] Logging initialized
[2025-Jan-11 00:37:19.251 +01:00][10399:10399][info ] Initializing krisp SDK...
[2025-Jan-11 00:37:19.251 +01:00][10399:10399][info ] DoKrispInitialize
[2025-Jan-11 00:37:19.461 +01:00][10399:10399][info ] LoadDynamicKrisp
[2025-Jan-11 00:37:19.461 +01:00][10399:10399][info ] Did not find KRISP_DYLIB_PATH, skipping dynamic loading
[2025-Jan-11 00:37:19.461 +01:00][10399:10399][info ] Initializing Krisp SDK in PID 10399, addr 0x7a10ca5906f0
[2025-Jan-11 00:37:19.586 +01:00][10399:10399][info ] Initialized Krisp SDK successfully
[2025-Jan-11 00:37:19.586 +01:00][10399:10399][info ] Krisp SDK initialized
[2025-Jan-11 13:25:04.133 +01:00][14590:14590][info ] Logging initialized
[2025-Jan-11 13:25:04.133 +01:00][14590:14590][info ] Initializing krisp SDK...
[2025-Jan-11 13:25:04.133 +01:00][14590:14590][info ] DoKrispInitialize
[2025-Jan-11 13:25:04.338 +01:00][14590:14590][info ] LoadDynamicKrisp
[2025-Jan-11 13:25:04.338 +01:00][14590:14590][info ] Did not find KRISP_DYLIB_PATH, skipping dynamic loading
[2025-Jan-11 13:25:04.338 +01:00][14590:14590][info ] Initializing Krisp SDK in PID 14590, addr 0x783dc05906f0
[2025-Jan-11 13:25:04.463 +01:00][14590:14590][info ] Initialized Krisp SDK successfully
[2025-Jan-11 13:25:04.463 +01:00][14590:14590][info ] Krisp SDK initialized
[2025-Jan-13 10:10:37.696 +01:00][ 6721: 6721][info ] Logging initialized
[2025-Jan-13 10:10:37.696 +01:00][ 6721: 6721][info ] Initializing krisp SDK...
[2025-Jan-13 10:10:37.696 +01:00][ 6721: 6721][info ] DoKrispInitialize
[2025-Jan-13 10:10:37.912 +01:00][ 6721: 6721][info ] LoadDynamicKrisp
[2025-Jan-13 10:10:37.912 +01:00][ 6721: 6721][info ] Did not find KRISP_DYLIB_PATH, skipping dynamic loading
[2025-Jan-13 10:10:37.912 +01:00][ 6721: 6721][info ] Initializing Krisp SDK in PID 6721, addr 0x745d6b1906f0
[2025-Jan-13 10:10:38.038 +01:00][ 6721: 6721][info ] Initialized Krisp SDK successfully
[2025-Jan-13 10:10:38.038 +01:00][ 6721: 6721][info ] Krisp SDK initialized
[2025-Jan-13 16:45:13.476 +01:00][16207:16207][info ] Logging initialized
[2025-Jan-13 16:45:13.476 +01:00][16207:16207][info ] Initializing krisp SDK...
[2025-Jan-13 16:45:13.476 +01:00][16207:16207][info ] DoKrispInitialize
[2025-Jan-13 16:45:13.682 +01:00][16207:16207][info ] LoadDynamicKrisp
[2025-Jan-13 16:45:13.682 +01:00][16207:16207][info ] Did not find KRISP_DYLIB_PATH, skipping dynamic loading
[2025-Jan-13 16:45:13.682 +01:00][16207:16207][info ] Initializing Krisp SDK in PID 16207, addr 0x7d388dd906f0
[2025-Jan-13 16:45:13.810 +01:00][16207:16207][info ] Initialized Krisp SDK successfully
[2025-Jan-13 16:45:13.810 +01:00][16207:16207][info ] Krisp SDK initialized
[2025-Jan-14 09:12:51.033 +01:00][ 2745: 2745][info ] Logging initialized
[2025-Jan-14 09:12:51.033 +01:00][ 2745: 2745][info ] Initializing krisp SDK...
[2025-Jan-14 09:12:51.033 +01:00][ 2745: 2745][info ] DoKrispInitialize
[2025-Jan-14 09:12:51.243 +01:00][ 2745: 2745][info ] LoadDynamicKrisp
[2025-Jan-14 09:12:51.243 +01:00][ 2745: 2745][info ] Did not find KRISP_DYLIB_PATH, skipping dynamic loading
[2025-Jan-14 09:12:51.243 +01:00][ 2745: 2745][info ] Initializing Krisp SDK in PID 2745, addr 0x7bbcd8b906f0
[2025-Jan-14 09:12:51.355 +01:00][ 2745: 2745][info ] Initialized Krisp SDK successfully
[2025-Jan-14 09:12:51.355 +01:00][ 2745: 2745][info ] Krisp SDK initialized
[2025-Jan-14 14:05:54.809 +01:00][ 4060: 4060][info ] Logging initialized
[2025-Jan-14 14:05:54.809 +01:00][ 4060: 4060][info ] Initializing krisp SDK...
[2025-Jan-14 14:05:54.809 +01:00][ 4060: 4060][info ] DoKrispInitialize
[2025-Jan-14 14:05:55.017 +01:00][ 4060: 4060][info ] LoadDynamicKrisp
[2025-Jan-14 14:05:55.017 +01:00][ 4060: 4060][info ] Did not find KRISP_DYLIB_PATH, skipping dynamic loading
[2025-Jan-14 14:05:55.017 +01:00][ 4060: 4060][info ] Initializing Krisp SDK in PID 4060, addr 0x7c5b327906f0
[2025-Jan-14 14:05:55.144 +01:00][ 4060: 4060][info ] Initialized Krisp SDK successfully
[2025-Jan-14 14:05:55.144 +01:00][ 4060: 4060][info ] Krisp SDK initialized
[2025-Jan-14 15:01:29.172 +01:00][ 4060: 4104][info ] KrispNCSetup: sampleRate = 48000, duration = 10
[2025-Jan-14 15:01:29.172 +01:00][ 4060: 4104][info ] Setting Krisp model: full_NC
[2025-Jan-14 20:43:53.564 +01:00][ 4980: 4980][info ] Logging initialized
[2025-Jan-14 20:43:53.564 +01:00][ 4980: 4980][info ] Initializing krisp SDK...
[2025-Jan-14 20:43:53.564 +01:00][ 4980: 4980][info ] DoKrispInitialize
[2025-Jan-14 20:43:53.770 +01:00][ 4980: 4980][info ] LoadDynamicKrisp
[2025-Jan-14 20:43:53.770 +01:00][ 4980: 4980][info ] Did not find KRISP_DYLIB_PATH, skipping dynamic loading
[2025-Jan-14 20:43:53.770 +01:00][ 4980: 4980][info ] Initializing Krisp SDK in PID 4980, addr 0x6fff685906f0
[2025-Jan-14 20:43:53.897 +01:00][ 4980: 4980][info ] Initialized Krisp SDK successfully
[2025-Jan-14 20:43:53.897 +01:00][ 4980: 4980][info ] Krisp SDK initialized
[2025-Jan-14 20:44:15.329 +01:00][ 4980: 5013][info ] KrispNCSetup: sampleRate = 48000, duration = 10
[2025-Jan-14 20:44:15.329 +01:00][ 4980: 5013][info ] Setting Krisp model: full_NC
[2025-Jan-15 09:19:28.523 +01:00][ 4382: 4382][info ] Logging initialized
[2025-Jan-15 09:19:28.523 +01:00][ 4382: 4382][info ] Initializing krisp SDK...
[2025-Jan-15 09:19:28.523 +01:00][ 4382: 4382][info ] DoKrispInitialize
[2025-Jan-15 09:19:28.734 +01:00][ 4382: 4382][info ] LoadDynamicKrisp
[2025-Jan-15 09:19:28.734 +01:00][ 4382: 4382][info ] Did not find KRISP_DYLIB_PATH, skipping dynamic loading
[2025-Jan-15 09:19:28.734 +01:00][ 4382: 4382][info ] Initializing Krisp SDK in PID 4382, addr 0x7fd1cbf906f0
[2025-Jan-15 09:19:28.859 +01:00][ 4382: 4382][info ] Initialized Krisp SDK successfully
[2025-Jan-15 09:19:28.859 +01:00][ 4382: 4382][info ] Krisp SDK initialized
[2025-Jan-16 11:50:12.797 +01:00][20459:20459][info ] Logging initialized
[2025-Jan-16 11:50:12.797 +01:00][20459:20459][info ] Initializing krisp SDK...
[2025-Jan-16 11:50:12.797 +01:00][20459:20459][info ] DoKrispInitialize
[2025-Jan-16 11:50:13.005 +01:00][20459:20459][info ] LoadDynamicKrisp
[2025-Jan-16 11:50:13.005 +01:00][20459:20459][info ] Did not find KRISP_DYLIB_PATH, skipping dynamic loading
[2025-Jan-16 11:50:13.005 +01:00][20459:20459][info ] Initializing Krisp SDK in PID 20459, addr 0x79d9e13906f0
[2025-Jan-16 11:50:13.132 +01:00][20459:20459][info ] Initialized Krisp SDK successfully
[2025-Jan-16 11:50:13.132 +01:00][20459:20459][info ] Krisp SDK initialized
[2025-Jan-17 10:36:42.153 +01:00][13861:13861][info ] Logging initialized
[2025-Jan-17 10:36:42.153 +01:00][13861:13861][info ] Initializing krisp SDK...
[2025-Jan-17 10:36:42.153 +01:00][13861:13861][info ] DoKrispInitialize
[2025-Jan-17 10:36:42.364 +01:00][13861:13861][info ] LoadDynamicKrisp
[2025-Jan-17 10:36:42.364 +01:00][13861:13861][info ] Did not find KRISP_DYLIB_PATH, skipping dynamic loading
[2025-Jan-17 10:36:42.364 +01:00][13861:13861][info ] Initializing Krisp SDK in PID 13861, addr 0x77eeadb906f0
[2025-Jan-17 10:36:42.501 +01:00][13861:13861][info ] Initialized Krisp SDK successfully
[2025-Jan-17 10:36:42.501 +01:00][13861:13861][info ] Krisp SDK initialized
[2025-Jan-18 23:06:38.005 +01:00][ 5368: 5368][info ] Logging initialized
[2025-Jan-18 23:06:38.005 +01:00][ 5368: 5368][info ] Initializing krisp SDK...
[2025-Jan-18 23:06:38.005 +01:00][ 5368: 5368][info ] DoKrispInitialize
[2025-Jan-18 23:06:38.214 +01:00][ 5368: 5368][info ] LoadDynamicKrisp
[2025-Jan-18 23:06:38.214 +01:00][ 5368: 5368][info ] Did not find KRISP_DYLIB_PATH, skipping dynamic loading
[2025-Jan-18 23:06:38.214 +01:00][ 5368: 5368][info ] Initializing Krisp SDK in PID 5368, addr 0x6f71813906f0
[2025-Jan-18 23:06:38.342 +01:00][ 5368: 5368][info ] Initialized Krisp SDK successfully
[2025-Jan-18 23:06:38.342 +01:00][ 5368: 5368][info ] Krisp SDK initialized
[2025-Jan-20 09:12:09.279 +01:00][ 2889: 2889][info ] Logging initialized
[2025-Jan-20 09:12:09.279 +01:00][ 2889: 2889][info ] Initializing krisp SDK...
[2025-Jan-20 09:12:09.279 +01:00][ 2889: 2889][info ] DoKrispInitialize
[2025-Jan-20 09:12:09.486 +01:00][ 2889: 2889][info ] LoadDynamicKrisp
[2025-Jan-20 09:12:09.486 +01:00][ 2889: 2889][info ] Did not find KRISP_DYLIB_PATH, skipping dynamic loading
[2025-Jan-20 09:12:09.486 +01:00][ 2889: 2889][info ] Initializing Krisp SDK in PID 2889, addr 0x7e23e0b906f0
[2025-Jan-20 09:12:09.614 +01:00][ 2889: 2889][info ] Initialized Krisp SDK successfully
[2025-Jan-20 09:12:09.614 +01:00][ 2889: 2889][info ] Krisp SDK initialized
[2025-Jan-20 14:28:41.318 +01:00][ 9146: 9146][info ] Logging initialized
[2025-Jan-20 14:28:41.318 +01:00][ 9146: 9146][info ] Initializing krisp SDK...
[2025-Jan-20 14:28:41.318 +01:00][ 9146: 9146][info ] DoKrispInitialize
[2025-Jan-20 14:28:41.522 +01:00][ 9146: 9146][info ] LoadDynamicKrisp
[2025-Jan-20 14:28:41.522 +01:00][ 9146: 9146][info ] Did not find KRISP_DYLIB_PATH, skipping dynamic loading
[2025-Jan-20 14:28:41.522 +01:00][ 9146: 9146][info ] Initializing Krisp SDK in PID 9146, addr 0x7c635fd906f0
[2025-Jan-20 14:28:41.649 +01:00][ 9146: 9146][info ] Initialized Krisp SDK successfully
[2025-Jan-20 14:28:41.649 +01:00][ 9146: 9146][info ] Krisp SDK initialized
[2025-Jan-20 20:49:31.075 +01:00][ 8596: 8596][info ] Logging initialized
[2025-Jan-20 20:49:31.075 +01:00][ 8596: 8596][info ] Initializing krisp SDK...
[2025-Jan-20 20:49:31.075 +01:00][ 8596: 8596][info ] DoKrispInitialize
[2025-Jan-20 20:49:31.284 +01:00][ 8596: 8596][info ] LoadDynamicKrisp
[2025-Jan-20 20:49:31.284 +01:00][ 8596: 8596][info ] Did not find KRISP_DYLIB_PATH, skipping dynamic loading
[2025-Jan-20 20:49:31.284 +01:00][ 8596: 8596][info ] Initializing Krisp SDK in PID 8596, addr 0x7252de7906f0
[2025-Jan-20 20:49:31.408 +01:00][ 8596: 8596][info ] Initialized Krisp SDK successfully
[2025-Jan-20 20:49:31.408 +01:00][ 8596: 8596][info ] Krisp SDK initialized
[2025-Jan-21 10:02:47.981 +01:00][ 7588: 7588][info ] Logging initialized
[2025-Jan-21 10:02:47.982 +01:00][ 7588: 7588][info ] Initializing krisp SDK...
[2025-Jan-21 10:02:47.982 +01:00][ 7588: 7588][info ] DoKrispInitialize
[2025-Jan-21 10:02:48.186 +01:00][ 7588: 7588][info ] LoadDynamicKrisp
[2025-Jan-21 10:02:48.186 +01:00][ 7588: 7588][info ] Did not find KRISP_DYLIB_PATH, skipping dynamic loading
[2025-Jan-21 10:02:48.186 +01:00][ 7588: 7588][info ] Initializing Krisp SDK in PID 7588, addr 0x7241c51906f0
[2025-Jan-21 10:02:48.305 +01:00][ 7588: 7588][info ] Initialized Krisp SDK successfully
[2025-Jan-21 10:02:48.305 +01:00][ 7588: 7588][info ] Krisp SDK initialized
[2025-Jan-22 10:03:21.393 +01:00][16083:16083][info ] Logging initialized
[2025-Jan-22 10:03:21.393 +01:00][16083:16083][info ] Initializing krisp SDK...
[2025-Jan-22 10:03:21.393 +01:00][16083:16083][info ] DoKrispInitialize
[2025-Jan-22 10:03:21.599 +01:00][16083:16083][info ] LoadDynamicKrisp
[2025-Jan-22 10:03:21.599 +01:00][16083:16083][info ] Did not find KRISP_DYLIB_PATH, skipping dynamic loading
[2025-Jan-22 10:03:21.599 +01:00][16083:16083][info ] Initializing Krisp SDK in PID 16083, addr 0x773a887906f0
[2025-Jan-22 10:03:21.726 +01:00][16083:16083][info ] Initialized Krisp SDK successfully
[2025-Jan-22 10:03:21.726 +01:00][16083:16083][info ] Krisp SDK initialized
[2025-Jan-23 09:38:46.489 +01:00][ 8858: 8858][info ] Logging initialized
[2025-Jan-23 09:38:46.489 +01:00][ 8858: 8858][info ] Initializing krisp SDK...
[2025-Jan-23 09:38:46.489 +01:00][ 8858: 8858][info ] DoKrispInitialize
[2025-Jan-23 09:38:46.710 +01:00][ 8858: 8858][info ] LoadDynamicKrisp
[2025-Jan-23 09:38:46.710 +01:00][ 8858: 8858][info ] Did not find KRISP_DYLIB_PATH, skipping dynamic loading
[2025-Jan-23 09:38:46.710 +01:00][ 8858: 8858][info ] Initializing Krisp SDK in PID 8858, addr 0x728fc95906f0
[2025-Jan-23 09:38:46.822 +01:00][ 8858: 8858][info ] Initialized Krisp SDK successfully
[2025-Jan-23 09:38:46.822 +01:00][ 8858: 8858][info ] Krisp SDK initialized
[2025-Jan-23 21:19:40.273 +01:00][ 8858: 8893][info ] KrispNCSetup: sampleRate = 48000, duration = 10
[2025-Jan-23 21:19:40.273 +01:00][ 8858: 8893][info ] Setting Krisp model: full_NC
[2025-Jan-23 21:52:08.221 +01:00][ 2777: 2777][info ] Logging initialized
[2025-Jan-23 21:52:08.221 +01:00][ 2777: 2777][info ] Initializing krisp SDK...
[2025-Jan-23 21:52:08.221 +01:00][ 2777: 2777][info ] DoKrispInitialize
[2025-Jan-23 21:52:08.425 +01:00][ 2777: 2777][info ] LoadDynamicKrisp
[2025-Jan-23 21:52:08.425 +01:00][ 2777: 2777][info ] Did not find KRISP_DYLIB_PATH, skipping dynamic loading
[2025-Jan-23 21:52:08.425 +01:00][ 2777: 2777][info ] Initializing Krisp SDK in PID 2777, addr 0x7fbb2d3906f0
[2025-Jan-23 21:52:08.548 +01:00][ 2777: 2777][info ] Initialized Krisp SDK successfully
[2025-Jan-23 21:52:08.548 +01:00][ 2777: 2777][info ] Krisp SDK initialized
[2025-Jan-24 12:40:59.247 +01:00][46708:46708][info ] Logging initialized
[2025-Jan-24 12:40:59.247 +01:00][46708:46708][info ] Initializing krisp SDK...
[2025-Jan-24 12:40:59.247 +01:00][46708:46708][info ] DoKrispInitialize
[2025-Jan-24 12:40:59.451 +01:00][46708:46708][info ] LoadDynamicKrisp
[2025-Jan-24 12:40:59.451 +01:00][46708:46708][info ] Did not find KRISP_DYLIB_PATH, skipping dynamic loading
[2025-Jan-24 12:40:59.451 +01:00][46708:46708][info ] Initializing Krisp SDK in PID 46708, addr 0x797e4cd906f0
[2025-Jan-24 12:40:59.576 +01:00][46708:46708][info ] Initialized Krisp SDK successfully
[2025-Jan-24 12:40:59.576 +01:00][46708:46708][info ] Krisp SDK initialized
[2025-Jan-29 16:08:35.089 +01:00][58943:58943][info ] Logging initialized
[2025-Jan-29 16:08:35.089 +01:00][58943:58943][info ] Initializing krisp SDK...
[2025-Jan-29 16:08:35.089 +01:00][58943:58943][info ] DoKrispInitialize
[2025-Jan-29 16:08:35.302 +01:00][58943:58943][info ] LoadDynamicKrisp
[2025-Jan-29 16:08:35.302 +01:00][58943:58943][info ] Did not find KRISP_DYLIB_PATH, skipping dynamic loading
[2025-Jan-29 16:08:35.302 +01:00][58943:58943][info ] Initializing Krisp SDK in PID 58943, addr 0x71e9bdf906f0
[2025-Jan-29 16:08:35.412 +01:00][58943:58943][info ] Initialized Krisp SDK successfully
[2025-Jan-29 16:08:35.412 +01:00][58943:58943][info ] Krisp SDK initialized
[2025-Jan-30 14:09:35.044 +01:00][55766:55766][info ] Logging initialized
[2025-Jan-30 14:09:35.044 +01:00][55766:55766][info ] Initializing krisp SDK...
[2025-Jan-30 14:09:35.044 +01:00][55766:55766][info ] DoKrispInitialize
[2025-Jan-30 14:09:35.262 +01:00][55766:55766][info ] LoadDynamicKrisp
[2025-Jan-30 14:09:35.262 +01:00][55766:55766][info ] Did not find KRISP_DYLIB_PATH, skipping dynamic loading
[2025-Jan-30 14:09:35.262 +01:00][55766:55766][info ] Initializing Krisp SDK in PID 55766, addr 0x7298e0b906f0
[2025-Jan-30 14:09:35.381 +01:00][55766:55766][info ] Initialized Krisp SDK successfully
[2025-Jan-30 14:09:35.381 +01:00][55766:55766][info ] Krisp SDK initialized
[2025-Jan-30 15:20:36.322 +01:00][ 3138: 3138][info ] Logging initialized
[2025-Jan-30 15:20:36.322 +01:00][ 3138: 3138][info ] Initializing krisp SDK...
[2025-Jan-30 15:20:36.322 +01:00][ 3138: 3138][info ] DoKrispInitialize
[2025-Jan-30 15:20:36.529 +01:00][ 3138: 3138][info ] LoadDynamicKrisp
[2025-Jan-30 15:20:36.529 +01:00][ 3138: 3138][info ] Did not find KRISP_DYLIB_PATH, skipping dynamic loading
[2025-Jan-30 15:20:36.529 +01:00][ 3138: 3138][info ] Initializing Krisp SDK in PID 3138, addr 0x7dbdd0d906f0
[2025-Jan-30 15:20:36.657 +01:00][ 3138: 3138][info ] Initialized Krisp SDK successfully
[2025-Jan-30 15:20:36.658 +01:00][ 3138: 3138][info ] Krisp SDK initialized
[2025-Jan-31 20:57:58.753 +01:00][ 2627: 2627][info ] Logging initialized
[2025-Jan-31 20:57:58.753 +01:00][ 2627: 2627][info ] Initializing krisp SDK...
[2025-Jan-31 20:57:58.753 +01:00][ 2627: 2627][info ] DoKrispInitialize
[2025-Jan-31 20:57:58.965 +01:00][ 2627: 2627][info ] LoadDynamicKrisp
[2025-Jan-31 20:57:58.965 +01:00][ 2627: 2627][info ] Did not find KRISP_DYLIB_PATH, skipping dynamic loading
[2025-Jan-31 20:57:58.965 +01:00][ 2627: 2627][info ] Initializing Krisp SDK in PID 2627, addr 0x731a835906f0
[2025-Jan-31 20:57:59.091 +01:00][ 2627: 2627][info ] Initialized Krisp SDK successfully
[2025-Jan-31 20:57:59.091 +01:00][ 2627: 2627][info ] Krisp SDK initialized
[2025-Feb-08 14:49:24.044 +01:00][ 1386: 1386][info ] Logging initialized
[2025-Feb-08 14:49:24.044 +01:00][ 1386: 1386][info ] Initializing krisp SDK...
[2025-Feb-08 14:49:24.044 +01:00][ 1386: 1386][info ] DoKrispInitialize
[2025-Feb-08 14:49:24.253 +01:00][ 1386: 1386][info ] LoadDynamicKrisp
[2025-Feb-08 14:49:24.253 +01:00][ 1386: 1386][info ] Did not find KRISP_DYLIB_PATH, skipping dynamic loading
[2025-Feb-08 14:49:24.253 +01:00][ 1386: 1386][info ] Initializing Krisp SDK in PID 1386, addr 0x7a310f9906f0
[2025-Feb-08 14:49:24.366 +01:00][ 1386: 1386][info ] Initialized Krisp SDK successfully
[2025-Feb-08 14:49:24.366 +01:00][ 1386: 1386][info ] Krisp SDK initialized
[2025-Mar-26 19:12:52.160 +01:00][54494:54494][info ] Logging initialized
[2025-Mar-26 19:12:52.160 +01:00][54494:54494][info ] Initializing krisp SDK...
[2025-Mar-26 19:12:52.160 +01:00][54494:54494][info ] DoKrispInitialize
[2025-Mar-26 19:12:52.370 +01:00][54494:54494][info ] LoadDynamicKrisp
[2025-Mar-26 19:12:52.370 +01:00][54494:54494][info ] Did not find KRISP_DYLIB_PATH, skipping dynamic loading
[2025-Mar-26 19:12:52.370 +01:00][54494:54494][info ] Initializing Krisp SDK in PID 54494, addr 0x7dc334d908f0
[2025-Mar-26 19:12:52.484 +01:00][54494:54494][info ] Initialized Krisp SDK successfully
[2025-Mar-26 19:12:52.484 +01:00][54494:54494][info ] Krisp SDK initialized
[2025-Mar-26 19:21:14.857 +01:00][ 1963: 1963][info ] Logging initialized
[2025-Mar-26 19:21:14.857 +01:00][ 1963: 1963][info ] Initializing krisp SDK...
[2025-Mar-26 19:21:14.857 +01:00][ 1963: 1963][info ] DoKrispInitialize
[2025-Mar-26 19:21:15.064 +01:00][ 1963: 1963][info ] LoadDynamicKrisp
[2025-Mar-26 19:21:15.064 +01:00][ 1963: 1963][info ] Did not find KRISP_DYLIB_PATH, skipping dynamic loading
[2025-Mar-26 19:21:15.064 +01:00][ 1963: 1963][info ] Initializing Krisp SDK in PID 1963, addr 0x73a8193908f0
[2025-Mar-26 19:21:15.192 +01:00][ 1963: 1963][info ] Initialized Krisp SDK successfully
[2025-Mar-26 19:21:15.192 +01:00][ 1963: 1963][info ] Krisp SDK initialized
[2025-Mar-26 20:46:59.256 +01:00][ 2423: 2423][info ] Logging initialized
[2025-Mar-26 20:46:59.256 +01:00][ 2423: 2423][info ] Initializing krisp SDK...
[2025-Mar-26 20:46:59.256 +01:00][ 2423: 2423][info ] DoKrispInitialize
[2025-Mar-26 20:46:59.473 +01:00][ 2423: 2423][info ] LoadDynamicKrisp
[2025-Mar-26 20:46:59.473 +01:00][ 2423: 2423][info ] Did not find KRISP_DYLIB_PATH, skipping dynamic loading
[2025-Mar-26 20:46:59.473 +01:00][ 2423: 2423][info ] Initializing Krisp SDK in PID 2423, addr 0x7435f73908f0
[2025-Mar-26 20:46:59.594 +01:00][ 2423: 2423][info ] Initialized Krisp SDK successfully
[2025-Mar-26 20:46:59.594 +01:00][ 2423: 2423][info ] Krisp SDK initialized
[2025-Mar-26 20:47:04.769 +01:00][ 2423: 2470][info ] KrispNCSetup: sampleRate = 48000, duration = 10
[2025-Mar-26 20:47:04.769 +01:00][ 2423: 2470][info ] Setting Krisp model: full_NC
[2025-Mar-27 21:15:19.636 +01:00][ 2281: 2281][info ] Logging initialized
[2025-Mar-27 21:15:19.636 +01:00][ 2281: 2281][info ] Initializing krisp SDK...
[2025-Mar-27 21:15:19.636 +01:00][ 2281: 2281][info ] DoKrispInitialize
[2025-Mar-27 21:15:19.851 +01:00][ 2281: 2281][info ] LoadDynamicKrisp
[2025-Mar-27 21:15:19.851 +01:00][ 2281: 2281][info ] Did not find KRISP_DYLIB_PATH, skipping dynamic loading
[2025-Mar-27 21:15:19.851 +01:00][ 2281: 2281][info ] Initializing Krisp SDK in PID 2281, addr 0x75e8049908f0
[2025-Mar-27 21:15:19.989 +01:00][ 2281: 2281][info ] Initialized Krisp SDK successfully
[2025-Mar-27 21:15:19.989 +01:00][ 2281: 2281][info ] Krisp SDK initialized
[2025-Mar-27 21:15:33.816 +01:00][ 2281: 2316][info ] KrispNCSetup: sampleRate = 48000, duration = 10
[2025-Mar-27 21:15:33.816 +01:00][ 2281: 2316][info ] Setting Krisp model: full_NC
[2025-Mar-28 01:23:42.016 +01:00][ 2281: 2316][info ] KrispNCReset
[2025-Mar-28 01:23:42.016 +01:00][ 2281: 2316][info ] KrispNCSetup: sampleRate = 8000, duration = 10
[2025-Mar-28 01:23:42.016 +01:00][ 2281: 2316][info ] Setting Krisp model: small_NC_8k
[2025-Mar-28 01:27:52.014 +01:00][ 2281: 2316][info ] KrispNCReset
[2025-Mar-28 01:27:52.014 +01:00][ 2281: 2316][info ] KrispNCSetup: sampleRate = 48000, duration = 10
[2025-Mar-28 01:27:52.014 +01:00][ 2281: 2316][info ] Setting Krisp model: full_NC
[2025-Mar-29 21:29:54.505 +01:00][ 1578: 1578][info ] Logging initialized
[2025-Mar-29 21:29:54.505 +01:00][ 1578: 1578][info ] Initializing krisp SDK...
[2025-Mar-29 21:29:54.505 +01:00][ 1578: 1578][info ] DoKrispInitialize
[2025-Mar-29 21:29:54.715 +01:00][ 1578: 1578][info ] LoadDynamicKrisp
[2025-Mar-29 21:29:54.715 +01:00][ 1578: 1578][info ] Did not find KRISP_DYLIB_PATH, skipping dynamic loading
[2025-Mar-29 21:29:54.715 +01:00][ 1578: 1578][info ] Initializing Krisp SDK in PID 1578, addr 0x72219d9908f0
[2025-Mar-29 21:29:54.845 +01:00][ 1578: 1578][info ] Initialized Krisp SDK successfully
[2025-Mar-29 21:29:54.845 +01:00][ 1578: 1578][info ] Krisp SDK initialized
[2025-Mar-29 21:30:18.808 +01:00][ 1578: 1610][info ] KrispNCSetup: sampleRate = 48000, duration = 10
[2025-Mar-29 21:30:18.808 +01:00][ 1578: 1610][info ] Setting Krisp model: full_NC
[2025-Mar-30 01:28:39.298 +01:00][ 1560: 1560][info ] Logging initialized
[2025-Mar-30 01:28:39.298 +01:00][ 1560: 1560][info ] Initializing krisp SDK...
[2025-Mar-30 01:28:39.298 +01:00][ 1560: 1560][info ] DoKrispInitialize
[2025-Mar-30 01:28:39.506 +01:00][ 1560: 1560][info ] LoadDynamicKrisp
[2025-Mar-30 01:28:39.506 +01:00][ 1560: 1560][info ] Did not find KRISP_DYLIB_PATH, skipping dynamic loading
[2025-Mar-30 01:28:39.506 +01:00][ 1560: 1560][info ] Initializing Krisp SDK in PID 1560, addr 0x71d0181908f0
[2025-Mar-30 01:28:39.634 +01:00][ 1560: 1560][info ] Initialized Krisp SDK successfully
[2025-Mar-30 01:28:39.634 +01:00][ 1560: 1560][info ] Krisp SDK initialized
[2025-Mar-30 01:28:48.853 +01:00][ 1560: 1605][info ] KrispNCSetup: sampleRate = 48000, duration = 10
[2025-Mar-30 01:28:48.853 +01:00][ 1560: 1605][info ] Setting Krisp model: full_NC
[2025-Mar-30 20:48:30.262 +02:00][ 1710: 1710][info ] Logging initialized
[2025-Mar-30 20:48:30.262 +02:00][ 1710: 1710][info ] Initializing krisp SDK...
[2025-Mar-30 20:48:30.262 +02:00][ 1710: 1710][info ] DoKrispInitialize
[2025-Mar-30 20:48:30.471 +02:00][ 1710: 1710][info ] LoadDynamicKrisp
[2025-Mar-30 20:48:30.471 +02:00][ 1710: 1710][info ] Did not find KRISP_DYLIB_PATH, skipping dynamic loading
[2025-Mar-30 20:48:30.471 +02:00][ 1710: 1710][info ] Initializing Krisp SDK in PID 1710, addr 0x75b69ab908f0
[2025-Mar-30 20:48:30.596 +02:00][ 1710: 1710][info ] Initialized Krisp SDK successfully
[2025-Mar-30 20:48:30.596 +02:00][ 1710: 1710][info ] Krisp SDK initialized
[2025-Mar-30 20:51:10.969 +02:00][ 1710: 1753][info ] KrispNCSetup: sampleRate = 48000, duration = 10
[2025-Mar-30 20:51:10.969 +02:00][ 1710: 1753][info ] Setting Krisp model: full_NC
[2025-Mar-30 20:51:25.742 +02:00][ 1710: 1753][info ] KrispVADSetup: sampleRate = 48000, duration = 10
[2025-Mar-30 20:51:29.965 +02:00][ 1710: 1730][info ] KrispVADReset
[2025-Mar-31 10:15:16.657 +02:00][ 2736: 2736][info ] Logging initialized
[2025-Mar-31 10:15:16.657 +02:00][ 2736: 2736][info ] Initializing krisp SDK...
[2025-Mar-31 10:15:16.657 +02:00][ 2736: 2736][info ] DoKrispInitialize
[2025-Mar-31 10:15:16.872 +02:00][ 2736: 2736][info ] LoadDynamicKrisp
[2025-Mar-31 10:15:16.872 +02:00][ 2736: 2736][info ] Did not find KRISP_DYLIB_PATH, skipping dynamic loading
[2025-Mar-31 10:15:16.872 +02:00][ 2736: 2736][info ] Initializing Krisp SDK in PID 2736, addr 0x7ef8863908f0
[2025-Mar-31 10:15:16.999 +02:00][ 2736: 2736][info ] Initialized Krisp SDK successfully
[2025-Mar-31 10:15:16.999 +02:00][ 2736: 2736][info ] Krisp SDK initialized
[2025-Mar-31 14:26:12.163 +02:00][25206:25206][info ] Logging initialized
[2025-Mar-31 14:26:12.163 +02:00][25206:25206][info ] Initializing krisp SDK...
[2025-Mar-31 14:26:12.163 +02:00][25206:25206][info ] DoKrispInitialize
[2025-Mar-31 14:26:12.375 +02:00][25206:25206][info ] LoadDynamicKrisp
[2025-Mar-31 14:26:12.376 +02:00][25206:25206][info ] Did not find KRISP_DYLIB_PATH, skipping dynamic loading
[2025-Mar-31 14:26:12.376 +02:00][25206:25206][info ] Initializing Krisp SDK in PID 25206, addr 0x70aeb81908f0
[2025-Mar-31 14:26:12.505 +02:00][25206:25206][info ] Initialized Krisp SDK successfully
[2025-Mar-31 14:26:12.505 +02:00][25206:25206][info ] Krisp SDK initialized
[2025-Apr-05 22:45:04.716 +02:00][ 2200: 2200][info ] Logging initialized
[2025-Apr-05 22:45:04.716 +02:00][ 2200: 2200][info ] Initializing krisp SDK...
[2025-Apr-05 22:45:04.716 +02:00][ 2200: 2200][info ] DoKrispInitialize
[2025-Apr-05 22:45:04.929 +02:00][ 2200: 2200][info ] LoadDynamicKrisp
[2025-Apr-05 22:45:04.929 +02:00][ 2200: 2200][info ] Did not find KRISP_DYLIB_PATH, skipping dynamic loading
[2025-Apr-05 22:45:04.929 +02:00][ 2200: 2200][info ] Initializing Krisp SDK in PID 2200, addr 0x78e73df908f0
[2025-Apr-05 22:45:05.042 +02:00][ 2200: 2200][info ] Initialized Krisp SDK successfully
[2025-Apr-05 22:45:05.042 +02:00][ 2200: 2200][info ] Krisp SDK initialized
[2025-Apr-05 22:45:19.659 +02:00][ 2200: 2235][info ] KrispNCSetup: sampleRate = 48000, duration = 10
[2025-Apr-05 22:45:19.659 +02:00][ 2200: 2235][info ] Setting Krisp model: full_NC
[2025-Apr-05 23:00:58.767 +02:00][ 1767: 1767][info ] Logging initialized
[2025-Apr-05 23:00:58.767 +02:00][ 1767: 1767][info ] Initializing krisp SDK...
[2025-Apr-05 23:00:58.767 +02:00][ 1767: 1767][info ] DoKrispInitialize
[2025-Apr-05 23:00:58.979 +02:00][ 1767: 1767][info ] LoadDynamicKrisp
[2025-Apr-05 23:00:58.979 +02:00][ 1767: 1767][info ] Did not find KRISP_DYLIB_PATH, skipping dynamic loading
[2025-Apr-05 23:00:58.979 +02:00][ 1767: 1767][info ] Initializing Krisp SDK in PID 1767, addr 0x7906aff908f0
[2025-Apr-05 23:00:59.110 +02:00][ 1767: 1767][info ] Initialized Krisp SDK successfully
[2025-Apr-05 23:00:59.110 +02:00][ 1767: 1767][info ] Krisp SDK initialized
[2025-Apr-05 23:01:16.270 +02:00][ 1767: 1813][info ] KrispNCSetup: sampleRate = 48000, duration = 10
[2025-Apr-05 23:01:16.270 +02:00][ 1767: 1813][info ] Setting Krisp model: full_NC
[2025-Apr-05 23:40:49.066 +02:00][ 6070: 6070][info ] Logging initialized
[2025-Apr-05 23:40:49.066 +02:00][ 6070: 6070][info ] Initializing krisp SDK...
[2025-Apr-05 23:40:49.066 +02:00][ 6070: 6070][info ] DoKrispInitialize
[2025-Apr-05 23:40:49.289 +02:00][ 6070: 6070][info ] LoadDynamicKrisp
[2025-Apr-05 23:40:49.289 +02:00][ 6070: 6070][info ] Did not find KRISP_DYLIB_PATH, skipping dynamic loading
[2025-Apr-05 23:40:49.289 +02:00][ 6070: 6070][info ] Initializing Krisp SDK in PID 6070, addr 0x725178d908f0
[2025-Apr-05 23:40:49.411 +02:00][ 6070: 6070][info ] Initialized Krisp SDK successfully
[2025-Apr-05 23:40:49.411 +02:00][ 6070: 6070][info ] Krisp SDK initialized
[2025-Apr-05 23:40:56.288 +02:00][ 6070: 6112][info ] KrispNCSetup: sampleRate = 48000, duration = 10
[2025-Apr-05 23:40:56.289 +02:00][ 6070: 6112][info ] Setting Krisp model: full_NC
[2025-Apr-06 00:19:18.741 +02:00][ 2287: 2287][info ] Logging initialized
[2025-Apr-06 00:19:18.741 +02:00][ 2287: 2287][info ] Initializing krisp SDK...
[2025-Apr-06 00:19:18.741 +02:00][ 2287: 2287][info ] DoKrispInitialize
[2025-Apr-06 00:19:18.954 +02:00][ 2287: 2287][info ] LoadDynamicKrisp
[2025-Apr-06 00:19:18.954 +02:00][ 2287: 2287][info ] Did not find KRISP_DYLIB_PATH, skipping dynamic loading
[2025-Apr-06 00:19:18.954 +02:00][ 2287: 2287][info ] Initializing Krisp SDK in PID 2287, addr 0x7496713908f0
[2025-Apr-06 00:19:19.074 +02:00][ 2287: 2287][info ] Initialized Krisp SDK successfully
[2025-Apr-06 00:19:19.074 +02:00][ 2287: 2287][info ] Krisp SDK initialized
[2025-Apr-06 20:51:38.747 +02:00][ 1648: 1648][info ] Logging initialized
[2025-Apr-06 20:51:38.747 +02:00][ 1648: 1648][info ] Initializing krisp SDK...
[2025-Apr-06 20:51:38.747 +02:00][ 1648: 1648][info ] DoKrispInitialize
[2025-Apr-06 20:51:38.960 +02:00][ 1648: 1648][info ] LoadDynamicKrisp
[2025-Apr-06 20:51:38.960 +02:00][ 1648: 1648][info ] Did not find KRISP_DYLIB_PATH, skipping dynamic loading
[2025-Apr-06 20:51:38.960 +02:00][ 1648: 1648][info ] Initializing Krisp SDK in PID 1648, addr 0x73556ff908f0
[2025-Apr-06 20:51:39.089 +02:00][ 1648: 1648][info ] Initialized Krisp SDK successfully
[2025-Apr-06 20:51:39.089 +02:00][ 1648: 1648][info ] Krisp SDK initialized
[2025-Apr-06 20:51:47.844 +02:00][ 1648: 1692][info ] KrispNCSetup: sampleRate = 48000, duration = 10
[2025-Apr-06 20:51:47.844 +02:00][ 1648: 1692][info ] Setting Krisp model: full_NC
[2025-Apr-07 19:04:24.944 +02:00][ 2511: 2511][info ] Logging initialized
[2025-Apr-07 19:04:24.944 +02:00][ 2511: 2511][info ] Initializing krisp SDK...
[2025-Apr-07 19:04:24.944 +02:00][ 2511: 2511][info ] DoKrispInitialize
[2025-Apr-07 19:04:25.159 +02:00][ 2511: 2511][info ] LoadDynamicKrisp
[2025-Apr-07 19:04:25.159 +02:00][ 2511: 2511][info ] Did not find KRISP_DYLIB_PATH, skipping dynamic loading
[2025-Apr-07 19:04:25.159 +02:00][ 2511: 2511][info ] Initializing Krisp SDK in PID 2511, addr 0x7e51207908f0
[2025-Apr-07 19:04:25.286 +02:00][ 2511: 2511][info ] Initialized Krisp SDK successfully
[2025-Apr-07 19:04:25.286 +02:00][ 2511: 2511][info ] Krisp SDK initialized
[2025-Apr-07 20:15:45.171 +02:00][ 1798: 1798][info ] Logging initialized
[2025-Apr-07 20:15:45.171 +02:00][ 1798: 1798][info ] Initializing krisp SDK...
[2025-Apr-07 20:15:45.171 +02:00][ 1798: 1798][info ] DoKrispInitialize
[2025-Apr-07 20:15:45.382 +02:00][ 1798: 1798][info ] LoadDynamicKrisp
[2025-Apr-07 20:15:45.382 +02:00][ 1798: 1798][info ] Did not find KRISP_DYLIB_PATH, skipping dynamic loading
[2025-Apr-07 20:15:45.382 +02:00][ 1798: 1798][info ] Initializing Krisp SDK in PID 1798, addr 0x7ca4443908f0
[2025-Apr-07 20:15:45.509 +02:00][ 1798: 1798][info ] Initialized Krisp SDK successfully
[2025-Apr-07 20:15:45.509 +02:00][ 1798: 1798][info ] Krisp SDK initialized
[2025-Apr-07 21:19:00.177 +02:00][ 1798: 1852][info ] KrispNCSetup: sampleRate = 48000, duration = 10
[2025-Apr-07 21:19:00.177 +02:00][ 1798: 1852][info ] Setting Krisp model: full_NC
[2025-Apr-07 21:44:14.553 +02:00][ 1672: 1672][info ] Logging initialized
[2025-Apr-07 21:44:14.553 +02:00][ 1672: 1672][info ] Initializing krisp SDK...
[2025-Apr-07 21:44:14.553 +02:00][ 1672: 1672][info ] DoKrispInitialize
[2025-Apr-07 21:44:14.759 +02:00][ 1672: 1672][info ] LoadDynamicKrisp
[2025-Apr-07 21:44:14.759 +02:00][ 1672: 1672][info ] Did not find KRISP_DYLIB_PATH, skipping dynamic loading
[2025-Apr-07 21:44:14.759 +02:00][ 1672: 1672][info ] Initializing Krisp SDK in PID 1672, addr 0x71dade1908f0
[2025-Apr-07 21:44:14.884 +02:00][ 1672: 1672][info ] Initialized Krisp SDK successfully
[2025-Apr-07 21:44:14.884 +02:00][ 1672: 1672][info ] Krisp SDK initialized
[2025-Apr-07 21:44:17.933 +02:00][ 1672: 1719][info ] KrispNCSetup: sampleRate = 48000, duration = 10
[2025-Apr-07 21:44:17.933 +02:00][ 1672: 1719][info ] Setting Krisp model: full_NC
[2025-Apr-07 22:17:27.515 +02:00][ 1672: 1719][info ] KrispVADSetup: sampleRate = 48000, duration = 10
[2025-Apr-07 22:17:41.464 +02:00][ 1672: 1692][info ] KrispVADReset
[2025-Apr-07 22:17:43.195 +02:00][ 1672: 1719][info ] KrispVADSetup: sampleRate = 48000, duration = 10
[2025-Apr-07 22:18:09.961 +02:00][ 1672: 1692][info ] KrispVADReset
[2025-Apr-08 11:34:25.276 +02:00][ 1884: 1884][info ] Logging initialized
[2025-Apr-08 11:34:25.276 +02:00][ 1884: 1884][info ] Initializing krisp SDK...
[2025-Apr-08 11:34:25.276 +02:00][ 1884: 1884][info ] DoKrispInitialize
[2025-Apr-08 11:34:25.484 +02:00][ 1884: 1884][info ] LoadDynamicKrisp
[2025-Apr-08 11:34:25.484 +02:00][ 1884: 1884][info ] Did not find KRISP_DYLIB_PATH, skipping dynamic loading
[2025-Apr-08 11:34:25.484 +02:00][ 1884: 1884][info ] Initializing Krisp SDK in PID 1884, addr 0x7f9db0f908f0
[2025-Apr-08 11:34:25.613 +02:00][ 1884: 1884][info ] Initialized Krisp SDK successfully
[2025-Apr-08 11:34:25.613 +02:00][ 1884: 1884][info ] Krisp SDK initialized
[2025-Apr-08 11:36:21.256 +02:00][ 1884: 1930][info ] KrispNCSetup: sampleRate = 48000, duration = 10
[2025-Apr-08 11:36:21.256 +02:00][ 1884: 1930][info ] Setting Krisp model: full_NC
[2025-Apr-08 12:47:33.866 +02:00][ 1889: 1889][info ] Logging initialized
[2025-Apr-08 12:47:33.866 +02:00][ 1889: 1889][info ] Initializing krisp SDK...
[2025-Apr-08 12:47:33.866 +02:00][ 1889: 1889][info ] DoKrispInitialize
[2025-Apr-08 12:47:34.073 +02:00][ 1889: 1889][info ] LoadDynamicKrisp
[2025-Apr-08 12:47:34.073 +02:00][ 1889: 1889][info ] Did not find KRISP_DYLIB_PATH, skipping dynamic loading
[2025-Apr-08 12:47:34.073 +02:00][ 1889: 1889][info ] Initializing Krisp SDK in PID 1889, addr 0x7edc65d908f0
[2025-Apr-08 12:47:34.202 +02:00][ 1889: 1889][info ] Initialized Krisp SDK successfully
[2025-Apr-08 12:47:34.202 +02:00][ 1889: 1889][info ] Krisp SDK initialized
[2025-Apr-08 16:15:44.061 +02:00][ 2213: 2213][info ] Logging initialized
[2025-Apr-08 16:15:44.061 +02:00][ 2213: 2213][info ] Initializing krisp SDK...
[2025-Apr-08 16:15:44.061 +02:00][ 2213: 2213][info ] DoKrispInitialize
[2025-Apr-08 16:15:44.280 +02:00][ 2213: 2213][info ] LoadDynamicKrisp
[2025-Apr-08 16:15:44.280 +02:00][ 2213: 2213][info ] Did not find KRISP_DYLIB_PATH, skipping dynamic loading
[2025-Apr-08 16:15:44.280 +02:00][ 2213: 2213][info ] Initializing Krisp SDK in PID 2213, addr 0x7764fd7908f0
[2025-Apr-08 16:15:44.407 +02:00][ 2213: 2213][info ] Initialized Krisp SDK successfully
[2025-Apr-08 16:15:44.407 +02:00][ 2213: 2213][info ] Krisp SDK initialized
[2025-Apr-08 17:04:52.233 +02:00][ 2213: 2239][info ] KrispNCSetup: sampleRate = 48000, duration = 10
[2025-Apr-08 17:04:52.233 +02:00][ 2213: 2239][info ] Setting Krisp model: full_NC
[2025-Apr-08 17:41:07.588 +02:00][ 2213: 2239][info ] KrispNCReset
[2025-Apr-08 17:41:07.588 +02:00][ 2213: 2239][info ] KrispNCSetup: sampleRate = 8000, duration = 10
[2025-Apr-08 17:41:07.588 +02:00][ 2213: 2239][info ] Setting Krisp model: small_NC_8k
[2025-Apr-08 17:41:35.160 +02:00][ 2213: 2239][info ] KrispNCReset
[2025-Apr-08 17:41:35.160 +02:00][ 2213: 2239][info ] KrispNCSetup: sampleRate = 48000, duration = 10
[2025-Apr-08 17:41:35.160 +02:00][ 2213: 2239][info ] Setting Krisp model: full_NC
[2025-Apr-08 17:43:03.047 +02:00][10081:10081][info ] Logging initialized
[2025-Apr-08 17:43:03.047 +02:00][10081:10081][info ] Initializing krisp SDK...
[2025-Apr-08 17:43:03.047 +02:00][10081:10081][info ] DoKrispInitialize
[2025-Apr-08 17:43:03.280 +02:00][10081:10081][info ] LoadDynamicKrisp
[2025-Apr-08 17:43:03.281 +02:00][10081:10081][info ] Did not find KRISP_DYLIB_PATH, skipping dynamic loading
[2025-Apr-08 17:43:03.281 +02:00][10081:10081][info ] Initializing Krisp SDK in PID 10081, addr 0x7a98263908f0
[2025-Apr-08 17:43:03.409 +02:00][10081:10081][info ] Initialized Krisp SDK successfully
[2025-Apr-08 17:43:03.409 +02:00][10081:10081][info ] Krisp SDK initialized
[2025-Apr-08 17:43:04.537 +02:00][10081:10122][info ] KrispNCSetup: sampleRate = 48000, duration = 10
[2025-Apr-08 17:43:04.537 +02:00][10081:10122][info ] Setting Krisp model: full_NC
[2025-Apr-08 22:02:55.551 +02:00][12481:12481][info ] Logging initialized
[2025-Apr-08 22:02:55.551 +02:00][12481:12481][info ] Initializing krisp SDK...
[2025-Apr-08 22:02:55.551 +02:00][12481:12481][info ] DoKrispInitialize
[2025-Apr-08 22:02:55.765 +02:00][12481:12481][info ] LoadDynamicKrisp
[2025-Apr-08 22:02:55.765 +02:00][12481:12481][info ] Did not find KRISP_DYLIB_PATH, skipping dynamic loading
[2025-Apr-08 22:02:55.765 +02:00][12481:12481][info ] Initializing Krisp SDK in PID 12481, addr 0x7869a7f908f0
[2025-Apr-08 22:02:55.894 +02:00][12481:12481][info ] Initialized Krisp SDK successfully
[2025-Apr-08 22:02:55.894 +02:00][12481:12481][info ] Krisp SDK initialized
[2025-Apr-08 22:03:05.743 +02:00][12481:12535][info ] KrispNCSetup: sampleRate = 48000, duration = 10
[2025-Apr-08 22:03:05.743 +02:00][12481:12535][info ] Setting Krisp model: full_NC
[2025-Apr-08 22:28:26.898 +02:00][12481:12535][info ] KrispNCReset
[2025-Apr-08 22:28:26.898 +02:00][12481:12535][info ] KrispNCSetup: sampleRate = 8000, duration = 10
[2025-Apr-08 22:28:26.898 +02:00][12481:12535][info ] Setting Krisp model: small_NC_8k
[2025-Apr-08 22:28:30.311 +02:00][12481:12535][info ] KrispNCReset
[2025-Apr-08 22:28:30.311 +02:00][12481:12535][info ] KrispNCSetup: sampleRate = 48000, duration = 10
[2025-Apr-08 22:28:30.311 +02:00][12481:12535][info ] Setting Krisp model: full_NC
[2025-Apr-09 03:04:56.478 +02:00][12481:12535][info ] KrispNCReset
[2025-Apr-09 03:04:56.478 +02:00][12481:12535][info ] KrispNCSetup: sampleRate = 8000, duration = 10
[2025-Apr-09 03:04:56.478 +02:00][12481:12535][info ] Setting Krisp model: small_NC_8k
[2025-Apr-09 15:28:10.528 +02:00][ 7757: 7757][info ] Logging initialized
[2025-Apr-09 15:28:10.528 +02:00][ 7757: 7757][info ] Initializing krisp SDK...
[2025-Apr-09 15:28:10.528 +02:00][ 7757: 7757][info ] DoKrispInitialize
[2025-Apr-09 15:28:10.741 +02:00][ 7757: 7757][info ] LoadDynamicKrisp
[2025-Apr-09 15:28:10.741 +02:00][ 7757: 7757][info ] Did not find KRISP_DYLIB_PATH, skipping dynamic loading
[2025-Apr-09 15:28:10.741 +02:00][ 7757: 7757][info ] Initializing Krisp SDK in PID 7757, addr 0x7c8442f908f0
[2025-Apr-09 15:28:10.870 +02:00][ 7757: 7757][info ] Initialized Krisp SDK successfully
[2025-Apr-09 15:28:10.870 +02:00][ 7757: 7757][info ] Krisp SDK initialized
[2025-Apr-09 15:28:18.271 +02:00][ 7757: 7815][info ] KrispNCSetup: sampleRate = 48000, duration = 10
[2025-Apr-09 15:28:18.271 +02:00][ 7757: 7815][info ] Setting Krisp model: full_NC
[2025-Apr-09 17:41:12.961 +02:00][ 7757: 7815][info ] KrispNCReset
[2025-Apr-09 17:41:12.961 +02:00][ 7757: 7815][info ] KrispNCSetup: sampleRate = 8000, duration = 10
[2025-Apr-09 17:41:12.961 +02:00][ 7757: 7815][info ] Setting Krisp model: small_NC_8k
[2025-Apr-09 20:47:28.938 +02:00][ 2103: 2103][info ] Logging initialized
[2025-Apr-09 20:47:28.938 +02:00][ 2103: 2103][info ] Initializing krisp SDK...
[2025-Apr-09 20:47:28.938 +02:00][ 2103: 2103][info ] DoKrispInitialize
[2025-Apr-09 20:47:29.150 +02:00][ 2103: 2103][info ] LoadDynamicKrisp
[2025-Apr-09 20:47:29.150 +02:00][ 2103: 2103][info ] Did not find KRISP_DYLIB_PATH, skipping dynamic loading
[2025-Apr-09 20:47:29.150 +02:00][ 2103: 2103][info ] Initializing Krisp SDK in PID 2103, addr 0x7d8529d908f0
[2025-Apr-09 20:47:29.280 +02:00][ 2103: 2103][info ] Initialized Krisp SDK successfully
[2025-Apr-09 20:47:29.280 +02:00][ 2103: 2103][info ] Krisp SDK initialized
[2025-Apr-09 23:07:22.311 +02:00][ 1748: 1748][info ] Logging initialized
[2025-Apr-09 23:07:22.311 +02:00][ 1748: 1748][info ] Initializing krisp SDK...
[2025-Apr-09 23:07:22.311 +02:00][ 1748: 1748][info ] DoKrispInitialize
[2025-Apr-09 23:07:22.523 +02:00][ 1748: 1748][info ] LoadDynamicKrisp
[2025-Apr-09 23:07:22.523 +02:00][ 1748: 1748][info ] Did not find KRISP_DYLIB_PATH, skipping dynamic loading
[2025-Apr-09 23:07:22.523 +02:00][ 1748: 1748][info ] Initializing Krisp SDK in PID 1748, addr 0x7e736c1908f0
[2025-Apr-09 23:07:22.653 +02:00][ 1748: 1748][info ] Initialized Krisp SDK successfully
[2025-Apr-09 23:07:22.653 +02:00][ 1748: 1748][info ] Krisp SDK initialized
[2025-Apr-09 23:07:27.971 +02:00][ 1748: 1801][info ] KrispNCSetup: sampleRate = 48000, duration = 10
[2025-Apr-09 23:07:27.971 +02:00][ 1748: 1801][info ] Setting Krisp model: full_NC
[2025-Apr-10 11:41:05.468 +02:00][ 2077: 2077][info ] Logging initialized
[2025-Apr-10 11:41:05.468 +02:00][ 2077: 2077][info ] Initializing krisp SDK...
[2025-Apr-10 11:41:05.468 +02:00][ 2077: 2077][info ] DoKrispInitialize
[2025-Apr-10 11:41:05.686 +02:00][ 2077: 2077][info ] LoadDynamicKrisp
[2025-Apr-10 11:41:05.686 +02:00][ 2077: 2077][info ] Did not find KRISP_DYLIB_PATH, skipping dynamic loading
[2025-Apr-10 11:41:05.686 +02:00][ 2077: 2077][info ] Initializing Krisp SDK in PID 2077, addr 0x75db67f908f0
[2025-Apr-10 11:41:05.809 +02:00][ 2077: 2077][info ] Initialized Krisp SDK successfully
[2025-Apr-10 11:41:05.809 +02:00][ 2077: 2077][info ] Krisp SDK initialized
[2025-Apr-10 12:16:09.322 +02:00][ 2077: 2115][info ] KrispNCSetup: sampleRate = 48000, duration = 10
[2025-Apr-10 12:16:09.322 +02:00][ 2077: 2115][info ] Setting Krisp model: full_NC
[2025-Apr-10 19:25:18.831 +02:00][32677:32677][info ] Logging initialized
[2025-Apr-10 19:25:18.831 +02:00][32677:32677][info ] Initializing krisp SDK...
[2025-Apr-10 19:25:18.831 +02:00][32677:32677][info ] DoKrispInitialize
[2025-Apr-10 19:25:19.046 +02:00][32677:32677][info ] LoadDynamicKrisp
[2025-Apr-10 19:25:19.046 +02:00][32677:32677][info ] Did not find KRISP_DYLIB_PATH, skipping dynamic loading
[2025-Apr-10 19:25:19.046 +02:00][32677:32677][info ] Initializing Krisp SDK in PID 32677, addr 0x703bd1d908f0
[2025-Apr-10 19:25:19.169 +02:00][32677:32677][info ] Initialized Krisp SDK successfully
[2025-Apr-10 19:25:19.169 +02:00][32677:32677][info ] Krisp SDK initialized
[2025-Apr-10 19:25:38.202 +02:00][32677:32751][info ] KrispNCSetup: sampleRate = 48000, duration = 10
[2025-Apr-10 19:25:38.202 +02:00][32677:32751][info ] Setting Krisp model: full_NC
[2025-Apr-10 21:36:47.054 +02:00][39307:39307][info ] Logging initialized
[2025-Apr-10 21:36:47.054 +02:00][39307:39307][info ] Initializing krisp SDK...
[2025-Apr-10 21:36:47.054 +02:00][39307:39307][info ] DoKrispInitialize
[2025-Apr-10 21:36:47.275 +02:00][39307:39307][info ] LoadDynamicKrisp
[2025-Apr-10 21:36:47.275 +02:00][39307:39307][info ] Did not find KRISP_DYLIB_PATH, skipping dynamic loading
[2025-Apr-10 21:36:47.275 +02:00][39307:39307][info ] Initializing Krisp SDK in PID 39307, addr 0x75792ff908f0
[2025-Apr-10 21:36:47.403 +02:00][39307:39307][info ] Initialized Krisp SDK successfully
[2025-Apr-10 21:36:47.403 +02:00][39307:39307][info ] Krisp SDK initialized
[2025-Apr-10 21:36:48.876 +02:00][39307:39347][info ] KrispNCSetup: sampleRate = 48000, duration = 10
[2025-Apr-10 21:36:48.876 +02:00][39307:39347][info ] Setting Krisp model: full_NC
[2025-Apr-10 22:02:44.533 +02:00][ 2405: 2405][info ] Logging initialized
[2025-Apr-10 22:02:44.533 +02:00][ 2405: 2405][info ] Initializing krisp SDK...
[2025-Apr-10 22:02:44.533 +02:00][ 2405: 2405][info ] DoKrispInitialize
[2025-Apr-10 22:02:44.750 +02:00][ 2405: 2405][info ] LoadDynamicKrisp
[2025-Apr-10 22:02:44.750 +02:00][ 2405: 2405][info ] Did not find KRISP_DYLIB_PATH, skipping dynamic loading
[2025-Apr-10 22:02:44.750 +02:00][ 2405: 2405][info ] Initializing Krisp SDK in PID 2405, addr 0x725e2bf908f0
[2025-Apr-10 22:02:44.880 +02:00][ 2405: 2405][info ] Initialized Krisp SDK successfully
[2025-Apr-10 22:02:44.880 +02:00][ 2405: 2405][info ] Krisp SDK initialized
[2025-Apr-10 22:23:06.357 +02:00][ 2139: 2139][info ] Logging initialized
[2025-Apr-10 22:23:06.357 +02:00][ 2139: 2139][info ] Initializing krisp SDK...
[2025-Apr-10 22:23:06.357 +02:00][ 2139: 2139][info ] DoKrispInitialize
[2025-Apr-10 22:23:06.570 +02:00][ 2139: 2139][info ] LoadDynamicKrisp
[2025-Apr-10 22:23:06.570 +02:00][ 2139: 2139][info ] Did not find KRISP_DYLIB_PATH, skipping dynamic loading
[2025-Apr-10 22:23:06.570 +02:00][ 2139: 2139][info ] Initializing Krisp SDK in PID 2139, addr 0x7eaff63908f0
[2025-Apr-10 22:23:06.701 +02:00][ 2139: 2139][info ] Initialized Krisp SDK successfully
[2025-Apr-10 22:23:06.701 +02:00][ 2139: 2139][info ] Krisp SDK initialized
[2025-Apr-10 22:25:26.263 +02:00][ 2139: 2198][info ] KrispNCSetup: sampleRate = 48000, duration = 10
[2025-Apr-10 22:25:26.263 +02:00][ 2139: 2198][info ] Setting Krisp model: full_NC
[2025-Apr-11 13:21:13.521 +02:00][ 2198: 2198][info ] Logging initialized
[2025-Apr-11 13:21:13.521 +02:00][ 2198: 2198][info ] Initializing krisp SDK...
[2025-Apr-11 13:21:13.521 +02:00][ 2198: 2198][info ] DoKrispInitialize
[2025-Apr-11 13:21:13.756 +02:00][ 2198: 2198][info ] LoadDynamicKrisp
[2025-Apr-11 13:21:13.756 +02:00][ 2198: 2198][info ] Did not find KRISP_DYLIB_PATH, skipping dynamic loading
[2025-Apr-11 13:21:13.756 +02:00][ 2198: 2198][info ] Initializing Krisp SDK in PID 2198, addr 0x7bba6fb908f0
[2025-Apr-11 13:21:13.908 +02:00][ 2198: 2198][info ] Initialized Krisp SDK successfully
[2025-Apr-11 13:21:13.908 +02:00][ 2198: 2198][info ] Krisp SDK initialized
[2025-Apr-11 17:15:39.232 +02:00][ 2198: 2302][info ] KrispNCSetup: sampleRate = 48000, duration = 10
[2025-Apr-11 17:15:39.232 +02:00][ 2198: 2302][info ] Setting Krisp model: full_NC
[2025-Apr-11 23:34:56.762 +02:00][ 1687: 1687][info ] Logging initialized
[2025-Apr-11 23:34:56.762 +02:00][ 1687: 1687][info ] Initializing krisp SDK...
[2025-Apr-11 23:34:56.762 +02:00][ 1687: 1687][info ] DoKrispInitialize
[2025-Apr-11 23:34:56.973 +02:00][ 1687: 1687][info ] LoadDynamicKrisp
[2025-Apr-11 23:34:56.973 +02:00][ 1687: 1687][info ] Did not find KRISP_DYLIB_PATH, skipping dynamic loading
[2025-Apr-11 23:34:56.973 +02:00][ 1687: 1687][info ] Initializing Krisp SDK in PID 1687, addr 0x7c19745908f0
[2025-Apr-11 23:34:57.103 +02:00][ 1687: 1687][info ] Initialized Krisp SDK successfully
[2025-Apr-11 23:34:57.103 +02:00][ 1687: 1687][info ] Krisp SDK initialized
[2025-Apr-12 22:21:20.492 +02:00][ 2123: 2123][info ] Logging initialized
[2025-Apr-12 22:21:20.492 +02:00][ 2123: 2123][info ] Initializing krisp SDK...
[2025-Apr-12 22:21:20.492 +02:00][ 2123: 2123][info ] DoKrispInitialize
[2025-Apr-12 22:21:20.703 +02:00][ 2123: 2123][info ] LoadDynamicKrisp
[2025-Apr-12 22:21:20.703 +02:00][ 2123: 2123][info ] Did not find KRISP_DYLIB_PATH, skipping dynamic loading
[2025-Apr-12 22:21:20.703 +02:00][ 2123: 2123][info ] Initializing Krisp SDK in PID 2123, addr 0x730c9b9908f0
[2025-Apr-12 22:21:20.834 +02:00][ 2123: 2123][info ] Initialized Krisp SDK successfully
[2025-Apr-12 22:21:20.834 +02:00][ 2123: 2123][info ] Krisp SDK initialized
[2025-Apr-13 00:12:28.203 +02:00][ 2123: 2157][info ] KrispNCSetup: sampleRate = 48000, duration = 10
[2025-Apr-13 00:12:28.203 +02:00][ 2123: 2157][info ] Setting Krisp model: full_NC
[2025-Apr-13 21:27:37.038 +02:00][ 3710: 3710][info ] Logging initialized
[2025-Apr-13 21:27:37.038 +02:00][ 3710: 3710][info ] Initializing krisp SDK...
[2025-Apr-13 21:27:37.038 +02:00][ 3710: 3710][info ] DoKrispInitialize
[2025-Apr-13 21:27:37.251 +02:00][ 3710: 3710][info ] LoadDynamicKrisp
[2025-Apr-13 21:27:37.251 +02:00][ 3710: 3710][info ] Did not find KRISP_DYLIB_PATH, skipping dynamic loading
[2025-Apr-13 21:27:37.251 +02:00][ 3710: 3710][info ] Initializing Krisp SDK in PID 3710, addr 0x7007bf5908f0
[2025-Apr-13 21:27:37.378 +02:00][ 3710: 3710][info ] Initialized Krisp SDK successfully
[2025-Apr-13 21:27:37.378 +02:00][ 3710: 3710][info ] Krisp SDK initialized
[2025-Apr-13 21:45:02.483 +02:00][ 3710: 3790][info ] KrispNCSetup: sampleRate = 48000, duration = 10
[2025-Apr-13 21:45:02.483 +02:00][ 3710: 3790][info ] Setting Krisp model: full_NC
[2025-Apr-14 19:38:32.812 +02:00][ 2355: 2355][info ] Logging initialized
[2025-Apr-14 19:38:32.812 +02:00][ 2355: 2355][info ] Initializing krisp SDK...
[2025-Apr-14 19:38:32.812 +02:00][ 2355: 2355][info ] DoKrispInitialize
[2025-Apr-14 19:38:33.033 +02:00][ 2355: 2355][info ] LoadDynamicKrisp
[2025-Apr-14 19:38:33.033 +02:00][ 2355: 2355][info ] Did not find KRISP_DYLIB_PATH, skipping dynamic loading
[2025-Apr-14 19:38:33.033 +02:00][ 2355: 2355][info ] Initializing Krisp SDK in PID 2355, addr 0x79810f3908f0
[2025-Apr-14 19:38:33.159 +02:00][ 2355: 2355][info ] Initialized Krisp SDK successfully
[2025-Apr-14 19:38:33.159 +02:00][ 2355: 2355][info ] Krisp SDK initialized
[2025-Apr-14 19:38:40.665 +02:00][ 2355: 2424][info ] KrispNCSetup: sampleRate = 48000, duration = 10
[2025-Apr-14 19:38:40.665 +02:00][ 2355: 2424][info ] Setting Krisp model: full_NC
[2025-Apr-15 19:05:04.324 +02:00][56577:56577][info ] Logging initialized
[2025-Apr-15 19:05:04.324 +02:00][56577:56577][info ] Initializing krisp SDK...
[2025-Apr-15 19:05:04.324 +02:00][56577:56577][info ] DoKrispInitialize
[2025-Apr-15 19:05:04.551 +02:00][56577:56577][info ] LoadDynamicKrisp
[2025-Apr-15 19:05:04.551 +02:00][56577:56577][info ] Did not find KRISP_DYLIB_PATH, skipping dynamic loading
[2025-Apr-15 19:05:04.551 +02:00][56577:56577][info ] Initializing Krisp SDK in PID 56577, addr 0x73225a5908f0
[2025-Apr-15 19:05:04.664 +02:00][56577:56577][info ] Initialized Krisp SDK successfully
[2025-Apr-15 19:05:04.664 +02:00][56577:56577][info ] Krisp SDK initialized
[2025-Apr-15 20:22:03.967 +02:00][56577:56632][info ] KrispNCSetup: sampleRate = 48000, duration = 10
[2025-Apr-15 20:22:03.967 +02:00][56577:56632][info ] Setting Krisp model: full_NC
