[2025-Jan-07 16:06:27.526 +01:00][ 2334: 2334][info ] Logging initialized
[2025-Jan-07 20:06:29.441 +01:00][ 1974: 1974][info ] Logging initialized
[2025-Jan-07 20:06:30.670 +01:00][ 1974: 1974][info ] Logging initialized
[2025-Jan-07 21:25:00.715 +01:00][ 2559: 2559][info ] Logging initialized
[2025-Jan-07 21:27:08.054 +01:00][ 2910: 2910][info ] Logging initialized
[2025-Jan-07 21:27:27.230 +01:00][ 3111: 3111][info ] Logging initialized
[2025-Jan-08 10:01:10.613 +01:00][15206:15206][info ] Logging initialized
[2025-Jan-09 10:10:47.451 +01:00][25806:25806][info ] Logging initialized
[2025-Jan-10 22:38:30.352 +01:00][ 4083: 4083][info ] Logging initialized
[2025-Jan-11 00:37:19.019 +01:00][10399:10399][info ] Logging initialized
[2025-Jan-11 13:25:04.040 +01:00][14590:14590][info ] Logging initialized
[2025-Jan-13 10:10:37.602 +01:00][ 6721: 6721][info ] Logging initialized
[2025-Jan-13 16:45:13.379 +01:00][16207:16207][info ] Logging initialized
[2025-Jan-14 09:12:49.274 +01:00][ 2745: 2745][info ] Logging initialized
[2025-Jan-14 14:05:54.568 +01:00][ 4060: 4060][info ] Logging initialized
[2025-Jan-14 20:43:53.345 +01:00][ 4980: 4980][info ] Logging initialized
[2025-Jan-15 09:19:28.305 +01:00][ 4382: 4382][info ] Logging initialized
[2025-Jan-16 11:50:12.576 +01:00][20459:20459][info ] Logging initialized
[2025-Jan-17 10:36:41.926 +01:00][13861:13861][info ] Logging initialized
[2025-Jan-18 23:06:37.784 +01:00][ 5368: 5368][info ] Logging initialized
[2025-Jan-20 09:12:09.040 +01:00][ 2889: 2889][info ] Logging initialized
[2025-Jan-20 14:28:41.226 +01:00][ 9146: 9146][info ] Logging initialized
[2025-Jan-20 20:49:30.984 +01:00][ 8596: 8596][info ] Logging initialized
[2025-Jan-21 10:02:47.890 +01:00][ 7588: 7588][info ] Logging initialized
[2025-Jan-22 10:03:21.174 +01:00][16083:16083][info ] Logging initialized
[2025-Jan-23 09:38:44.915 +01:00][ 8858: 8858][info ] Logging initialized
[2025-Jan-23 21:52:07.982 +01:00][ 2777: 2777][info ] Logging initialized
[2025-Jan-24 12:40:58.991 +01:00][46708:46708][info ] Logging initialized
[2025-Jan-29 16:08:33.351 +01:00][58943:58943][info ] Logging initialized
[2025-Jan-30 14:09:34.805 +01:00][55766:55766][info ] Logging initialized
[2025-Jan-30 15:20:36.086 +01:00][ 3138: 3138][info ] Logging initialized
[2025-Jan-31 20:57:58.530 +01:00][ 2627: 2627][info ] Logging initialized
[2025-Feb-08 14:49:22.988 +01:00][ 1386: 1386][info ] Logging initialized
[2025-Mar-26 19:12:50.981 +01:00][54494:54494][info ] Logging initialized
[2025-Mar-26 19:21:14.600 +01:00][ 1963: 1963][info ] Logging initialized
[2025-Mar-26 20:46:59.147 +01:00][ 2423: 2423][info ] Logging initialized
[2025-Mar-27 21:15:19.391 +01:00][ 2281: 2281][info ] Logging initialized
[2025-Mar-29 21:29:54.245 +01:00][ 1578: 1578][info ] Logging initialized
[2025-Mar-30 01:28:39.044 +01:00][ 1560: 1560][info ] Logging initialized
[2025-Mar-30 20:48:30.138 +02:00][ 1710: 1710][info ] Logging initialized
[2025-Mar-31 10:15:16.531 +02:00][ 2736: 2736][info ] Logging initialized
[2025-Mar-31 14:26:12.039 +02:00][25206:25206][info ] Logging initialized
[2025-Apr-05 22:45:03.508 +02:00][ 2200: 2200][info ] Logging initialized
[2025-Apr-05 23:00:58.526 +02:00][ 1767: 1767][info ] Logging initialized
[2025-Apr-05 23:40:48.955 +02:00][ 6070: 6070][info ] Logging initialized
[2025-Apr-06 00:19:18.636 +02:00][ 2287: 2287][info ] Logging initialized
[2025-Apr-06 20:51:38.623 +02:00][ 1648: 1648][info ] Logging initialized
[2025-Apr-07 19:04:24.679 +02:00][ 2511: 2511][info ] Logging initialized
[2025-Apr-07 20:15:44.935 +02:00][ 1798: 1798][info ] Logging initialized
[2025-Apr-07 21:44:14.444 +02:00][ 1672: 1672][info ] Logging initialized
[2025-Apr-08 11:34:25.024 +02:00][ 1884: 1884][info ] Logging initialized
[2025-Apr-08 12:47:33.621 +02:00][ 1889: 1889][info ] Logging initialized
[2025-Apr-08 16:15:43.932 +02:00][ 2213: 2213][info ] Logging initialized
[2025-Apr-08 17:43:02.946 +02:00][10081:10081][info ] Logging initialized
[2025-Apr-08 22:02:55.303 +02:00][12481:12481][info ] Logging initialized
[2025-Apr-09 15:28:10.268 +02:00][ 7757: 7757][info ] Logging initialized
[2025-Apr-09 20:47:28.695 +02:00][ 2103: 2103][info ] Logging initialized
[2025-Apr-09 23:07:22.069 +02:00][ 1748: 1748][info ] Logging initialized
[2025-Apr-10 11:41:05.234 +02:00][ 2077: 2077][info ] Logging initialized
[2025-Apr-10 19:25:18.623 +02:00][32677:32677][info ] Logging initialized
[2025-Apr-10 21:36:46.796 +02:00][39307:39307][info ] Logging initialized
[2025-Apr-10 22:02:44.284 +02:00][ 2405: 2405][info ] Logging initialized
[2025-Apr-10 22:23:06.110 +02:00][ 2139: 2139][info ] Logging initialized
[2025-Apr-11 13:21:13.246 +02:00][ 2198: 2198][info ] Logging initialized
[2025-Apr-11 23:34:56.514 +02:00][ 1687: 1687][info ] Logging initialized
[2025-Apr-12 22:21:20.248 +02:00][ 2123: 2123][info ] Logging initialized
[2025-Apr-13 21:27:36.933 +02:00][ 3710: 3710][info ] Logging initialized
[2025-Apr-14 19:38:32.695 +02:00][ 2355: 2355][info ] Logging initialized
[2025-Apr-15 19:05:03.462 +02:00][56577:56577][info ] Logging initialized
