2025-04-09 15:43:40.164 [info] Extension host with pid 9322 started
2025-04-09 15:43:40.164 [info] Skipping acquiring lock for /home/sam/.config/Code - OSS/User/workspaceStorage/f4b05a63969cf4ddd0cb643afc04a4c2.
2025-04-09 15:43:40.222 [info] ExtensionService#_doActivateExtension vscode.configuration-editing, startup: false, activationEvent: 'onLanguage:jsonc'
2025-04-09 15:43:40.229 [info] ExtensionService#_doActivateExtension vscode.json-language-features, startup: false, activationEvent: 'onLanguage:jsonc'
2025-04-09 15:43:40.260 [info] ExtensionService#_doActivateExtension vscode.typescript-language-features, startup: false, activationEvent: 'onLanguage:jsonc'
2025-04-09 15:43:40.288 [info] ExtensionService#_doActivateExtension vscode.emmet, startup: false, activationEvent: 'onLanguage'
2025-04-09 15:43:40.409 [info] ExtensionService#_doActivateExtension vscode.git-base, startup: true, activationEvent: '*', root cause: vscode.git
2025-04-09 15:43:40.418 [info] ExtensionService#_doActivateExtension vscode.git, startup: true, activationEvent: '*'
2025-04-09 15:43:40.441 [info] ExtensionService#_doActivateExtension vscode.github, startup: true, activationEvent: '*'
2025-04-09 15:43:40.470 [info] Eager extensions activated
2025-04-09 15:43:40.477 [info] ExtensionService#_doActivateExtension vscode.debug-auto-launch, startup: false, activationEvent: 'onStartupFinished'
2025-04-09 15:43:40.478 [info] ExtensionService#_doActivateExtension vscode.merge-conflict, startup: false, activationEvent: 'onStartupFinished'
2025-04-09 15:43:40.489 [info] ExtensionService#_doActivateExtension castrogusttavo.symbols, startup: false, activationEvent: 'onStartupFinished'
2025-04-09 15:43:40.491 [info] ExtensionService#_doActivateExtension ecmel.vscode-html-css, startup: false, activationEvent: 'onStartupFinished'
2025-04-09 15:43:40.492 [info] ExtensionService#_doActivateExtension esbenp.prettier-vscode, startup: false, activationEvent: 'onStartupFinished'
2025-04-09 15:43:40.530 [info] ExtensionService#_doActivateExtension formulahendry.code-runner, startup: false, activationEvent: 'onStartupFinished'
2025-04-09 15:43:40.540 [info] ExtensionService#_doActivateExtension vadimcn.vscode-lldb, startup: false, activationEvent: 'onStartupFinished', root cause: franneck94.vscode-c-cpp-config
2025-04-09 15:43:40.548 [info] ExtensionService#_doActivateExtension vscode.github-authentication, startup: false, activationEvent: 'onStartupFinished', root cause: GitHub.vscode-pull-request-github
2025-04-09 15:43:40.558 [info] ExtensionService#_doActivateExtension ritwickdey.LiveServer, startup: false, activationEvent: 'onStartupFinished'
2025-04-09 15:43:40.587 [info] ExtensionService#_doActivateExtension franneck94.vscode-c-cpp-config, startup: false, activationEvent: 'onStartupFinished'
2025-04-09 15:43:40.588 [info] ExtensionService#_doActivateExtension GitHub.vscode-pull-request-github, startup: false, activationEvent: 'onStartupFinished'
2025-04-09 15:43:40.666 [error] Activating extension GitHub.vscode-pull-request-github failed due to an error:
2025-04-09 15:43:40.666 [error] Error: Extension 'GitHub.vscode-pull-request-github' CANNOT use API proposal: diffCommand.
Its package.json#enabledApiProposals-property declares:  but NOT diffCommand.
 The missing proposal MUST be added and you must start in extension development mode or use the following command line switch: --enable-proposed-api GitHub.vscode-pull-request-github
	at R (file:///usr/lib/code/out/vs/workbench/api/node/extensionHostProcess.js:105:19265)
	at Object.registerDiffInformationCommand (file:///usr/lib/code/out/vs/workbench/api/node/extensionHostProcess.js:173:30058)
	at K0 (/home/sam/.vscode-oss/extensions/github.vscode-pull-request-github-0.108.0-universal/dist/extension.js:2177:2008)
	at L4 (/home/sam/.vscode-oss/extensions/github.vscode-pull-request-github-0.108.0-universal/dist/extension.js:2517:4466)
	at G4 (/home/sam/.vscode-oss/extensions/github.vscode-pull-request-github-0.108.0-universal/dist/extension.js:2517:9072)
	at async V4 (/home/sam/.vscode-oss/extensions/github.vscode-pull-request-github-0.108.0-universal/dist/extension.js:2517:6078)
	at async cw.n (file:///usr/lib/code/out/vs/workbench/api/node/extensionHostProcess.js:111:13415)
	at async cw.m (file:///usr/lib/code/out/vs/workbench/api/node/extensionHostProcess.js:111:13378)
	at async cw.l (file:///usr/lib/code/out/vs/workbench/api/node/extensionHostProcess.js:111:12834)
2025-04-09 15:43:43.056 [info] ExtensionService#_doActivateExtension vscode.html-language-features, startup: false, activationEvent: 'onLanguage:html'
2025-04-09 15:50:14.638 [error] [ecmel.vscode-html-css] provider FAILED
2025-04-09 15:50:14.638 [error] undefined
2025-04-09 15:50:15.152 [error] [ecmel.vscode-html-css] provider FAILED
2025-04-09 15:50:15.152 [error] undefined
2025-04-09 15:50:15.167 [error] [ecmel.vscode-html-css] provider FAILED
2025-04-09 15:50:15.167 [error] undefined
2025-04-09 15:50:15.235 [error] [ecmel.vscode-html-css] provider FAILED
2025-04-09 15:50:15.235 [error] undefined
2025-04-09 15:50:15.250 [error] [ecmel.vscode-html-css] provider FAILED
2025-04-09 15:50:15.251 [error] undefined
2025-04-09 15:50:21.420 [error] [ecmel.vscode-html-css] provider FAILED
2025-04-09 15:50:21.420 [error] undefined
2025-04-09 15:50:21.437 [error] [ecmel.vscode-html-css] provider FAILED
2025-04-09 15:50:21.437 [error] undefined
2025-04-09 15:53:40.579 [info] ExtensionService#_doActivateExtension vscode.css-language-features, startup: false, activationEvent: 'onLanguage:css'
2025-04-09 16:15:35.244 [error] [ecmel.vscode-html-css] provider FAILED
2025-04-09 16:15:35.244 [error] undefined
2025-04-09 16:15:35.309 [error] [ecmel.vscode-html-css] provider FAILED
2025-04-09 16:15:35.309 [error] undefined
2025-04-09 16:15:40.065 [error] [ecmel.vscode-html-css] provider FAILED
2025-04-09 16:15:40.065 [error] undefined
2025-04-09 16:15:42.297 [error] [ecmel.vscode-html-css] provider FAILED
2025-04-09 16:15:42.297 [error] undefined
2025-04-09 16:15:44.332 [error] [ecmel.vscode-html-css] provider FAILED
2025-04-09 16:15:44.332 [error] undefined
2025-04-09 16:16:39.395 [error] [ecmel.vscode-html-css] provider FAILED
2025-04-09 16:16:39.395 [error] undefined
2025-04-09 16:16:40.240 [error] [ecmel.vscode-html-css] provider FAILED
2025-04-09 16:16:40.240 [error] undefined
2025-04-09 16:16:41.736 [error] [ecmel.vscode-html-css] provider FAILED
2025-04-09 16:16:41.736 [error] undefined
2025-04-09 16:21:35.965 [error] [ecmel.vscode-html-css] provider FAILED
2025-04-09 16:21:35.965 [error] undefined
2025-04-09 16:21:36.010 [error] [ecmel.vscode-html-css] provider FAILED
2025-04-09 16:21:36.010 [error] undefined
2025-04-09 16:21:36.023 [error] [ecmel.vscode-html-css] provider FAILED
2025-04-09 16:21:36.023 [error] undefined
2025-04-09 16:21:36.107 [error] [ecmel.vscode-html-css] provider FAILED
2025-04-09 16:21:36.107 [error] undefined
2025-04-09 16:21:36.838 [error] [ecmel.vscode-html-css] provider FAILED
2025-04-09 16:21:36.838 [error] undefined
2025-04-09 16:21:36.943 [error] [ecmel.vscode-html-css] provider FAILED
2025-04-09 16:21:36.943 [error] undefined
2025-04-09 16:21:37.011 [error] [ecmel.vscode-html-css] provider FAILED
2025-04-09 16:21:37.011 [error] undefined
2025-04-09 16:21:37.028 [error] [ecmel.vscode-html-css] provider FAILED
2025-04-09 16:21:37.028 [error] undefined
2025-04-09 16:22:38.180 [error] [ecmel.vscode-html-css] provider FAILED
2025-04-09 16:22:38.180 [error] undefined
2025-04-09 16:22:38.249 [error] [ecmel.vscode-html-css] provider FAILED
2025-04-09 16:22:38.249 [error] undefined
2025-04-09 16:22:38.331 [error] [ecmel.vscode-html-css] provider FAILED
2025-04-09 16:22:38.331 [error] undefined
2025-04-09 16:22:38.444 [error] [ecmel.vscode-html-css] provider FAILED
2025-04-09 16:22:38.444 [error] undefined
2025-04-09 16:22:38.462 [error] [ecmel.vscode-html-css] provider FAILED
2025-04-09 16:22:38.462 [error] undefined
2025-04-09 16:22:38.495 [error] [ecmel.vscode-html-css] provider FAILED
2025-04-09 16:22:38.495 [error] undefined
2025-04-09 16:22:45.909 [error] [ecmel.vscode-html-css] provider FAILED
2025-04-09 16:22:45.909 [error] undefined
2025-04-09 16:23:36.212 [error] [ecmel.vscode-html-css] provider FAILED
2025-04-09 16:23:36.212 [error] undefined
2025-04-09 16:23:36.454 [error] [ecmel.vscode-html-css] provider FAILED
2025-04-09 16:23:36.454 [error] undefined
2025-04-09 16:23:42.426 [error] [ecmel.vscode-html-css] provider FAILED
2025-04-09 16:23:42.426 [error] undefined
2025-04-09 16:23:47.863 [error] [ecmel.vscode-html-css] provider FAILED
2025-04-09 16:23:47.863 [error] undefined
2025-04-09 16:23:52.950 [error] [ecmel.vscode-html-css] provider FAILED
2025-04-09 16:23:52.950 [error] undefined
2025-04-09 16:23:57.227 [error] [ecmel.vscode-html-css] provider FAILED
2025-04-09 16:23:57.227 [error] undefined
2025-04-09 16:24:41.828 [error] [ecmel.vscode-html-css] provider FAILED
2025-04-09 16:24:41.828 [error] undefined
2025-04-09 16:24:42.250 [error] [ecmel.vscode-html-css] provider FAILED
2025-04-09 16:24:42.250 [error] undefined
2025-04-09 16:25:26.263 [error] [ecmel.vscode-html-css] provider FAILED
2025-04-09 16:25:26.263 [error] undefined
2025-04-09 16:25:26.380 [error] [ecmel.vscode-html-css] provider FAILED
2025-04-09 16:25:26.380 [error] undefined
2025-04-09 16:25:55.647 [error] [ecmel.vscode-html-css] provider FAILED
2025-04-09 16:25:55.647 [error] undefined
2025-04-09 16:25:55.665 [error] [ecmel.vscode-html-css] provider FAILED
2025-04-09 16:25:55.665 [error] undefined
2025-04-09 16:25:56.313 [error] [ecmel.vscode-html-css] provider FAILED
2025-04-09 16:25:56.313 [error] undefined
2025-04-09 16:25:56.620 [error] [ecmel.vscode-html-css] provider FAILED
2025-04-09 16:25:56.620 [error] undefined
2025-04-09 16:26:02.587 [error] [ecmel.vscode-html-css] provider FAILED
2025-04-09 16:26:02.587 [error] undefined
2025-04-09 16:26:06.787 [error] [ecmel.vscode-html-css] provider FAILED
2025-04-09 16:26:06.787 [error] undefined
2025-04-09 16:26:11.914 [error] [ecmel.vscode-html-css] provider FAILED
2025-04-09 16:26:11.914 [error] undefined
2025-04-09 16:26:16.606 [error] [ecmel.vscode-html-css] provider FAILED
2025-04-09 16:26:16.606 [error] undefined
2025-04-09 16:26:20.915 [error] [ecmel.vscode-html-css] provider FAILED
2025-04-09 16:26:20.915 [error] undefined
2025-04-09 16:26:25.313 [error] [ecmel.vscode-html-css] provider FAILED
2025-04-09 16:26:25.313 [error] undefined
2025-04-09 16:26:58.636 [error] [ecmel.vscode-html-css] provider FAILED
2025-04-09 16:26:58.636 [error] undefined
2025-04-09 16:26:58.710 [error] [ecmel.vscode-html-css] provider FAILED
2025-04-09 16:26:58.710 [error] undefined
2025-04-09 16:26:58.743 [error] [ecmel.vscode-html-css] provider FAILED
2025-04-09 16:26:58.743 [error] undefined
2025-04-09 16:27:34.498 [error] [ecmel.vscode-html-css] provider FAILED
2025-04-09 16:27:34.498 [error] undefined
2025-04-09 16:27:40.141 [error] [ecmel.vscode-html-css] provider FAILED
2025-04-09 16:27:40.141 [error] undefined
2025-04-09 16:27:44.044 [error] [ecmel.vscode-html-css] provider FAILED
2025-04-09 16:27:44.044 [error] undefined
2025-04-09 16:27:49.602 [error] [ecmel.vscode-html-css] provider FAILED
2025-04-09 16:27:49.603 [error] undefined
2025-04-09 16:27:55.075 [error] [ecmel.vscode-html-css] provider FAILED
2025-04-09 16:27:55.075 [error] undefined
2025-04-09 16:31:41.840 [error] [ecmel.vscode-html-css] provider FAILED
2025-04-09 16:31:41.840 [error] undefined
2025-04-09 16:31:41.868 [error] [ecmel.vscode-html-css] provider FAILED
2025-04-09 16:31:41.868 [error] undefined
2025-04-09 16:31:42.754 [error] [ecmel.vscode-html-css] provider FAILED
2025-04-09 16:31:42.754 [error] undefined
2025-04-09 16:32:13.415 [error] [ecmel.vscode-html-css] provider FAILED
2025-04-09 16:32:13.415 [error] undefined
2025-04-09 16:32:13.448 [error] [ecmel.vscode-html-css] provider FAILED
2025-04-09 16:32:13.448 [error] undefined
2025-04-09 16:32:13.499 [error] [ecmel.vscode-html-css] provider FAILED
2025-04-09 16:32:13.499 [error] undefined
2025-04-09 16:32:19.174 [error] [ecmel.vscode-html-css] provider FAILED
2025-04-09 16:32:19.174 [error] undefined
2025-04-09 16:32:35.207 [error] [ecmel.vscode-html-css] provider FAILED
2025-04-09 16:32:35.207 [error] undefined
2025-04-09 16:34:17.997 [error] [ecmel.vscode-html-css] provider FAILED
2025-04-09 16:34:17.997 [error] undefined
2025-04-09 16:35:29.971 [error] [ecmel.vscode-html-css] provider FAILED
2025-04-09 16:35:29.971 [error] undefined
2025-04-09 16:36:02.582 [error] [ecmel.vscode-html-css] provider FAILED
2025-04-09 16:36:02.582 [error] undefined
2025-04-09 16:36:12.081 [error] [ecmel.vscode-html-css] provider FAILED
2025-04-09 16:36:12.081 [error] undefined
2025-04-09 16:36:12.563 [error] [ecmel.vscode-html-css] provider FAILED
2025-04-09 16:36:12.563 [error] undefined
2025-04-09 16:36:13.061 [error] [ecmel.vscode-html-css] provider FAILED
2025-04-09 16:36:13.061 [error] undefined
2025-04-09 16:36:13.088 [error] [ecmel.vscode-html-css] provider FAILED
2025-04-09 16:36:13.089 [error] undefined
2025-04-09 16:36:13.132 [error] [ecmel.vscode-html-css] provider FAILED
2025-04-09 16:36:13.132 [error] undefined
2025-04-09 16:37:44.695 [error] [ecmel.vscode-html-css] provider FAILED
2025-04-09 16:37:44.695 [error] undefined
2025-04-09 16:37:44.727 [error] [ecmel.vscode-html-css] provider FAILED
2025-04-09 16:37:44.727 [error] undefined
2025-04-09 16:39:02.487 [error] [ecmel.vscode-html-css] provider FAILED
2025-04-09 16:39:02.487 [error] undefined
2025-04-09 16:39:03.464 [error] [ecmel.vscode-html-css] provider FAILED
2025-04-09 16:39:03.464 [error] undefined
2025-04-09 16:39:03.587 [error] [ecmel.vscode-html-css] provider FAILED
2025-04-09 16:39:03.587 [error] undefined
2025-04-09 16:39:09.266 [error] [ecmel.vscode-html-css] provider FAILED
2025-04-09 16:39:09.266 [error] undefined
2025-04-09 16:46:04.973 [error] [ecmel.vscode-html-css] provider FAILED
2025-04-09 16:46:04.973 [error] undefined
2025-04-09 16:52:58.635 [error] [ecmel.vscode-html-css] provider FAILED
2025-04-09 16:52:58.636 [error] undefined
2025-04-09 16:53:47.481 [error] [ecmel.vscode-html-css] provider FAILED
2025-04-09 16:53:47.481 [error] undefined
2025-04-09 16:53:47.624 [error] [ecmel.vscode-html-css] provider FAILED
2025-04-09 16:53:47.624 [error] undefined
2025-04-09 16:53:47.670 [error] [ecmel.vscode-html-css] provider FAILED
2025-04-09 16:53:47.670 [error] undefined
2025-04-09 16:53:47.704 [error] [ecmel.vscode-html-css] provider FAILED
2025-04-09 16:53:47.704 [error] undefined
2025-04-09 16:54:16.189 [error] [ecmel.vscode-html-css] provider FAILED
2025-04-09 16:54:16.189 [error] undefined
2025-04-09 16:54:17.078 [error] [ecmel.vscode-html-css] provider FAILED
2025-04-09 16:54:17.079 [error] undefined
2025-04-09 16:54:17.199 [error] [ecmel.vscode-html-css] provider FAILED
2025-04-09 16:54:17.199 [error] undefined
2025-04-09 16:54:17.228 [error] [ecmel.vscode-html-css] provider FAILED
2025-04-09 16:54:17.228 [error] undefined
2025-04-09 16:54:17.245 [error] [ecmel.vscode-html-css] provider FAILED
2025-04-09 16:54:17.245 [error] undefined
2025-04-09 16:54:45.134 [error] [ecmel.vscode-html-css] provider FAILED
2025-04-09 16:54:45.134 [error] undefined
2025-04-09 16:54:45.206 [error] [ecmel.vscode-html-css] provider FAILED
2025-04-09 16:54:45.206 [error] undefined
2025-04-09 16:54:45.256 [error] [ecmel.vscode-html-css] provider FAILED
2025-04-09 16:54:45.256 [error] undefined
2025-04-09 16:54:45.273 [error] [ecmel.vscode-html-css] provider FAILED
2025-04-09 16:54:45.273 [error] undefined
2025-04-09 16:54:45.749 [error] [ecmel.vscode-html-css] provider FAILED
2025-04-09 16:54:45.749 [error] undefined
2025-04-09 16:54:59.848 [error] [ecmel.vscode-html-css] provider FAILED
2025-04-09 16:54:59.848 [error] undefined
2025-04-09 16:55:00.105 [error] [ecmel.vscode-html-css] provider FAILED
2025-04-09 16:55:00.105 [error] undefined
2025-04-09 16:55:00.496 [error] [ecmel.vscode-html-css] provider FAILED
2025-04-09 16:55:00.496 [error] undefined
2025-04-09 16:55:00.534 [error] [ecmel.vscode-html-css] provider FAILED
2025-04-09 16:55:00.534 [error] undefined
2025-04-09 16:55:00.562 [error] [ecmel.vscode-html-css] provider FAILED
2025-04-09 16:55:00.562 [error] undefined
2025-04-09 16:55:00.656 [error] [ecmel.vscode-html-css] provider FAILED
2025-04-09 16:55:00.656 [error] undefined
2025-04-09 16:55:15.829 [error] [ecmel.vscode-html-css] provider FAILED
2025-04-09 16:55:15.829 [error] undefined
2025-04-09 16:59:08.945 [error] [ecmel.vscode-html-css] provider FAILED
2025-04-09 16:59:08.945 [error] undefined
2025-04-09 16:59:08.962 [error] [ecmel.vscode-html-css] provider FAILED
2025-04-09 16:59:08.962 [error] undefined
2025-04-09 16:59:08.994 [error] [ecmel.vscode-html-css] provider FAILED
2025-04-09 16:59:08.994 [error] undefined
2025-04-09 16:59:09.012 [error] [ecmel.vscode-html-css] provider FAILED
2025-04-09 16:59:09.012 [error] undefined
2025-04-09 16:59:44.618 [error] [ecmel.vscode-html-css] provider FAILED
2025-04-09 16:59:44.618 [error] undefined
2025-04-09 16:59:55.197 [error] [ecmel.vscode-html-css] provider FAILED
2025-04-09 16:59:55.197 [error] undefined
2025-04-09 16:59:56.015 [error] [ecmel.vscode-html-css] provider FAILED
2025-04-09 16:59:56.015 [error] undefined
2025-04-09 16:59:56.597 [error] [ecmel.vscode-html-css] provider FAILED
2025-04-09 16:59:56.597 [error] undefined
2025-04-09 16:59:56.915 [error] [ecmel.vscode-html-css] provider FAILED
2025-04-09 16:59:56.915 [error] undefined
2025-04-09 16:59:57.178 [error] [ecmel.vscode-html-css] provider FAILED
2025-04-09 16:59:57.179 [error] undefined
2025-04-09 16:59:57.580 [error] [ecmel.vscode-html-css] provider FAILED
2025-04-09 16:59:57.580 [error] undefined
2025-04-09 16:59:58.090 [error] [ecmel.vscode-html-css] provider FAILED
2025-04-09 16:59:58.090 [error] undefined
2025-04-09 16:59:58.577 [error] [ecmel.vscode-html-css] provider FAILED
2025-04-09 16:59:58.577 [error] undefined
2025-04-09 16:59:58.907 [error] [ecmel.vscode-html-css] provider FAILED
2025-04-09 16:59:58.907 [error] undefined
2025-04-09 16:59:59.943 [error] [ecmel.vscode-html-css] provider FAILED
2025-04-09 16:59:59.943 [error] undefined
2025-04-09 17:00:00.877 [error] [ecmel.vscode-html-css] provider FAILED
2025-04-09 17:00:00.877 [error] undefined
2025-04-09 17:00:01.712 [error] [ecmel.vscode-html-css] provider FAILED
2025-04-09 17:00:01.712 [error] undefined
2025-04-09 17:00:02.010 [error] [ecmel.vscode-html-css] provider FAILED
2025-04-09 17:00:02.010 [error] undefined
2025-04-09 17:00:03.545 [error] [ecmel.vscode-html-css] provider FAILED
2025-04-09 17:00:03.545 [error] undefined
2025-04-09 17:00:04.461 [error] [ecmel.vscode-html-css] provider FAILED
2025-04-09 17:00:04.461 [error] undefined
2025-04-09 17:00:04.988 [error] [ecmel.vscode-html-css] provider FAILED
2025-04-09 17:00:04.988 [error] undefined
2025-04-09 17:00:05.644 [error] [ecmel.vscode-html-css] provider FAILED
2025-04-09 17:00:05.644 [error] undefined
2025-04-09 17:04:59.468 [error] [ecmel.vscode-html-css] provider FAILED
2025-04-09 17:04:59.468 [error] undefined
2025-04-09 17:04:59.622 [error] [ecmel.vscode-html-css] provider FAILED
2025-04-09 17:04:59.622 [error] undefined
2025-04-09 17:04:59.638 [error] [ecmel.vscode-html-css] provider FAILED
2025-04-09 17:04:59.638 [error] undefined
2025-04-09 17:05:14.402 [error] [ecmel.vscode-html-css] provider FAILED
2025-04-09 17:05:14.402 [error] undefined
2025-04-09 17:05:14.817 [error] [ecmel.vscode-html-css] provider FAILED
2025-04-09 17:05:14.817 [error] undefined
2025-04-09 17:05:15.695 [error] [ecmel.vscode-html-css] provider FAILED
2025-04-09 17:05:15.695 [error] undefined
2025-04-09 17:05:15.737 [error] [ecmel.vscode-html-css] provider FAILED
2025-04-09 17:05:15.737 [error] undefined
2025-04-09 17:05:42.203 [error] [ecmel.vscode-html-css] provider FAILED
2025-04-09 17:05:42.203 [error] undefined
2025-04-09 17:05:42.318 [error] [ecmel.vscode-html-css] provider FAILED
2025-04-09 17:05:42.318 [error] undefined
2025-04-09 17:05:42.467 [error] [ecmel.vscode-html-css] provider FAILED
2025-04-09 17:05:42.467 [error] undefined
2025-04-09 17:05:42.586 [error] [ecmel.vscode-html-css] provider FAILED
2025-04-09 17:05:42.586 [error] undefined
2025-04-09 17:05:43.045 [error] [ecmel.vscode-html-css] provider FAILED
2025-04-09 17:05:43.045 [error] undefined
2025-04-09 17:05:43.091 [error] [ecmel.vscode-html-css] provider FAILED
2025-04-09 17:05:43.091 [error] undefined
2025-04-09 17:05:43.472 [error] [ecmel.vscode-html-css] provider FAILED
2025-04-09 17:05:43.472 [error] undefined
2025-04-09 17:05:43.522 [error] [ecmel.vscode-html-css] provider FAILED
2025-04-09 17:05:43.522 [error] undefined
2025-04-09 17:06:57.810 [error] [ecmel.vscode-html-css] provider FAILED
2025-04-09 17:06:57.810 [error] undefined
2025-04-09 17:06:58.420 [error] [ecmel.vscode-html-css] provider FAILED
2025-04-09 17:06:58.420 [error] undefined
2025-04-09 17:06:58.502 [error] [ecmel.vscode-html-css] provider FAILED
2025-04-09 17:06:58.502 [error] undefined
2025-04-09 17:06:58.516 [error] [ecmel.vscode-html-css] provider FAILED
2025-04-09 17:06:58.516 [error] undefined
2025-04-09 17:06:58.534 [error] [ecmel.vscode-html-css] provider FAILED
2025-04-09 17:06:58.534 [error] undefined
2025-04-09 17:07:09.310 [error] [ecmel.vscode-html-css] provider FAILED
2025-04-09 17:07:09.310 [error] undefined
2025-04-09 17:07:51.790 [error] [ecmel.vscode-html-css] provider FAILED
2025-04-09 17:07:51.790 [error] undefined
2025-04-09 17:08:42.054 [error] [ecmel.vscode-html-css] provider FAILED
2025-04-09 17:08:42.054 [error] undefined
2025-04-09 17:08:42.097 [error] [ecmel.vscode-html-css] provider FAILED
2025-04-09 17:08:42.097 [error] undefined
2025-04-09 17:08:46.924 [error] [ecmel.vscode-html-css] provider FAILED
2025-04-09 17:08:46.924 [error] undefined
2025-04-09 17:08:47.041 [error] [ecmel.vscode-html-css] provider FAILED
2025-04-09 17:08:47.041 [error] undefined
2025-04-09 17:08:47.057 [error] [ecmel.vscode-html-css] provider FAILED
2025-04-09 17:08:47.057 [error] undefined
2025-04-09 17:08:51.077 [error] [ecmel.vscode-html-css] provider FAILED
2025-04-09 17:08:51.077 [error] undefined
2025-04-09 17:10:59.176 [error] [ecmel.vscode-html-css] provider FAILED
2025-04-09 17:10:59.176 [error] undefined
2025-04-09 17:10:59.930 [error] [ecmel.vscode-html-css] provider FAILED
2025-04-09 17:10:59.930 [error] undefined
2025-04-09 17:11:00.603 [error] [ecmel.vscode-html-css] provider FAILED
2025-04-09 17:11:00.603 [error] undefined
2025-04-09 17:11:00.972 [error] [ecmel.vscode-html-css] provider FAILED
2025-04-09 17:11:00.972 [error] undefined
2025-04-09 17:11:02.306 [error] [ecmel.vscode-html-css] provider FAILED
2025-04-09 17:11:02.306 [error] undefined
2025-04-09 17:11:02.481 [error] [ecmel.vscode-html-css] provider FAILED
2025-04-09 17:11:02.481 [error] undefined
2025-04-09 17:11:02.765 [error] [ecmel.vscode-html-css] provider FAILED
2025-04-09 17:11:02.765 [error] undefined
2025-04-09 17:11:03.058 [error] [ecmel.vscode-html-css] provider FAILED
2025-04-09 17:11:03.058 [error] undefined
2025-04-09 17:11:03.276 [error] [ecmel.vscode-html-css] provider FAILED
2025-04-09 17:11:03.276 [error] undefined
2025-04-09 17:11:04.675 [error] [ecmel.vscode-html-css] provider FAILED
2025-04-09 17:11:04.675 [error] undefined
2025-04-09 17:11:05.191 [error] [ecmel.vscode-html-css] provider FAILED
2025-04-09 17:11:05.192 [error] undefined
2025-04-09 17:11:10.169 [error] [ecmel.vscode-html-css] provider FAILED
2025-04-09 17:11:10.169 [error] undefined
2025-04-09 17:11:10.792 [error] [ecmel.vscode-html-css] provider FAILED
2025-04-09 17:11:10.792 [error] undefined
2025-04-09 17:11:10.925 [error] [ecmel.vscode-html-css] provider FAILED
2025-04-09 17:11:10.926 [error] undefined
2025-04-09 17:11:11.153 [error] [ecmel.vscode-html-css] provider FAILED
2025-04-09 17:11:11.153 [error] undefined
2025-04-09 17:11:11.297 [error] [ecmel.vscode-html-css] provider FAILED
2025-04-09 17:11:11.297 [error] undefined
2025-04-09 17:11:11.464 [error] [ecmel.vscode-html-css] provider FAILED
2025-04-09 17:11:11.464 [error] undefined
2025-04-09 17:11:11.575 [error] [ecmel.vscode-html-css] provider FAILED
2025-04-09 17:11:11.575 [error] undefined
2025-04-09 17:11:12.107 [error] [ecmel.vscode-html-css] provider FAILED
2025-04-09 17:11:12.107 [error] undefined
2025-04-09 17:11:12.509 [error] [ecmel.vscode-html-css] provider FAILED
2025-04-09 17:11:12.509 [error] undefined
2025-04-09 17:11:16.369 [error] [ecmel.vscode-html-css] provider FAILED
2025-04-09 17:11:16.369 [error] undefined
2025-04-09 17:11:20.558 [error] [ecmel.vscode-html-css] provider FAILED
2025-04-09 17:11:20.558 [error] undefined
2025-04-09 17:11:21.940 [error] [ecmel.vscode-html-css] provider FAILED
2025-04-09 17:11:21.940 [error] undefined
2025-04-09 17:11:22.672 [error] [ecmel.vscode-html-css] provider FAILED
2025-04-09 17:11:22.672 [error] undefined
2025-04-09 17:11:41.073 [error] [ecmel.vscode-html-css] provider FAILED
2025-04-09 17:11:41.073 [error] undefined
2025-04-09 17:11:42.217 [error] [ecmel.vscode-html-css] provider FAILED
2025-04-09 17:11:42.217 [error] undefined
2025-04-09 17:11:48.895 [error] [ecmel.vscode-html-css] provider FAILED
2025-04-09 17:11:48.895 [error] undefined
2025-04-09 17:11:52.197 [error] [ecmel.vscode-html-css] provider FAILED
2025-04-09 17:11:52.197 [error] undefined
2025-04-09 17:11:57.461 [error] [ecmel.vscode-html-css] provider FAILED
2025-04-09 17:11:57.461 [error] undefined
2025-04-09 17:12:01.274 [error] [ecmel.vscode-html-css] provider FAILED
2025-04-09 17:12:01.274 [error] undefined
2025-04-09 17:12:09.278 [error] [ecmel.vscode-html-css] provider FAILED
2025-04-09 17:12:09.278 [error] undefined
2025-04-09 17:12:14.613 [error] [ecmel.vscode-html-css] provider FAILED
2025-04-09 17:12:14.613 [error] undefined
2025-04-09 17:13:57.931 [error] [ecmel.vscode-html-css] provider FAILED
2025-04-09 17:13:57.931 [error] undefined
2025-04-09 17:13:58.119 [error] [ecmel.vscode-html-css] provider FAILED
2025-04-09 17:13:58.119 [error] undefined
2025-04-09 17:13:58.331 [error] [ecmel.vscode-html-css] provider FAILED
2025-04-09 17:13:58.331 [error] undefined
2025-04-09 17:13:58.494 [error] [ecmel.vscode-html-css] provider FAILED
2025-04-09 17:13:58.494 [error] undefined
2025-04-09 17:13:58.658 [error] [ecmel.vscode-html-css] provider FAILED
2025-04-09 17:13:58.658 [error] undefined
2025-04-09 17:13:58.823 [error] [ecmel.vscode-html-css] provider FAILED
2025-04-09 17:13:58.823 [error] undefined
2025-04-09 17:13:58.979 [error] [ecmel.vscode-html-css] provider FAILED
2025-04-09 17:13:58.979 [error] undefined
2025-04-09 17:14:05.274 [error] [ecmel.vscode-html-css] provider FAILED
2025-04-09 17:14:05.274 [error] undefined
2025-04-09 17:14:12.636 [error] [ecmel.vscode-html-css] provider FAILED
2025-04-09 17:14:12.636 [error] undefined
2025-04-09 17:14:30.063 [error] [ecmel.vscode-html-css] provider FAILED
2025-04-09 17:14:30.064 [error] undefined
2025-04-09 17:15:36.921 [error] [ecmel.vscode-html-css] provider FAILED
2025-04-09 17:15:36.921 [error] undefined
2025-04-09 17:15:37.066 [error] [ecmel.vscode-html-css] provider FAILED
2025-04-09 17:15:37.066 [error] undefined
2025-04-09 17:15:37.416 [error] [ecmel.vscode-html-css] provider FAILED
2025-04-09 17:15:37.416 [error] undefined
2025-04-09 17:15:37.526 [error] [ecmel.vscode-html-css] provider FAILED
2025-04-09 17:15:37.526 [error] undefined
2025-04-09 17:15:37.903 [error] [ecmel.vscode-html-css] provider FAILED
2025-04-09 17:15:37.903 [error] undefined
2025-04-09 17:15:37.962 [error] [ecmel.vscode-html-css] provider FAILED
2025-04-09 17:15:37.962 [error] undefined
2025-04-09 17:15:38.138 [error] [ecmel.vscode-html-css] provider FAILED
2025-04-09 17:15:38.138 [error] undefined
2025-04-09 17:15:38.359 [error] [ecmel.vscode-html-css] provider FAILED
2025-04-09 17:15:38.359 [error] undefined
2025-04-09 17:15:38.583 [error] [ecmel.vscode-html-css] provider FAILED
2025-04-09 17:15:38.583 [error] undefined
2025-04-09 17:15:38.958 [error] [ecmel.vscode-html-css] provider FAILED
2025-04-09 17:15:38.958 [error] undefined
2025-04-09 17:15:39.956 [error] [ecmel.vscode-html-css] provider FAILED
2025-04-09 17:15:39.956 [error] undefined
2025-04-09 17:15:40.901 [error] [ecmel.vscode-html-css] provider FAILED
2025-04-09 17:15:40.901 [error] undefined
2025-04-09 17:15:42.531 [error] [ecmel.vscode-html-css] provider FAILED
2025-04-09 17:15:42.531 [error] undefined
2025-04-09 17:15:42.650 [error] [ecmel.vscode-html-css] provider FAILED
2025-04-09 17:15:42.650 [error] undefined
2025-04-09 17:15:43.064 [error] [ecmel.vscode-html-css] provider FAILED
2025-04-09 17:15:43.064 [error] undefined
2025-04-09 17:15:43.273 [error] [ecmel.vscode-html-css] provider FAILED
2025-04-09 17:15:43.273 [error] undefined
2025-04-09 17:15:43.689 [error] [ecmel.vscode-html-css] provider FAILED
2025-04-09 17:15:43.689 [error] undefined
2025-04-09 17:15:43.842 [error] [ecmel.vscode-html-css] provider FAILED
2025-04-09 17:15:43.842 [error] undefined
2025-04-09 17:15:44.108 [error] [ecmel.vscode-html-css] provider FAILED
2025-04-09 17:15:44.108 [error] undefined
2025-04-09 17:15:44.534 [error] [ecmel.vscode-html-css] provider FAILED
2025-04-09 17:15:44.535 [error] undefined
2025-04-09 17:15:44.598 [error] [ecmel.vscode-html-css] provider FAILED
2025-04-09 17:15:44.598 [error] undefined
2025-04-09 17:15:44.840 [error] [ecmel.vscode-html-css] provider FAILED
2025-04-09 17:15:44.840 [error] undefined
2025-04-09 17:15:46.725 [error] [ecmel.vscode-html-css] provider FAILED
2025-04-09 17:15:46.725 [error] undefined
2025-04-09 17:15:47.005 [error] [ecmel.vscode-html-css] provider FAILED
2025-04-09 17:15:47.005 [error] undefined
2025-04-09 17:15:47.860 [error] [ecmel.vscode-html-css] provider FAILED
2025-04-09 17:15:47.860 [error] undefined
2025-04-09 17:15:48.087 [error] [ecmel.vscode-html-css] provider FAILED
2025-04-09 17:15:48.087 [error] undefined
2025-04-09 17:15:48.392 [error] [ecmel.vscode-html-css] provider FAILED
2025-04-09 17:15:48.392 [error] undefined
2025-04-09 17:15:48.767 [error] [ecmel.vscode-html-css] provider FAILED
2025-04-09 17:15:48.767 [error] undefined
2025-04-09 17:15:49.405 [error] [ecmel.vscode-html-css] provider FAILED
2025-04-09 17:15:49.405 [error] undefined
2025-04-09 17:15:49.495 [error] [ecmel.vscode-html-css] provider FAILED
2025-04-09 17:15:49.495 [error] undefined
2025-04-09 17:15:49.724 [error] [ecmel.vscode-html-css] provider FAILED
2025-04-09 17:15:49.724 [error] undefined
2025-04-09 17:15:50.141 [error] [ecmel.vscode-html-css] provider FAILED
2025-04-09 17:15:50.141 [error] undefined
2025-04-09 17:15:50.383 [error] [ecmel.vscode-html-css] provider FAILED
2025-04-09 17:15:50.383 [error] undefined
2025-04-09 17:15:51.982 [error] [ecmel.vscode-html-css] provider FAILED
2025-04-09 17:15:51.982 [error] undefined
2025-04-09 17:15:53.497 [error] [ecmel.vscode-html-css] provider FAILED
2025-04-09 17:15:53.497 [error] undefined
2025-04-09 17:15:54.989 [error] [ecmel.vscode-html-css] provider FAILED
2025-04-09 17:15:54.989 [error] undefined
2025-04-09 17:15:55.106 [error] [ecmel.vscode-html-css] provider FAILED
2025-04-09 17:15:55.106 [error] undefined
2025-04-09 17:15:55.369 [error] [ecmel.vscode-html-css] provider FAILED
2025-04-09 17:15:55.369 [error] undefined
2025-04-09 17:15:56.202 [error] [ecmel.vscode-html-css] provider FAILED
2025-04-09 17:15:56.202 [error] undefined
2025-04-09 17:15:56.982 [error] [ecmel.vscode-html-css] provider FAILED
2025-04-09 17:15:56.982 [error] undefined
2025-04-09 17:15:57.328 [error] [ecmel.vscode-html-css] provider FAILED
2025-04-09 17:15:57.328 [error] undefined
2025-04-09 17:15:57.664 [error] [ecmel.vscode-html-css] provider FAILED
2025-04-09 17:15:57.664 [error] undefined
2025-04-09 17:15:58.171 [error] [ecmel.vscode-html-css] provider FAILED
2025-04-09 17:15:58.171 [error] undefined
2025-04-09 17:15:58.679 [error] [ecmel.vscode-html-css] provider FAILED
2025-04-09 17:15:58.679 [error] undefined
2025-04-09 17:15:58.843 [error] [ecmel.vscode-html-css] provider FAILED
2025-04-09 17:15:58.843 [error] undefined
2025-04-09 17:15:59.389 [error] [ecmel.vscode-html-css] provider FAILED
2025-04-09 17:15:59.389 [error] undefined
2025-04-09 17:16:00.487 [error] [ecmel.vscode-html-css] provider FAILED
2025-04-09 17:16:00.487 [error] undefined
2025-04-09 17:16:01.210 [error] [ecmel.vscode-html-css] provider FAILED
2025-04-09 17:16:01.210 [error] undefined
2025-04-09 17:16:13.445 [error] [ecmel.vscode-html-css] provider FAILED
2025-04-09 17:16:13.445 [error] undefined
2025-04-09 17:16:13.880 [error] [ecmel.vscode-html-css] provider FAILED
2025-04-09 17:16:13.880 [error] undefined
2025-04-09 17:16:13.971 [error] [ecmel.vscode-html-css] provider FAILED
2025-04-09 17:16:13.971 [error] undefined
2025-04-09 17:16:14.188 [error] [ecmel.vscode-html-css] provider FAILED
2025-04-09 17:16:14.188 [error] undefined
2025-04-09 17:16:14.301 [error] [ecmel.vscode-html-css] provider FAILED
2025-04-09 17:16:14.301 [error] undefined
2025-04-09 17:16:14.475 [error] [ecmel.vscode-html-css] provider FAILED
2025-04-09 17:16:14.475 [error] undefined
2025-04-09 17:16:15.094 [error] [ecmel.vscode-html-css] provider FAILED
2025-04-09 17:16:15.094 [error] undefined
2025-04-09 17:16:15.677 [error] [ecmel.vscode-html-css] provider FAILED
2025-04-09 17:16:15.677 [error] undefined
2025-04-09 17:16:16.206 [error] [ecmel.vscode-html-css] provider FAILED
2025-04-09 17:16:16.206 [error] undefined
2025-04-09 17:16:18.007 [error] [ecmel.vscode-html-css] provider FAILED
2025-04-09 17:16:18.007 [error] undefined
2025-04-09 17:16:18.581 [error] [ecmel.vscode-html-css] provider FAILED
2025-04-09 17:16:18.581 [error] undefined
2025-04-09 17:16:18.785 [error] [ecmel.vscode-html-css] provider FAILED
2025-04-09 17:16:18.785 [error] undefined
2025-04-09 17:16:21.182 [error] [ecmel.vscode-html-css] provider FAILED
2025-04-09 17:16:21.182 [error] undefined
2025-04-09 17:16:25.718 [error] [ecmel.vscode-html-css] provider FAILED
2025-04-09 17:16:25.718 [error] undefined
2025-04-09 17:16:26.245 [error] [ecmel.vscode-html-css] provider FAILED
2025-04-09 17:16:26.245 [error] undefined
2025-04-09 17:16:27.296 [error] [ecmel.vscode-html-css] provider FAILED
2025-04-09 17:16:27.296 [error] undefined
2025-04-09 17:16:28.682 [error] [ecmel.vscode-html-css] provider FAILED
2025-04-09 17:16:28.682 [error] undefined
2025-04-09 17:16:29.015 [error] [ecmel.vscode-html-css] provider FAILED
2025-04-09 17:16:29.015 [error] undefined
2025-04-09 17:16:29.848 [error] [ecmel.vscode-html-css] provider FAILED
2025-04-09 17:16:29.848 [error] undefined
2025-04-09 17:16:33.693 [error] [ecmel.vscode-html-css] provider FAILED
2025-04-09 17:16:33.693 [error] undefined
2025-04-09 17:16:34.415 [error] [ecmel.vscode-html-css] provider FAILED
2025-04-09 17:16:34.415 [error] undefined
2025-04-09 17:16:34.889 [error] [ecmel.vscode-html-css] provider FAILED
2025-04-09 17:16:34.889 [error] undefined
2025-04-09 17:16:35.517 [error] [ecmel.vscode-html-css] provider FAILED
2025-04-09 17:16:35.517 [error] undefined
2025-04-09 17:16:36.341 [error] [ecmel.vscode-html-css] provider FAILED
2025-04-09 17:16:36.342 [error] undefined
2025-04-09 17:18:10.553 [error] [ecmel.vscode-html-css] provider FAILED
2025-04-09 17:18:10.553 [error] undefined
2025-04-09 17:18:10.587 [error] [ecmel.vscode-html-css] provider FAILED
2025-04-09 17:18:10.587 [error] undefined
2025-04-09 17:18:10.619 [error] [ecmel.vscode-html-css] provider FAILED
2025-04-09 17:18:10.619 [error] undefined
2025-04-09 17:18:10.670 [error] [ecmel.vscode-html-css] provider FAILED
2025-04-09 17:18:10.670 [error] undefined
2025-04-09 17:18:10.703 [error] [ecmel.vscode-html-css] provider FAILED
2025-04-09 17:18:10.703 [error] undefined
2025-04-09 17:18:17.448 [error] [ecmel.vscode-html-css] provider FAILED
2025-04-09 17:18:17.448 [error] undefined
2025-04-09 17:18:18.391 [error] [ecmel.vscode-html-css] provider FAILED
2025-04-09 17:18:18.391 [error] undefined
2025-04-09 17:18:18.720 [error] [ecmel.vscode-html-css] provider FAILED
2025-04-09 17:18:18.720 [error] undefined
2025-04-09 17:18:28.577 [error] [ecmel.vscode-html-css] provider FAILED
2025-04-09 17:18:28.577 [error] undefined
2025-04-09 17:18:30.211 [error] [ecmel.vscode-html-css] provider FAILED
2025-04-09 17:18:30.211 [error] undefined
2025-04-09 17:18:30.374 [error] [ecmel.vscode-html-css] provider FAILED
2025-04-09 17:18:30.374 [error] undefined
2025-04-09 17:18:30.573 [error] [ecmel.vscode-html-css] provider FAILED
2025-04-09 17:18:30.573 [error] undefined
2025-04-09 17:18:31.090 [error] [ecmel.vscode-html-css] provider FAILED
2025-04-09 17:18:31.090 [error] undefined
2025-04-09 17:18:31.665 [error] [ecmel.vscode-html-css] provider FAILED
2025-04-09 17:18:31.665 [error] undefined
2025-04-09 17:25:37.156 [info] Extension host terminating: renderer closed the MessagePort
2025-04-09 17:25:37.166 [info] Extension host with pid 9322 exiting with code 0
