2025-04-08 15:11:08.438 [info] [main] Log level: Info
2025-04-08 15:11:08.438 [info] [main] Validating found git in: "git"
2025-04-08 15:11:08.438 [info] [main] Using git "2.49.0" from "git"
2025-04-08 15:11:08.438 [info] [Model][doInitialScan] Initial repository scan started
2025-04-08 15:11:08.438 [info] > git rev-parse --show-toplevel [95ms]
2025-04-08 15:11:08.438 [info] fatal: not a git repository (or any parent up to mount point /)
Stopping at filesystem boundary (GIT_DISCOVERY_ACROSS_FILESYSTEM not set).
2025-04-08 15:11:08.438 [info] > git rev-parse --show-toplevel [9ms]
2025-04-08 15:11:08.438 [info] fatal: not a git repository (or any parent up to mount point /)
Stopping at filesystem boundary (GIT_DISCOVERY_ACROSS_FILESYSTEM not set).
2025-04-08 15:11:08.446 [info] > git rev-parse --show-toplevel [2ms]
2025-04-08 15:11:08.446 [info] fatal: not a git repository (or any parent up to mount point /)
Stopping at filesystem boundary (GIT_DISCOVERY_ACROSS_FILESYSTEM not set).
2025-04-08 15:11:08.451 [info] > git rev-parse --show-toplevel [1ms]
2025-04-08 15:11:08.451 [info] fatal: not a git repository (or any parent up to mount point /)
Stopping at filesystem boundary (GIT_DISCOVERY_ACROSS_FILESYSTEM not set).
2025-04-08 15:11:08.454 [info] > git rev-parse --show-toplevel [0ms]
2025-04-08 15:11:08.454 [info] fatal: not a git repository (or any parent up to mount point /)
Stopping at filesystem boundary (GIT_DISCOVERY_ACROSS_FILESYSTEM not set).
2025-04-08 15:11:08.461 [info] > git rev-parse --show-toplevel [4ms]
2025-04-08 15:11:08.461 [info] fatal: not a git repository (or any parent up to mount point /)
Stopping at filesystem boundary (GIT_DISCOVERY_ACROSS_FILESYSTEM not set).
2025-04-08 15:11:08.476 [info] > git rev-parse --show-toplevel [12ms]
2025-04-08 15:11:08.476 [info] fatal: not a git repository (or any parent up to mount point /)
Stopping at filesystem boundary (GIT_DISCOVERY_ACROSS_FILESYSTEM not set).
2025-04-08 15:11:08.476 [info] [Model][doInitialScan] Initial repository scan completed - repositories (0), closed repositories (0), parent repositories (0), unsafe repositories (0)
2025-04-08 15:11:09.928 [info] > git rev-parse --show-toplevel [1ms]
2025-04-08 15:11:09.928 [info] fatal: not a git repository (or any parent up to mount point /)
Stopping at filesystem boundary (GIT_DISCOVERY_ACROSS_FILESYSTEM not set).
