[INFO 11:38:02 AM] miguelsolorio.symbols activated
[INFO 11:38:02 AM] symbols.hidesExplorerArrows changed, updating to false
[INFO 11:38:02 AM] symbols.folders.associations changed, updating to undefined
[INFO 11:38:02 AM] symbols.files.associations changed, updating to undefined
[INFO 11:38:02 AM] symbols.hidesExplorerArrows changed, updating to false
[INFO 11:38:02 AM] symbols.folders.associations changed, updating to undefined
[INFO 11:38:02 AM] symbols.files.associations changed, updating to undefined
[INFO 11:38:04 AM] symbols.hidesExplorerArrows changed, updating to false
[INFO 11:38:04 AM] symbols.folders.associations changed, updating to undefined
[INFO 11:38:04 AM] symbols.files.associations changed, updating to undefined
[INFO 11:38:05 AM] symbols.hidesExplorerArrows changed, updating to false
[INFO 11:38:05 AM] symbols.folders.associations changed, updating to undefined
[INFO 11:38:05 AM] symbols.files.associations changed, updating to undefined
[INFO 11:38:06 AM] symbols.hidesExplorerArrows changed, updating to false
[INFO 11:38:06 AM] symbols.folders.associations changed, updating to undefined
[INFO 11:38:06 AM] symbols.files.associations changed, updating to undefined
[INFO 11:38:33 AM] symbols.hidesExplorerArrows changed, updating to false
[INFO 11:38:33 AM] symbols.folders.associations changed, updating to undefined
[INFO 11:38:33 AM] symbols.files.associations changed, updating to undefined
[INFO 11:38:54 AM] symbols.hidesExplorerArrows changed, updating to false
[INFO 11:38:54 AM] symbols.folders.associations changed, updating to undefined
[INFO 11:38:54 AM] symbols.files.associations changed, updating to undefined
[INFO 11:38:59 AM] symbols.hidesExplorerArrows changed, updating to false
[INFO 11:38:59 AM] symbols.folders.associations changed, updating to undefined
[INFO 11:38:59 AM] symbols.files.associations changed, updating to undefined
[INFO 11:40:01 AM] symbols.hidesExplorerArrows changed, updating to false
[INFO 11:40:01 AM] symbols.folders.associations changed, updating to undefined
[INFO 11:40:01 AM] symbols.files.associations changed, updating to undefined
[INFO 11:40:02 AM] symbols.hidesExplorerArrows changed, updating to false
[INFO 11:40:02 AM] symbols.folders.associations changed, updating to undefined
[INFO 11:40:02 AM] symbols.files.associations changed, updating to undefined
[INFO 11:40:06 AM] symbols.hidesExplorerArrows changed, updating to false
[INFO 11:40:06 AM] symbols.folders.associations changed, updating to undefined
[INFO 11:40:06 AM] symbols.files.associations changed, updating to undefined
[INFO 11:42:54 AM] symbols.hidesExplorerArrows changed, updating to false
[INFO 11:42:54 AM] symbols.folders.associations changed, updating to undefined
[INFO 11:42:54 AM] symbols.files.associations changed, updating to undefined
[INFO 11:42:55 AM] symbols.hidesExplorerArrows changed, updating to false
[INFO 11:42:55 AM] symbols.folders.associations changed, updating to undefined
[INFO 11:42:55 AM] symbols.files.associations changed, updating to undefined
[INFO 11:44:12 AM] symbols.hidesExplorerArrows changed, updating to false
[INFO 11:44:12 AM] symbols.folders.associations changed, updating to undefined
[INFO 11:44:12 AM] symbols.files.associations changed, updating to undefined
[INFO 11:44:56 AM] symbols.hidesExplorerArrows changed, updating to false
[INFO 11:44:56 AM] symbols.folders.associations changed, updating to undefined
[INFO 11:44:56 AM] symbols.files.associations changed, updating to undefined
[INFO 11:44:57 AM] symbols.hidesExplorerArrows changed, updating to false
[INFO 11:44:57 AM] symbols.folders.associations changed, updating to undefined
[INFO 11:44:57 AM] symbols.files.associations changed, updating to undefined
[INFO 11:45:09 AM] symbols.hidesExplorerArrows changed, updating to false
[INFO 11:45:09 AM] symbols.folders.associations changed, updating to undefined
[INFO 11:45:09 AM] symbols.files.associations changed, updating to undefined
[INFO 11:45:20 AM] symbols.hidesExplorerArrows changed, updating to false
[INFO 11:45:20 AM] symbols.folders.associations changed, updating to undefined
[INFO 11:45:20 AM] symbols.files.associations changed, updating to undefined
[INFO 11:45:20 AM] symbols.hidesExplorerArrows changed, updating to false
[INFO 11:45:20 AM] symbols.folders.associations changed, updating to undefined
[INFO 11:45:20 AM] symbols.files.associations changed, updating to undefined
[INFO 11:47:39 AM] symbols.hidesExplorerArrows changed, updating to false
[INFO 11:47:39 AM] symbols.folders.associations changed, updating to undefined
[INFO 11:47:39 AM] symbols.files.associations changed, updating to undefined
[INFO 11:47:41 AM] symbols.hidesExplorerArrows changed, updating to false
[INFO 11:47:41 AM] symbols.folders.associations changed, updating to undefined
[INFO 11:47:41 AM] symbols.files.associations changed, updating to undefined
[INFO 11:50:38 AM] symbols.hidesExplorerArrows changed, updating to false
[INFO 11:50:38 AM] symbols.folders.associations changed, updating to undefined
[INFO 11:50:38 AM] symbols.files.associations changed, updating to undefined
[INFO 11:50:43 AM] symbols.hidesExplorerArrows changed, updating to false
[INFO 11:50:43 AM] symbols.folders.associations changed, updating to undefined
[INFO 11:50:43 AM] symbols.files.associations changed, updating to undefined
[INFO 11:51:07 AM] symbols.hidesExplorerArrows changed, updating to false
[INFO 11:51:07 AM] symbols.folders.associations changed, updating to undefined
[INFO 11:51:07 AM] symbols.files.associations changed, updating to undefined
[INFO 11:51:08 AM] symbols.hidesExplorerArrows changed, updating to false
[INFO 11:51:08 AM] symbols.folders.associations changed, updating to undefined
[INFO 11:51:08 AM] symbols.files.associations changed, updating to undefined
[INFO 11:51:32 AM] symbols.hidesExplorerArrows changed, updating to false
[INFO 11:51:32 AM] symbols.folders.associations changed, updating to undefined
[INFO 11:51:32 AM] symbols.files.associations changed, updating to undefined
[INFO 11:51:56 AM] symbols.hidesExplorerArrows changed, updating to false
[INFO 11:51:56 AM] symbols.folders.associations changed, updating to undefined
[INFO 11:51:56 AM] symbols.files.associations changed, updating to undefined
[INFO 11:51:57 AM] symbols.hidesExplorerArrows changed, updating to false
[INFO 11:51:57 AM] symbols.folders.associations changed, updating to undefined
[INFO 11:51:57 AM] symbols.files.associations changed, updating to undefined
[INFO 11:51:57 AM] symbols.hidesExplorerArrows changed, updating to false
[INFO 11:51:57 AM] symbols.folders.associations changed, updating to undefined
[INFO 11:51:57 AM] symbols.files.associations changed, updating to undefined
[INFO 11:51:58 AM] symbols.hidesExplorerArrows changed, updating to false
[INFO 11:51:58 AM] symbols.folders.associations changed, updating to undefined
[INFO 11:51:58 AM] symbols.files.associations changed, updating to undefined
[INFO 11:52:06 AM] symbols.hidesExplorerArrows changed, updating to false
[INFO 11:52:06 AM] symbols.folders.associations changed, updating to undefined
[INFO 11:52:06 AM] symbols.files.associations changed, updating to undefined
[INFO 11:52:17 AM] symbols.hidesExplorerArrows changed, updating to false
[INFO 11:52:17 AM] symbols.folders.associations changed, updating to undefined
[INFO 11:52:17 AM] symbols.files.associations changed, updating to undefined
[INFO 11:55:15 AM] symbols.hidesExplorerArrows changed, updating to false
[INFO 11:55:15 AM] symbols.folders.associations changed, updating to undefined
[INFO 11:55:15 AM] symbols.files.associations changed, updating to undefined
[INFO 11:55:19 AM] symbols.hidesExplorerArrows changed, updating to false
[INFO 11:55:19 AM] symbols.folders.associations changed, updating to undefined
[INFO 11:55:19 AM] symbols.files.associations changed, updating to undefined
[INFO 11:55:20 AM] symbols.hidesExplorerArrows changed, updating to false
[INFO 11:55:20 AM] symbols.folders.associations changed, updating to undefined
[INFO 11:55:20 AM] symbols.files.associations changed, updating to undefined
[INFO 11:55:23 AM] symbols.hidesExplorerArrows changed, updating to false
[INFO 11:55:23 AM] symbols.folders.associations changed, updating to undefined
[INFO 11:55:23 AM] symbols.files.associations changed, updating to undefined
[INFO 11:55:24 AM] symbols.hidesExplorerArrows changed, updating to false
[INFO 11:55:24 AM] symbols.folders.associations changed, updating to undefined
[INFO 11:55:24 AM] symbols.files.associations changed, updating to undefined
[INFO 11:55:29 AM] symbols.hidesExplorerArrows changed, updating to false
[INFO 11:55:29 AM] symbols.folders.associations changed, updating to undefined
[INFO 11:55:29 AM] symbols.files.associations changed, updating to undefined
[INFO 11:56:27 AM] symbols.hidesExplorerArrows changed, updating to false
[INFO 11:56:27 AM] symbols.folders.associations changed, updating to undefined
[INFO 11:56:27 AM] symbols.files.associations changed, updating to undefined
[INFO 11:56:45 AM] symbols.hidesExplorerArrows changed, updating to false
[INFO 11:56:45 AM] symbols.folders.associations changed, updating to undefined
[INFO 11:56:45 AM] symbols.files.associations changed, updating to undefined
[INFO 11:56:54 AM] symbols.hidesExplorerArrows changed, updating to false
[INFO 11:56:54 AM] symbols.folders.associations changed, updating to undefined
[INFO 11:56:54 AM] symbols.files.associations changed, updating to undefined
[INFO 11:58:45 AM] symbols.hidesExplorerArrows changed, updating to false
[INFO 11:58:45 AM] symbols.folders.associations changed, updating to undefined
[INFO 11:58:45 AM] symbols.files.associations changed, updating to undefined
[INFO 11:59:24 AM] symbols.hidesExplorerArrows changed, updating to false
[INFO 11:59:24 AM] symbols.folders.associations changed, updating to undefined
[INFO 11:59:24 AM] symbols.files.associations changed, updating to undefined
[INFO 11:59:38 AM] symbols.hidesExplorerArrows changed, updating to false
[INFO 11:59:38 AM] symbols.folders.associations changed, updating to undefined
[INFO 11:59:38 AM] symbols.files.associations changed, updating to undefined
[INFO 12:01:08 PM] symbols.hidesExplorerArrows changed, updating to false
[INFO 12:01:08 PM] symbols.folders.associations changed, updating to undefined
[INFO 12:01:08 PM] symbols.files.associations changed, updating to undefined
[INFO 12:01:14 PM] symbols.hidesExplorerArrows changed, updating to false
[INFO 12:01:14 PM] symbols.folders.associations changed, updating to undefined
[INFO 12:01:14 PM] symbols.files.associations changed, updating to undefined
[INFO 12:01:17 PM] symbols.hidesExplorerArrows changed, updating to false
[INFO 12:01:17 PM] symbols.folders.associations changed, updating to undefined
[INFO 12:01:17 PM] symbols.files.associations changed, updating to undefined
[INFO 12:01:18 PM] symbols.hidesExplorerArrows changed, updating to false
[INFO 12:01:18 PM] symbols.folders.associations changed, updating to undefined
[INFO 12:01:18 PM] symbols.files.associations changed, updating to undefined
[INFO 12:01:44 PM] symbols.hidesExplorerArrows changed, updating to false
[INFO 12:01:44 PM] symbols.folders.associations changed, updating to undefined
[INFO 12:01:44 PM] symbols.files.associations changed, updating to undefined
[INFO 12:01:45 PM] symbols.hidesExplorerArrows changed, updating to false
[INFO 12:01:45 PM] symbols.folders.associations changed, updating to undefined
[INFO 12:01:45 PM] symbols.files.associations changed, updating to undefined
[INFO 12:02:39 PM] symbols.hidesExplorerArrows changed, updating to false
[INFO 12:02:39 PM] symbols.folders.associations changed, updating to undefined
[INFO 12:02:39 PM] symbols.files.associations changed, updating to undefined
[INFO 12:02:44 PM] symbols.hidesExplorerArrows changed, updating to false
[INFO 12:02:44 PM] symbols.folders.associations changed, updating to undefined
[INFO 12:02:44 PM] symbols.files.associations changed, updating to undefined
[INFO 12:03:28 PM] symbols.hidesExplorerArrows changed, updating to false
[INFO 12:03:28 PM] symbols.folders.associations changed, updating to undefined
[INFO 12:03:28 PM] symbols.files.associations changed, updating to undefined
[INFO 12:03:29 PM] symbols.hidesExplorerArrows changed, updating to false
[INFO 12:03:29 PM] symbols.folders.associations changed, updating to undefined
[INFO 12:03:29 PM] symbols.files.associations changed, updating to undefined
[INFO 12:06:03 PM] symbols.hidesExplorerArrows changed, updating to false
[INFO 12:06:03 PM] symbols.folders.associations changed, updating to undefined
[INFO 12:06:03 PM] symbols.files.associations changed, updating to undefined
[INFO 12:06:04 PM] symbols.hidesExplorerArrows changed, updating to false
[INFO 12:06:04 PM] symbols.folders.associations changed, updating to undefined
[INFO 12:06:04 PM] symbols.files.associations changed, updating to undefined
[INFO 12:06:17 PM] symbols.hidesExplorerArrows changed, updating to false
[INFO 12:06:17 PM] symbols.folders.associations changed, updating to undefined
[INFO 12:06:17 PM] symbols.files.associations changed, updating to undefined
[INFO 12:06:32 PM] symbols.hidesExplorerArrows changed, updating to false
[INFO 12:06:32 PM] symbols.folders.associations changed, updating to undefined
[INFO 12:06:32 PM] symbols.files.associations changed, updating to undefined
[INFO 12:06:58 PM] symbols.hidesExplorerArrows changed, updating to false
[INFO 12:06:58 PM] symbols.folders.associations changed, updating to undefined
[INFO 12:06:58 PM] symbols.files.associations changed, updating to undefined
[INFO 12:07:01 PM] symbols.hidesExplorerArrows changed, updating to false
[INFO 12:07:01 PM] symbols.folders.associations changed, updating to undefined
[INFO 12:07:01 PM] symbols.files.associations changed, updating to undefined
[INFO 12:07:02 PM] symbols.hidesExplorerArrows changed, updating to false
[INFO 12:07:02 PM] symbols.folders.associations changed, updating to undefined
[INFO 12:07:02 PM] symbols.files.associations changed, updating to undefined
[INFO 12:07:03 PM] symbols.hidesExplorerArrows changed, updating to false
[INFO 12:07:03 PM] symbols.folders.associations changed, updating to undefined
[INFO 12:07:03 PM] symbols.files.associations changed, updating to undefined
[INFO 12:12:58 PM] symbols.hidesExplorerArrows changed, updating to false
[INFO 12:12:58 PM] symbols.folders.associations changed, updating to undefined
[INFO 12:12:58 PM] symbols.files.associations changed, updating to undefined
[INFO 12:13:01 PM] symbols.hidesExplorerArrows changed, updating to false
[INFO 12:13:01 PM] symbols.folders.associations changed, updating to undefined
[INFO 12:13:01 PM] symbols.files.associations changed, updating to undefined
[INFO 12:14:02 PM] symbols.hidesExplorerArrows changed, updating to false
[INFO 12:14:02 PM] symbols.folders.associations changed, updating to undefined
[INFO 12:14:02 PM] symbols.files.associations changed, updating to undefined
[INFO 12:14:28 PM] symbols.hidesExplorerArrows changed, updating to false
[INFO 12:14:28 PM] symbols.folders.associations changed, updating to undefined
[INFO 12:14:28 PM] symbols.files.associations changed, updating to undefined
[INFO 12:16:28 PM] symbols.hidesExplorerArrows changed, updating to false
[INFO 12:16:28 PM] symbols.folders.associations changed, updating to undefined
[INFO 12:16:28 PM] symbols.files.associations changed, updating to undefined
[INFO 12:16:49 PM] symbols.hidesExplorerArrows changed, updating to false
[INFO 12:16:49 PM] symbols.folders.associations changed, updating to undefined
[INFO 12:16:49 PM] symbols.files.associations changed, updating to undefined
[INFO 12:17:00 PM] symbols.hidesExplorerArrows changed, updating to false
[INFO 12:17:00 PM] symbols.folders.associations changed, updating to undefined
[INFO 12:17:00 PM] symbols.files.associations changed, updating to undefined
[INFO 12:18:07 PM] symbols.hidesExplorerArrows changed, updating to false
[INFO 12:18:07 PM] symbols.folders.associations changed, updating to undefined
[INFO 12:18:07 PM] symbols.files.associations changed, updating to undefined
[INFO 12:18:09 PM] symbols.hidesExplorerArrows changed, updating to false
[INFO 12:18:09 PM] symbols.folders.associations changed, updating to undefined
[INFO 12:18:09 PM] symbols.files.associations changed, updating to undefined
[INFO 12:18:38 PM] symbols.hidesExplorerArrows changed, updating to false
[INFO 12:18:38 PM] symbols.folders.associations changed, updating to undefined
[INFO 12:18:38 PM] symbols.files.associations changed, updating to undefined
[INFO 12:18:39 PM] symbols.hidesExplorerArrows changed, updating to false
[INFO 12:18:39 PM] symbols.folders.associations changed, updating to undefined
[INFO 12:18:39 PM] symbols.files.associations changed, updating to undefined
[INFO 12:22:43 PM] symbols.hidesExplorerArrows changed, updating to false
[INFO 12:22:43 PM] symbols.folders.associations changed, updating to undefined
[INFO 12:22:43 PM] symbols.files.associations changed, updating to undefined
[INFO 12:22:43 PM] symbols.hidesExplorerArrows changed, updating to false
[INFO 12:22:43 PM] symbols.folders.associations changed, updating to undefined
[INFO 12:22:43 PM] symbols.files.associations changed, updating to undefined
[INFO 12:22:50 PM] symbols.hidesExplorerArrows changed, updating to false
[INFO 12:22:50 PM] symbols.folders.associations changed, updating to undefined
[INFO 12:22:50 PM] symbols.files.associations changed, updating to undefined
[INFO 12:22:55 PM] symbols.hidesExplorerArrows changed, updating to false
[INFO 12:22:55 PM] symbols.folders.associations changed, updating to undefined
[INFO 12:22:55 PM] symbols.files.associations changed, updating to undefined
[INFO 12:22:56 PM] symbols.hidesExplorerArrows changed, updating to false
[INFO 12:22:56 PM] symbols.folders.associations changed, updating to undefined
[INFO 12:22:56 PM] symbols.files.associations changed, updating to undefined
[INFO 12:36:56 PM] symbols.hidesExplorerArrows changed, updating to false
[INFO 12:36:56 PM] symbols.folders.associations changed, updating to undefined
[INFO 12:36:56 PM] symbols.files.associations changed, updating to undefined
[INFO 12:36:59 PM] symbols.hidesExplorerArrows changed, updating to false
[INFO 12:36:59 PM] symbols.folders.associations changed, updating to undefined
[INFO 12:36:59 PM] symbols.files.associations changed, updating to undefined
[INFO 12:37:12 PM] symbols.hidesExplorerArrows changed, updating to false
[INFO 12:37:12 PM] symbols.folders.associations changed, updating to undefined
[INFO 12:37:12 PM] symbols.files.associations changed, updating to undefined
