2025-04-08 11:37:25.816 [info] [main] Log level: Info
2025-04-08 11:37:25.816 [info] [main] Validating found git in: "git"
2025-04-08 11:37:25.816 [info] [main] Using git "2.49.0" from "git"
2025-04-08 11:37:25.816 [info] [Model][doInitialScan] Initial repository scan started
2025-04-08 11:37:25.816 [info] > git rev-parse --show-toplevel [81ms]
2025-04-08 11:37:25.816 [info] fatal: not a git repository (or any parent up to mount point /)
Stopping at filesystem boundary (GIT_DISCOVERY_ACROSS_FILESYSTEM not set).
2025-04-08 11:37:25.816 [info] > git rev-parse --show-toplevel [3ms]
2025-04-08 11:37:25.816 [info] fatal: not a git repository (or any parent up to mount point /)
Stopping at filesystem boundary (GIT_DISCOVERY_ACROSS_FILESYSTEM not set).
2025-04-08 11:37:25.832 [info] > git rev-parse --show-toplevel [1ms]
2025-04-08 11:37:25.832 [info] fatal: not a git repository (or any parent up to mount point /)
Stopping at filesystem boundary (GIT_DISCOVERY_ACROSS_FILESYSTEM not set).
2025-04-08 11:37:25.843 [info] > git rev-parse --show-toplevel [2ms]
2025-04-08 11:37:25.843 [info] fatal: not a git repository (or any parent up to mount point /)
Stopping at filesystem boundary (GIT_DISCOVERY_ACROSS_FILESYSTEM not set).
2025-04-08 11:37:25.847 [info] > git rev-parse --show-toplevel [1ms]
2025-04-08 11:37:25.847 [info] fatal: not a git repository (or any parent up to mount point /)
Stopping at filesystem boundary (GIT_DISCOVERY_ACROSS_FILESYSTEM not set).
2025-04-08 11:37:25.850 [info] > git rev-parse --show-toplevel [1ms]
2025-04-08 11:37:25.850 [info] fatal: not a git repository (or any parent up to mount point /)
Stopping at filesystem boundary (GIT_DISCOVERY_ACROSS_FILESYSTEM not set).
2025-04-08 11:37:25.854 [info] > git rev-parse --show-toplevel [1ms]
2025-04-08 11:37:25.854 [info] fatal: not a git repository (or any parent up to mount point /)
Stopping at filesystem boundary (GIT_DISCOVERY_ACROSS_FILESYSTEM not set).
2025-04-08 11:37:25.857 [info] > git rev-parse --show-toplevel [1ms]
2025-04-08 11:37:25.857 [info] fatal: not a git repository (or any parent up to mount point /)
Stopping at filesystem boundary (GIT_DISCOVERY_ACROSS_FILESYSTEM not set).
2025-04-08 11:37:25.860 [info] > git rev-parse --show-toplevel [1ms]
2025-04-08 11:37:25.860 [info] fatal: not a git repository (or any parent up to mount point /)
Stopping at filesystem boundary (GIT_DISCOVERY_ACROSS_FILESYSTEM not set).
2025-04-08 11:37:25.863 [info] > git rev-parse --show-toplevel [1ms]
2025-04-08 11:37:25.866 [info] > git rev-parse --git-dir --git-common-dir [0ms]
2025-04-08 11:37:25.871 [info] [Model][openRepository] Opened repository: /home/sam/.oh-my-zsh
2025-04-08 11:37:25.878 [info] > git config --get commit.template [3ms]
2025-04-08 11:37:25.879 [info] > git rev-parse --show-toplevel [2ms]
2025-04-08 11:37:25.879 [info] fatal: not a git repository (or any parent up to mount point /)
Stopping at filesystem boundary (GIT_DISCOVERY_ACROSS_FILESYSTEM not set).
2025-04-08 11:37:25.904 [info] > git rev-parse --show-toplevel [20ms]
2025-04-08 11:37:25.904 [info] fatal: not a git repository (or any parent up to mount point /)
Stopping at filesystem boundary (GIT_DISCOVERY_ACROSS_FILESYSTEM not set).
2025-04-08 11:37:25.904 [info] > git for-each-ref --format=%(refname)%00%(upstream:short)%00%(objectname)%00%(upstream:track)%00%(upstream:remotename)%00%(upstream:remoteref) refs/heads/master refs/remotes/master [22ms]
2025-04-08 11:37:25.909 [info] > git rev-parse --show-toplevel [0ms]
2025-04-08 11:37:25.909 [info] fatal: not a git repository (or any parent up to mount point /)
Stopping at filesystem boundary (GIT_DISCOVERY_ACROSS_FILESYSTEM not set).
2025-04-08 11:37:25.918 [info] > git status -z -uall [6ms]
2025-04-08 11:37:25.918 [info] > git for-each-ref --sort -committerdate --format %(refname)%00%(objectname)%00%(*objectname) [3ms]
2025-04-08 11:37:25.927 [info] > git for-each-ref --format=%(refname)%00%(upstream:short)%00%(objectname)%00%(upstream:track)%00%(upstream:remotename)%00%(upstream:remoteref) refs/heads/master refs/remotes/master [3ms]
2025-04-08 11:37:25.930 [info] > git rev-parse --show-toplevel [13ms]
2025-04-08 11:37:25.930 [info] fatal: not a git repository (or any parent up to mount point /)
Stopping at filesystem boundary (GIT_DISCOVERY_ACROSS_FILESYSTEM not set).
2025-04-08 11:37:25.933 [info] > git config --get commit.template [6ms]
2025-04-08 11:37:25.934 [info] > git rev-parse --show-toplevel [1ms]
2025-04-08 11:37:25.934 [info] fatal: not a git repository (or any parent up to mount point /)
Stopping at filesystem boundary (GIT_DISCOVERY_ACROSS_FILESYSTEM not set).
2025-04-08 11:37:25.934 [info] > git config --get --local branch.master.vscode-merge-base [4ms]
2025-04-08 11:37:25.934 [warning] [Git][config] git config failed: Failed to execute git
2025-04-08 11:37:25.942 [info] > git for-each-ref --format=%(refname)%00%(upstream:short)%00%(objectname)%00%(upstream:track)%00%(upstream:remotename)%00%(upstream:remoteref) refs/heads/master refs/remotes/master [3ms]
2025-04-08 11:37:25.942 [info] > git reflog master --grep-reflog=branch: Created from *. [6ms]
2025-04-08 11:37:25.945 [info] > git rev-parse --show-toplevel [4ms]
2025-04-08 11:37:25.945 [info] fatal: not a git repository (or any parent up to mount point /)
Stopping at filesystem boundary (GIT_DISCOVERY_ACROSS_FILESYSTEM not set).
2025-04-08 11:37:25.950 [info] > git for-each-ref --format=%(refname)%00%(upstream:short)%00%(objectname)%00%(upstream:track)%00%(upstream:remotename)%00%(upstream:remoteref) refs/heads/origin/master refs/remotes/origin/master [6ms]
2025-04-08 11:37:25.953 [info] > git rev-parse --show-toplevel [6ms]
2025-04-08 11:37:25.953 [info] fatal: not a git repository (or any parent up to mount point /)
Stopping at filesystem boundary (GIT_DISCOVERY_ACROSS_FILESYSTEM not set).
2025-04-08 11:37:25.961 [info] > git status -z -uall [6ms]
2025-04-08 11:37:25.961 [info] > git config --add --local branch.master.vscode-merge-base origin/master [9ms]
2025-04-08 11:37:25.961 [info] > git for-each-ref --sort -committerdate --format %(refname)%00%(objectname)%00%(*objectname) [3ms] (cancelled)
2025-04-08 11:37:25.967 [info] > git for-each-ref --format=%(refname)%00%(upstream:short)%00%(objectname)%00%(upstream:track)%00%(upstream:remotename)%00%(upstream:remoteref) refs/heads/master refs/remotes/master [4ms]
2025-04-08 11:37:25.969 [info] > git rev-parse --show-toplevel [9ms]
2025-04-08 11:37:25.969 [info] fatal: not a git repository (or any parent up to mount point /)
Stopping at filesystem boundary (GIT_DISCOVERY_ACROSS_FILESYSTEM not set).
2025-04-08 11:37:25.972 [info] > git config --get commit.template [6ms]
2025-04-08 11:37:25.973 [info] > git config --get --local branch.master.vscode-merge-base [4ms]
2025-04-08 11:37:25.978 [info] > git rev-parse --show-toplevel [6ms]
2025-04-08 11:37:25.978 [info] fatal: not a git repository (or any parent up to mount point /)
Stopping at filesystem boundary (GIT_DISCOVERY_ACROSS_FILESYSTEM not set).
2025-04-08 11:37:25.981 [info] > git for-each-ref --format=%(refname)%00%(upstream:short)%00%(objectname)%00%(upstream:track)%00%(upstream:remotename)%00%(upstream:remoteref) refs/heads/origin/master refs/remotes/origin/master [6ms]
2025-04-08 11:37:25.984 [info] > git rev-parse --show-toplevel [3ms]
2025-04-08 11:37:25.984 [info] fatal: not a git repository (or any parent up to mount point /)
Stopping at filesystem boundary (GIT_DISCOVERY_ACROSS_FILESYSTEM not set).
2025-04-08 11:37:25.984 [info] > git for-each-ref --format=%(refname)%00%(upstream:short)%00%(objectname)%00%(upstream:track)%00%(upstream:remotename)%00%(upstream:remoteref) refs/heads/master refs/remotes/master [6ms]
2025-04-08 11:37:25.987 [info] > git merge-base refs/heads/master refs/remotes/origin/master [4ms]
2025-04-08 11:37:25.990 [info] > git rev-parse --show-toplevel [4ms]
2025-04-08 11:37:25.995 [info] > git diff --name-status -z --diff-filter=ADMR 750d3ac4b493dca13ef0ced55fa6a2cd02dc7ee8...refs/remotes/origin/master [6ms]
2025-04-08 11:37:25.998 [info] > git status -z -uall [6ms]
2025-04-08 11:37:25.998 [info] > git for-each-ref --sort -committerdate --format %(refname)%00%(objectname)%00%(*objectname) [4ms]
2025-04-08 11:37:26.000 [info] > git rev-parse --git-dir --git-common-dir [3ms]
2025-04-08 11:37:26.001 [info] [Model][openRepository] Opened repository: /home/sam/yay
2025-04-08 11:37:26.001 [info] [Model][doInitialScan] Initial repository scan completed - repositories (2), closed repositories (0), parent repositories (0), unsafe repositories (0)
2025-04-08 11:37:26.017 [info] > git config --get commit.template [12ms]
2025-04-08 11:37:26.030 [info] > git for-each-ref --format=%(refname)%00%(upstream:short)%00%(objectname)%00%(upstream:track)%00%(upstream:remotename)%00%(upstream:remoteref) refs/heads/master refs/remotes/master [9ms]
2025-04-08 11:37:26.033 [warning] [Git][revParse] Unable to read file: ENOENT: no such file or directory, open '/home/sam/yay/.git/refs/remotes/origin/master'
2025-04-08 11:37:26.034 [info] > git rev-parse refs/remotes/origin/master [1ms]
2025-04-08 11:37:26.040 [info] > git status -z -uall [4ms]
2025-04-08 11:37:26.040 [info] > git for-each-ref --sort -committerdate --format %(refname)%00%(objectname)%00%(*objectname) [1ms]
2025-04-08 11:37:26.052 [info] > git for-each-ref --format=%(refname)%00%(upstream:short)%00%(objectname)%00%(upstream:track)%00%(upstream:remotename)%00%(upstream:remoteref) refs/heads/master refs/remotes/master [8ms]
2025-04-08 11:37:26.060 [info] > git config --get --local branch.master.vscode-merge-base [6ms]
2025-04-08 11:37:26.060 [warning] [Git][config] git config failed: Failed to execute git
2025-04-08 11:37:26.063 [info] > git config --get commit.template [13ms]
2025-04-08 11:37:26.065 [info] > git reflog master --grep-reflog=branch: Created from *. [2ms]
2025-04-08 11:37:26.073 [info] > git symbolic-ref --short refs/remotes/origin/HEAD [5ms]
2025-04-08 11:37:26.076 [info] > git for-each-ref --format=%(refname)%00%(upstream:short)%00%(objectname)%00%(upstream:track)%00%(upstream:remotename)%00%(upstream:remoteref) refs/heads/master refs/remotes/master [3ms]
2025-04-08 11:37:26.079 [warning] [Git][revParse] Unable to read file: ENOENT: no such file or directory, open '/home/sam/yay/.git/refs/remotes/origin/master'
2025-04-08 11:37:26.079 [info] > git for-each-ref --format=%(refname)%00%(upstream:short)%00%(objectname)%00%(upstream:track)%00%(upstream:remotename)%00%(upstream:remoteref) refs/heads/origin/master refs/remotes/origin/master [3ms]
2025-04-08 11:37:26.082 [info] > git rev-parse refs/remotes/origin/master [3ms]
2025-04-08 11:37:26.088 [info] > git status -z -uall [3ms]
2025-04-08 11:37:26.088 [info] > git config --add --local branch.master.vscode-merge-base origin/master [6ms]
2025-04-08 11:37:26.089 [info] > git for-each-ref --sort -committerdate --format %(refname)%00%(objectname)%00%(*objectname) [1ms] (cancelled)
2025-04-08 11:37:26.096 [info] > git config --get commit.template [1ms]
2025-04-08 11:37:26.096 [info] > git for-each-ref --format=%(refname)%00%(upstream:short)%00%(objectname)%00%(upstream:track)%00%(upstream:remotename)%00%(upstream:remoteref) refs/heads/master refs/remotes/master [4ms]
2025-04-08 11:37:26.099 [info] > git config --get --local branch.master.vscode-merge-base [0ms]
2025-04-08 11:37:26.105 [info] > git for-each-ref --format=%(refname)%00%(upstream:short)%00%(objectname)%00%(upstream:track)%00%(upstream:remotename)%00%(upstream:remoteref) refs/heads/origin/master refs/remotes/origin/master [3ms]
2025-04-08 11:37:26.108 [info] > git for-each-ref --format=%(refname)%00%(upstream:short)%00%(objectname)%00%(upstream:track)%00%(upstream:remotename)%00%(upstream:remoteref) refs/heads/master refs/remotes/master [3ms]
2025-04-08 11:37:26.111 [warning] [Git][revParse] Unable to read file: ENOENT: no such file or directory, open '/home/sam/yay/.git/refs/remotes/origin/master'
2025-04-08 11:37:26.111 [info] > git merge-base refs/heads/master refs/remotes/origin/master [3ms]
2025-04-08 11:37:26.114 [info] > git rev-parse refs/remotes/origin/master [3ms]
2025-04-08 11:37:26.124 [info] > git status -z -uall [8ms]
2025-04-08 11:37:26.124 [info] > git diff --name-status -z --diff-filter=ADMR 179b744dec6648ff7c7b051c692ba20c906f348e...refs/remotes/origin/master [11ms]
2025-04-08 11:37:26.125 [info] > git for-each-ref --sort -committerdate --format %(refname)%00%(objectname)%00%(*objectname) [6ms]
2025-04-08 11:37:26.356 [info] > git config --get --local branch.master.github-pr-owner-number [1ms]
2025-04-08 11:37:26.356 [warning] [Git][config] git config failed: Failed to execute git
2025-04-08 11:37:26.376 [info] > git config --get --local branch.master.github-pr-owner-number [1ms]
2025-04-08 11:37:26.376 [warning] [Git][config] git config failed: Failed to execute git
2025-04-08 11:37:26.821 [info] > git check-ignore -v -z --stdin [3ms]
2025-04-08 11:37:26.821 [info] > git check-ignore -v -z --stdin [1ms]
2025-04-08 11:37:27.233 [info] > git config --get commit.template [6ms]
2025-04-08 11:37:27.233 [info] > git config --get commit.template [1ms]
2025-04-08 11:37:27.243 [info] > git for-each-ref --format=%(refname)%00%(upstream:short)%00%(objectname)%00%(upstream:track)%00%(upstream:remotename)%00%(upstream:remoteref) refs/heads/master refs/remotes/master [5ms]
2025-04-08 11:37:27.243 [info] > git for-each-ref --format=%(refname)%00%(upstream:short)%00%(objectname)%00%(upstream:track)%00%(upstream:remotename)%00%(upstream:remoteref) refs/heads/master refs/remotes/master [1ms]
2025-04-08 11:37:27.248 [warning] [Git][revParse] Unable to read file: ENOENT: no such file or directory, open '/home/sam/yay/.git/refs/remotes/origin/master'
2025-04-08 11:37:27.257 [info] > git rev-parse refs/remotes/origin/master [9ms]
2025-04-08 11:37:27.267 [info] > git status -z -uall [15ms]
2025-04-08 11:37:27.267 [info] > git status -z -uall [6ms]
2025-04-08 11:37:27.267 [info] > git for-each-ref --sort -committerdate --format %(refname)%00%(objectname)%00%(*objectname) [10ms]
2025-04-08 11:37:27.271 [info] > git for-each-ref --sort -committerdate --format %(refname)%00%(objectname)%00%(*objectname) [5ms]
