2025-04-08 11:38:02.367 [info] [main] Log level: Info
2025-04-08 11:38:02.367 [info] [main] Validating found git in: "git"
2025-04-08 11:38:02.367 [info] [main] Using git "2.49.0" from "git"
2025-04-08 11:38:02.367 [info] [Model][doInitialScan] Initial repository scan started
2025-04-08 11:38:02.367 [info] > git rev-parse --show-toplevel [80ms]
2025-04-08 11:38:02.367 [info] fatal: not a git repository (or any parent up to mount point /)
Stopping at filesystem boundary (GIT_DISCOVERY_ACROSS_FILESYSTEM not set).
2025-04-08 11:38:02.367 [info] > git rev-parse --show-toplevel [54ms]
2025-04-08 11:38:02.367 [info] fatal: not a git repository (or any parent up to mount point /)
Stopping at filesystem boundary (GIT_DISCOVERY_ACROSS_FILESYSTEM not set).
2025-04-08 11:38:02.367 [info] > git rev-parse --show-toplevel [2ms]
2025-04-08 11:38:02.367 [info] fatal: not a git repository (or any parent up to mount point /)
Stopping at filesystem boundary (GIT_DISCOVERY_ACROSS_FILESYSTEM not set).
2025-04-08 11:38:02.367 [info] [Model][doInitialScan] Initial repository scan completed - repositories (0), closed repositories (0), parent repositories (0), unsafe repositories (0)
2025-04-08 11:38:04.061 [info] > git rev-parse --show-toplevel [1ms]
2025-04-08 11:38:04.061 [info] fatal: not a git repository (or any parent up to mount point /)
Stopping at filesystem boundary (GIT_DISCOVERY_ACROSS_FILESYSTEM not set).
2025-04-08 11:44:57.182 [info] > git rev-parse --show-toplevel [1ms]
2025-04-08 11:44:57.182 [info] fatal: not a git repository (or any parent up to mount point /)
Stopping at filesystem boundary (GIT_DISCOVERY_ACROSS_FILESYSTEM not set).
2025-04-08 11:45:21.187 [info] > git rev-parse --show-toplevel [1ms]
2025-04-08 11:45:21.187 [info] fatal: not a git repository (or any parent up to mount point /)
Stopping at filesystem boundary (GIT_DISCOVERY_ACROSS_FILESYSTEM not set).
2025-04-08 11:48:00.530 [info] > git rev-parse --show-toplevel [1ms]
2025-04-08 11:48:00.530 [info] fatal: not a git repository (or any parent up to mount point /)
Stopping at filesystem boundary (GIT_DISCOVERY_ACROSS_FILESYSTEM not set).
2025-04-08 11:56:54.851 [info] > git rev-parse --show-toplevel [1ms]
2025-04-08 11:56:54.851 [info] fatal: not a git repository (or any parent up to mount point /)
Stopping at filesystem boundary (GIT_DISCOVERY_ACROSS_FILESYSTEM not set).
2025-04-08 11:59:38.761 [info] > git rev-parse --show-toplevel [1ms]
2025-04-08 11:59:38.761 [info] fatal: not a git repository (or any parent up to mount point /)
Stopping at filesystem boundary (GIT_DISCOVERY_ACROSS_FILESYSTEM not set).
2025-04-08 12:06:04.702 [info] > git rev-parse --show-toplevel [1ms]
2025-04-08 12:06:04.702 [info] fatal: not a git repository (or any parent up to mount point /)
Stopping at filesystem boundary (GIT_DISCOVERY_ACROSS_FILESYSTEM not set).
2025-04-08 12:06:21.642 [info] > git rev-parse --show-toplevel [1ms]
2025-04-08 12:06:21.642 [info] fatal: not a git repository (or any parent up to mount point /)
Stopping at filesystem boundary (GIT_DISCOVERY_ACROSS_FILESYSTEM not set).
2025-04-08 12:13:02.442 [info] > git rev-parse --show-toplevel [1ms]
2025-04-08 12:13:02.442 [info] fatal: not a git repository (or any parent up to mount point /)
Stopping at filesystem boundary (GIT_DISCOVERY_ACROSS_FILESYSTEM not set).
2025-04-08 12:13:04.264 [info] > git rev-parse --show-toplevel [0ms]
2025-04-08 12:13:04.264 [info] fatal: not a git repository (or any parent up to mount point /)
Stopping at filesystem boundary (GIT_DISCOVERY_ACROSS_FILESYSTEM not set).
