[INFO 11:55:15 PM] miguelsolorio.symbols activated
[INFO 11:55:15 PM] symbols.hidesExplorerArrows changed, updating to false
[INFO 11:55:15 PM] symbols.folders.associations changed, updating to undefined
[INFO 11:55:15 PM] symbols.files.associations changed, updating to undefined
[INFO 11:55:16 PM] symbols.hidesExplorerArrows changed, updating to false
[INFO 11:55:16 PM] symbols.folders.associations changed, updating to undefined
[INFO 11:55:16 PM] symbols.files.associations changed, updating to undefined
[INFO 11:55:17 PM] symbols.hidesExplorerArrows changed, updating to false
[INFO 11:55:17 PM] symbols.folders.associations changed, updating to undefined
[INFO 11:55:17 PM] symbols.files.associations changed, updating to undefined
[INFO 11:55:18 PM] symbols.hidesExplorerArrows changed, updating to false
[INFO 11:55:18 PM] symbols.folders.associations changed, updating to undefined
[INFO 11:55:18 PM] symbols.files.associations changed, updating to undefined
[INFO 11:55:22 PM] symbols.hidesExplorerArrows changed, updating to false
[INFO 11:55:22 PM] symbols.folders.associations changed, updating to undefined
[INFO 11:55:22 PM] symbols.files.associations changed, updating to undefined
[INFO 11:55:27 PM] symbols.hidesExplorerArrows changed, updating to false
[INFO 11:55:27 PM] symbols.folders.associations changed, updating to undefined
[INFO 11:55:27 PM] symbols.files.associations changed, updating to undefined
[INFO 11:55:27 PM] symbols.hidesExplorerArrows changed, updating to false
[INFO 11:55:27 PM] symbols.folders.associations changed, updating to undefined
[INFO 11:55:27 PM] symbols.files.associations changed, updating to undefined
[INFO 11:55:29 PM] symbols.hidesExplorerArrows changed, updating to false
[INFO 11:55:29 PM] symbols.folders.associations changed, updating to undefined
[INFO 11:55:29 PM] symbols.files.associations changed, updating to undefined
[INFO 11:55:31 PM] symbols.hidesExplorerArrows changed, updating to false
[INFO 11:55:31 PM] symbols.folders.associations changed, updating to undefined
[INFO 11:55:31 PM] symbols.files.associations changed, updating to undefined
[INFO 11:55:45 PM] symbols.hidesExplorerArrows changed, updating to false
[INFO 11:55:45 PM] symbols.folders.associations changed, updating to undefined
[INFO 11:55:45 PM] symbols.files.associations changed, updating to undefined
[INFO 11:56:12 PM] symbols.hidesExplorerArrows changed, updating to false
[INFO 11:56:12 PM] symbols.folders.associations changed, updating to undefined
[INFO 11:56:12 PM] symbols.files.associations changed, updating to undefined
[INFO 11:56:16 PM] symbols.hidesExplorerArrows changed, updating to false
[INFO 11:56:16 PM] symbols.folders.associations changed, updating to undefined
[INFO 11:56:16 PM] symbols.files.associations changed, updating to undefined
[INFO 11:56:25 PM] symbols.hidesExplorerArrows changed, updating to false
[INFO 11:56:25 PM] symbols.folders.associations changed, updating to undefined
[INFO 11:56:25 PM] symbols.files.associations changed, updating to undefined
[INFO 11:56:50 PM] symbols.hidesExplorerArrows changed, updating to false
[INFO 11:56:50 PM] symbols.folders.associations changed, updating to undefined
[INFO 11:56:50 PM] symbols.files.associations changed, updating to undefined
[INFO 11:57:50 PM] symbols.hidesExplorerArrows changed, updating to false
[INFO 11:57:50 PM] symbols.folders.associations changed, updating to undefined
[INFO 11:57:50 PM] symbols.files.associations changed, updating to undefined
[INFO 11:57:52 PM] symbols.hidesExplorerArrows changed, updating to false
[INFO 11:57:52 PM] symbols.folders.associations changed, updating to undefined
[INFO 11:57:52 PM] symbols.files.associations changed, updating to undefined
[INFO 12:05:12 AM] symbols.hidesExplorerArrows changed, updating to false
[INFO 12:05:12 AM] symbols.folders.associations changed, updating to undefined
[INFO 12:05:12 AM] symbols.files.associations changed, updating to undefined
[INFO 12:05:13 AM] symbols.hidesExplorerArrows changed, updating to false
[INFO 12:05:13 AM] symbols.folders.associations changed, updating to undefined
[INFO 12:05:13 AM] symbols.files.associations changed, updating to undefined
[INFO 12:08:10 AM] symbols.hidesExplorerArrows changed, updating to false
[INFO 12:08:10 AM] symbols.folders.associations changed, updating to undefined
[INFO 12:08:10 AM] symbols.files.associations changed, updating to undefined
[INFO 12:08:11 AM] symbols.hidesExplorerArrows changed, updating to false
[INFO 12:08:11 AM] symbols.folders.associations changed, updating to undefined
[INFO 12:08:11 AM] symbols.files.associations changed, updating to undefined
[INFO 12:15:59 AM] symbols.hidesExplorerArrows changed, updating to false
[INFO 12:15:59 AM] symbols.folders.associations changed, updating to undefined
[INFO 12:15:59 AM] symbols.files.associations changed, updating to undefined
[INFO 12:16:00 AM] symbols.hidesExplorerArrows changed, updating to false
[INFO 12:16:00 AM] symbols.folders.associations changed, updating to undefined
[INFO 12:16:00 AM] symbols.files.associations changed, updating to undefined
[INFO 12:16:36 AM] symbols.hidesExplorerArrows changed, updating to false
[INFO 12:16:36 AM] symbols.folders.associations changed, updating to undefined
[INFO 12:16:36 AM] symbols.files.associations changed, updating to undefined
[INFO 12:17:34 AM] symbols.hidesExplorerArrows changed, updating to false
[INFO 12:17:34 AM] symbols.folders.associations changed, updating to undefined
[INFO 12:17:34 AM] symbols.files.associations changed, updating to undefined
[INFO 12:17:50 AM] symbols.hidesExplorerArrows changed, updating to false
[INFO 12:17:50 AM] symbols.folders.associations changed, updating to undefined
[INFO 12:17:50 AM] symbols.files.associations changed, updating to undefined
[INFO 12:19:12 AM] symbols.hidesExplorerArrows changed, updating to false
[INFO 12:19:12 AM] symbols.folders.associations changed, updating to undefined
[INFO 12:19:12 AM] symbols.files.associations changed, updating to undefined
[INFO 12:20:49 AM] symbols.hidesExplorerArrows changed, updating to false
[INFO 12:20:49 AM] symbols.folders.associations changed, updating to undefined
[INFO 12:20:49 AM] symbols.files.associations changed, updating to undefined
[INFO 12:20:50 AM] symbols.hidesExplorerArrows changed, updating to false
[INFO 12:20:50 AM] symbols.folders.associations changed, updating to undefined
[INFO 12:20:50 AM] symbols.files.associations changed, updating to undefined
[INFO 12:23:10 AM] symbols.hidesExplorerArrows changed, updating to false
[INFO 12:23:10 AM] symbols.folders.associations changed, updating to undefined
[INFO 12:23:10 AM] symbols.files.associations changed, updating to undefined
[INFO 12:23:11 AM] symbols.hidesExplorerArrows changed, updating to false
[INFO 12:23:11 AM] symbols.folders.associations changed, updating to undefined
[INFO 12:23:11 AM] symbols.files.associations changed, updating to undefined
[INFO 12:24:29 AM] symbols.hidesExplorerArrows changed, updating to false
[INFO 12:24:29 AM] symbols.folders.associations changed, updating to undefined
[INFO 12:24:29 AM] symbols.files.associations changed, updating to undefined
[INFO 12:24:30 AM] symbols.hidesExplorerArrows changed, updating to false
[INFO 12:24:30 AM] symbols.folders.associations changed, updating to undefined
[INFO 12:24:30 AM] symbols.files.associations changed, updating to undefined
[INFO 12:24:45 AM] symbols.hidesExplorerArrows changed, updating to false
[INFO 12:24:45 AM] symbols.folders.associations changed, updating to undefined
[INFO 12:24:45 AM] symbols.files.associations changed, updating to undefined
[INFO 12:25:48 AM] symbols.hidesExplorerArrows changed, updating to false
[INFO 12:25:48 AM] symbols.folders.associations changed, updating to undefined
[INFO 12:25:48 AM] symbols.files.associations changed, updating to undefined
[INFO 12:25:49 AM] symbols.hidesExplorerArrows changed, updating to false
[INFO 12:25:49 AM] symbols.folders.associations changed, updating to undefined
[INFO 12:25:49 AM] symbols.files.associations changed, updating to undefined
[INFO 12:29:35 AM] symbols.hidesExplorerArrows changed, updating to false
[INFO 12:29:35 AM] symbols.folders.associations changed, updating to undefined
[INFO 12:29:35 AM] symbols.files.associations changed, updating to undefined
[INFO 12:29:38 AM] symbols.hidesExplorerArrows changed, updating to false
[INFO 12:29:38 AM] symbols.folders.associations changed, updating to undefined
[INFO 12:29:38 AM] symbols.files.associations changed, updating to undefined
[INFO 12:29:51 AM] symbols.hidesExplorerArrows changed, updating to false
[INFO 12:29:51 AM] symbols.folders.associations changed, updating to undefined
[INFO 12:29:51 AM] symbols.files.associations changed, updating to undefined
[INFO 12:30:01 AM] symbols.hidesExplorerArrows changed, updating to false
[INFO 12:30:01 AM] symbols.folders.associations changed, updating to undefined
[INFO 12:30:01 AM] symbols.files.associations changed, updating to undefined
[INFO 12:30:11 AM] symbols.hidesExplorerArrows changed, updating to false
[INFO 12:30:11 AM] symbols.folders.associations changed, updating to undefined
[INFO 12:30:11 AM] symbols.files.associations changed, updating to undefined
[INFO 12:35:37 AM] symbols.hidesExplorerArrows changed, updating to false
[INFO 12:35:37 AM] symbols.folders.associations changed, updating to undefined
[INFO 12:35:37 AM] symbols.files.associations changed, updating to undefined
[INFO 12:35:39 AM] symbols.hidesExplorerArrows changed, updating to false
[INFO 12:35:39 AM] symbols.folders.associations changed, updating to undefined
[INFO 12:35:39 AM] symbols.files.associations changed, updating to undefined
[INFO 12:35:49 AM] symbols.hidesExplorerArrows changed, updating to false
[INFO 12:35:49 AM] symbols.folders.associations changed, updating to undefined
[INFO 12:35:49 AM] symbols.files.associations changed, updating to undefined
[INFO 12:36:44 AM] symbols.hidesExplorerArrows changed, updating to false
[INFO 12:36:44 AM] symbols.folders.associations changed, updating to undefined
[INFO 12:36:44 AM] symbols.files.associations changed, updating to undefined
[INFO 12:37:37 AM] symbols.hidesExplorerArrows changed, updating to false
[INFO 12:37:37 AM] symbols.folders.associations changed, updating to undefined
[INFO 12:37:37 AM] symbols.files.associations changed, updating to undefined
[INFO 12:39:47 AM] symbols.hidesExplorerArrows changed, updating to false
[INFO 12:39:47 AM] symbols.folders.associations changed, updating to undefined
[INFO 12:39:47 AM] symbols.files.associations changed, updating to undefined
[INFO 12:39:49 AM] symbols.hidesExplorerArrows changed, updating to false
[INFO 12:39:49 AM] symbols.folders.associations changed, updating to undefined
[INFO 12:39:49 AM] symbols.files.associations changed, updating to undefined
[INFO 12:40:04 AM] symbols.hidesExplorerArrows changed, updating to false
[INFO 12:40:04 AM] symbols.folders.associations changed, updating to undefined
[INFO 12:40:04 AM] symbols.files.associations changed, updating to undefined
[INFO 12:40:18 AM] symbols.hidesExplorerArrows changed, updating to false
[INFO 12:40:18 AM] symbols.folders.associations changed, updating to undefined
[INFO 12:40:18 AM] symbols.files.associations changed, updating to undefined
[INFO 12:40:55 AM] symbols.hidesExplorerArrows changed, updating to false
[INFO 12:40:55 AM] symbols.folders.associations changed, updating to undefined
[INFO 12:40:55 AM] symbols.files.associations changed, updating to undefined
[INFO 12:41:38 AM] symbols.hidesExplorerArrows changed, updating to false
[INFO 12:41:38 AM] symbols.folders.associations changed, updating to undefined
[INFO 12:41:38 AM] symbols.files.associations changed, updating to undefined
[INFO 12:49:29 AM] symbols.hidesExplorerArrows changed, updating to false
[INFO 12:49:29 AM] symbols.folders.associations changed, updating to undefined
[INFO 12:49:29 AM] symbols.files.associations changed, updating to undefined
[INFO 12:49:30 AM] symbols.hidesExplorerArrows changed, updating to false
[INFO 12:49:30 AM] symbols.folders.associations changed, updating to undefined
[INFO 12:49:30 AM] symbols.files.associations changed, updating to undefined
[INFO 12:51:22 AM] symbols.hidesExplorerArrows changed, updating to false
[INFO 12:51:22 AM] symbols.folders.associations changed, updating to undefined
[INFO 12:51:22 AM] symbols.files.associations changed, updating to undefined
[INFO 12:51:24 AM] symbols.hidesExplorerArrows changed, updating to false
[INFO 12:51:24 AM] symbols.folders.associations changed, updating to undefined
[INFO 12:51:24 AM] symbols.files.associations changed, updating to undefined
[INFO 12:51:32 AM] symbols.hidesExplorerArrows changed, updating to false
[INFO 12:51:32 AM] symbols.folders.associations changed, updating to undefined
[INFO 12:51:32 AM] symbols.files.associations changed, updating to undefined
[INFO 12:51:53 AM] symbols.hidesExplorerArrows changed, updating to false
[INFO 12:51:53 AM] symbols.folders.associations changed, updating to undefined
[INFO 12:51:53 AM] symbols.files.associations changed, updating to undefined
[INFO 12:51:54 AM] symbols.hidesExplorerArrows changed, updating to false
[INFO 12:51:54 AM] symbols.folders.associations changed, updating to undefined
[INFO 12:51:54 AM] symbols.files.associations changed, updating to undefined
[INFO 12:52:06 AM] symbols.hidesExplorerArrows changed, updating to false
[INFO 12:52:06 AM] symbols.folders.associations changed, updating to undefined
[INFO 12:52:06 AM] symbols.files.associations changed, updating to undefined
[INFO 12:52:08 AM] symbols.hidesExplorerArrows changed, updating to false
[INFO 12:52:08 AM] symbols.folders.associations changed, updating to undefined
[INFO 12:52:08 AM] symbols.files.associations changed, updating to undefined
[INFO 12:57:03 AM] symbols.hidesExplorerArrows changed, updating to false
[INFO 12:57:03 AM] symbols.folders.associations changed, updating to undefined
[INFO 12:57:03 AM] symbols.files.associations changed, updating to undefined
[INFO 12:57:04 AM] symbols.hidesExplorerArrows changed, updating to false
[INFO 12:57:04 AM] symbols.folders.associations changed, updating to undefined
[INFO 12:57:04 AM] symbols.files.associations changed, updating to undefined
[INFO 12:57:25 AM] symbols.hidesExplorerArrows changed, updating to false
[INFO 12:57:25 AM] symbols.folders.associations changed, updating to undefined
[INFO 12:57:25 AM] symbols.files.associations changed, updating to undefined
[INFO 12:57:28 AM] symbols.hidesExplorerArrows changed, updating to false
[INFO 12:57:28 AM] symbols.folders.associations changed, updating to undefined
[INFO 12:57:28 AM] symbols.files.associations changed, updating to undefined
[INFO 1:08:48 AM] symbols.hidesExplorerArrows changed, updating to false
[INFO 1:08:48 AM] symbols.folders.associations changed, updating to undefined
[INFO 1:08:48 AM] symbols.files.associations changed, updating to undefined
[INFO 1:08:49 AM] symbols.hidesExplorerArrows changed, updating to false
[INFO 1:08:49 AM] symbols.folders.associations changed, updating to undefined
[INFO 1:08:49 AM] symbols.files.associations changed, updating to undefined
[INFO 1:09:57 AM] symbols.hidesExplorerArrows changed, updating to false
[INFO 1:09:57 AM] symbols.folders.associations changed, updating to undefined
[INFO 1:09:57 AM] symbols.files.associations changed, updating to undefined
[INFO 1:10:20 AM] symbols.hidesExplorerArrows changed, updating to false
[INFO 1:10:20 AM] symbols.folders.associations changed, updating to undefined
[INFO 1:10:20 AM] symbols.files.associations changed, updating to undefined
[INFO 1:11:20 AM] symbols.hidesExplorerArrows changed, updating to false
[INFO 1:11:20 AM] symbols.folders.associations changed, updating to undefined
[INFO 1:11:20 AM] symbols.files.associations changed, updating to undefined
[INFO 1:11:22 AM] symbols.hidesExplorerArrows changed, updating to false
[INFO 1:11:22 AM] symbols.folders.associations changed, updating to undefined
[INFO 1:11:22 AM] symbols.files.associations changed, updating to undefined
[INFO 1:11:31 AM] symbols.hidesExplorerArrows changed, updating to false
[INFO 1:11:31 AM] symbols.folders.associations changed, updating to undefined
[INFO 1:11:31 AM] symbols.files.associations changed, updating to undefined
[INFO 1:24:31 AM] symbols.hidesExplorerArrows changed, updating to false
[INFO 1:24:31 AM] symbols.folders.associations changed, updating to undefined
[INFO 1:24:31 AM] symbols.files.associations changed, updating to undefined
[INFO 1:24:32 AM] symbols.hidesExplorerArrows changed, updating to false
[INFO 1:24:32 AM] symbols.folders.associations changed, updating to undefined
[INFO 1:24:32 AM] symbols.files.associations changed, updating to undefined
[INFO 1:30:26 AM] symbols.hidesExplorerArrows changed, updating to false
[INFO 1:30:26 AM] symbols.folders.associations changed, updating to undefined
[INFO 1:30:26 AM] symbols.files.associations changed, updating to undefined
