2025-04-07 23:55:15.337 [info] Extension host with pid 25691 started
2025-04-07 23:55:15.337 [info] Skipping acquiring lock for /home/sam/.config/Code - OSS/User/workspaceStorage/e5597ff50ac45f6cafb46bce19d5cc13.
2025-04-07 23:55:15.381 [info] ExtensionService#_doActivateExtension vscode.emmet, startup: false, activationEvent: 'onLanguage'
2025-04-07 23:55:15.414 [info] ExtensionService#_doActivateExtension vscode.git-base, startup: true, activationEvent: '*', root cause: vscode.git
2025-04-07 23:55:15.436 [info] ExtensionService#_doActivateExtension vscode.git, startup: true, activationEvent: '*'
2025-04-07 23:55:15.461 [info] ExtensionService#_doActivateExtension vscode.github, startup: true, activationEvent: '*'
2025-04-07 23:55:15.491 [info] Eager extensions activated
2025-04-07 23:55:15.495 [info] ExtensionService#_doActivateExtension vscode.debug-auto-launch, startup: false, activationEvent: 'onStartupFinished'
2025-04-07 23:55:15.496 [info] ExtensionService#_doActivateExtension vscode.merge-conflict, startup: false, activationEvent: 'onStartupFinished'
2025-04-07 23:55:15.505 [info] ExtensionService#_doActivateExtension castrogusttavo.symbols, startup: false, activationEvent: 'onStartupFinished'
2025-04-07 23:55:15.507 [info] ExtensionService#_doActivateExtension ecmel.vscode-html-css, startup: false, activationEvent: 'onStartupFinished'
2025-04-07 23:55:15.508 [info] ExtensionService#_doActivateExtension esbenp.prettier-vscode, startup: false, activationEvent: 'onStartupFinished'
2025-04-07 23:55:15.544 [info] ExtensionService#_doActivateExtension formulahendry.code-runner, startup: false, activationEvent: 'onStartupFinished'
2025-04-07 23:55:15.550 [info] ExtensionService#_doActivateExtension vadimcn.vscode-lldb, startup: false, activationEvent: 'onStartupFinished', root cause: franneck94.vscode-c-cpp-config
2025-04-07 23:55:15.558 [info] ExtensionService#_doActivateExtension vscode.github-authentication, startup: false, activationEvent: 'onStartupFinished', root cause: GitHub.vscode-pull-request-github
2025-04-07 23:55:15.568 [info] ExtensionService#_doActivateExtension ritwickdey.LiveServer, startup: false, activationEvent: 'onStartupFinished'
2025-04-07 23:55:15.600 [info] ExtensionService#_doActivateExtension franneck94.vscode-c-cpp-config, startup: false, activationEvent: 'onStartupFinished'
2025-04-07 23:55:15.606 [info] ExtensionService#_doActivateExtension GitHub.vscode-pull-request-github, startup: false, activationEvent: 'onStartupFinished'
2025-04-07 23:55:15.659 [info] ExtensionService#_doActivateExtension vscode.configuration-editing, startup: false, activationEvent: 'onLanguage:jsonc'
2025-04-07 23:55:15.662 [info] ExtensionService#_doActivateExtension vscode.json-language-features, startup: false, activationEvent: 'onLanguage:jsonc'
2025-04-07 23:55:15.690 [info] ExtensionService#_doActivateExtension vscode.typescript-language-features, startup: false, activationEvent: 'onLanguage:jsonc'
2025-04-07 23:55:15.761 [error] Activating extension GitHub.vscode-pull-request-github failed due to an error:
2025-04-07 23:55:15.761 [error] Error: Extension 'GitHub.vscode-pull-request-github' CANNOT use API proposal: diffCommand.
Its package.json#enabledApiProposals-property declares:  but NOT diffCommand.
 The missing proposal MUST be added and you must start in extension development mode or use the following command line switch: --enable-proposed-api GitHub.vscode-pull-request-github
	at R (file:///usr/lib/code/out/vs/workbench/api/node/extensionHostProcess.js:105:19265)
	at Object.registerDiffInformationCommand (file:///usr/lib/code/out/vs/workbench/api/node/extensionHostProcess.js:173:30058)
	at K0 (/home/sam/.vscode-oss/extensions/github.vscode-pull-request-github-0.108.0-universal/dist/extension.js:2177:2008)
	at L4 (/home/sam/.vscode-oss/extensions/github.vscode-pull-request-github-0.108.0-universal/dist/extension.js:2517:4466)
	at G4 (/home/sam/.vscode-oss/extensions/github.vscode-pull-request-github-0.108.0-universal/dist/extension.js:2517:9072)
	at async V4 (/home/sam/.vscode-oss/extensions/github.vscode-pull-request-github-0.108.0-universal/dist/extension.js:2517:6078)
	at async cw.n (file:///usr/lib/code/out/vs/workbench/api/node/extensionHostProcess.js:111:13415)
	at async cw.m (file:///usr/lib/code/out/vs/workbench/api/node/extensionHostProcess.js:111:13378)
	at async cw.l (file:///usr/lib/code/out/vs/workbench/api/node/extensionHostProcess.js:111:12834)
2025-04-07 23:55:41.983 [info] ExtensionService#_doActivateExtension vscode.html-language-features, startup: false, activationEvent: 'onLanguage:html'
2025-04-07 23:56:07.942 [error] [ecmel.vscode-html-css] provider FAILED
2025-04-07 23:56:07.942 [error] undefined
2025-04-07 23:56:48.922 [info] ExtensionService#_doActivateExtension techer.open-in-browser, startup: false, activationEvent: 'onCommand:extension.openInDefaultBrowser'
2025-04-08 00:16:32.447 [info] ExtensionService#_doActivateExtension vscode.css-language-features, startup: false, activationEvent: 'onLanguage:css'
2025-04-08 00:35:42.188 [error] [ecmel.vscode-html-css] provider FAILED
2025-04-08 00:35:42.188 [error] undefined
2025-04-08 00:57:06.552 [error] [ecmel.vscode-html-css] provider FAILED
2025-04-08 00:57:06.552 [error] undefined
2025-04-08 01:24:40.766 [error] [ecmel.vscode-html-css] provider FAILED
2025-04-08 01:24:40.766 [error] undefined
