2025-04-08 16:17:47.642 [info] [main] Log level: Info
2025-04-08 16:17:47.642 [info] [main] Validating found git in: "git"
2025-04-08 16:17:47.642 [info] [main] Using git "2.49.0" from "git"
2025-04-08 16:17:47.642 [info] [Model][doInitialScan] Initial repository scan started
2025-04-08 16:17:47.642 [info] > git rev-parse --show-toplevel [134ms]
2025-04-08 16:17:47.642 [info] fatal: not a git repository (or any parent up to mount point /)
Stopping at filesystem boundary (GIT_DISCOVERY_ACROSS_FILESYSTEM not set).
2025-04-08 16:17:47.642 [info] > git rev-parse --show-toplevel [64ms]
2025-04-08 16:17:47.642 [info] fatal: not a git repository (or any parent up to mount point /)
Stopping at filesystem boundary (GIT_DISCOVERY_ACROSS_FILESYSTEM not set).
2025-04-08 16:17:47.643 [info] > git rev-parse --show-toplevel [2ms]
2025-04-08 16:17:47.643 [info] fatal: not a git repository (or any parent up to mount point /)
Stopping at filesystem boundary (GIT_DISCOVERY_ACROSS_FILESYSTEM not set).
2025-04-08 16:17:47.651 [info] > git rev-parse --show-toplevel [4ms]
2025-04-08 16:17:47.651 [info] fatal: not a git repository (or any parent up to mount point /)
Stopping at filesystem boundary (GIT_DISCOVERY_ACROSS_FILESYSTEM not set).
2025-04-08 16:17:47.666 [info] > git rev-parse --show-toplevel [12ms]
2025-04-08 16:17:47.666 [info] fatal: not a git repository (or any parent up to mount point /)
Stopping at filesystem boundary (GIT_DISCOVERY_ACROSS_FILESYSTEM not set).
2025-04-08 16:17:47.671 [info] > git rev-parse --show-toplevel [1ms]
2025-04-08 16:17:47.671 [info] fatal: not a git repository (or any parent up to mount point /)
Stopping at filesystem boundary (GIT_DISCOVERY_ACROSS_FILESYSTEM not set).
2025-04-08 16:17:47.675 [info] > git rev-parse --show-toplevel [1ms]
2025-04-08 16:17:47.675 [info] fatal: not a git repository (or any parent up to mount point /)
Stopping at filesystem boundary (GIT_DISCOVERY_ACROSS_FILESYSTEM not set).
2025-04-08 16:17:47.675 [info] [Model][doInitialScan] Initial repository scan completed - repositories (0), closed repositories (0), parent repositories (0), unsafe repositories (0)
2025-04-08 16:17:49.066 [info] > git rev-parse --show-toplevel [1ms]
2025-04-08 16:17:49.066 [info] fatal: not a git repository (or any parent up to mount point /)
Stopping at filesystem boundary (GIT_DISCOVERY_ACROSS_FILESYSTEM not set).
