2025-04-08 15:11:07.463 [info] Started local extension host with pid 8666.
2025-04-08 15:11:07.555 [error] Extension 'GitHub.vscode-pull-request-github CANNOT USE these API proposals 'activeComment, codiconDecoration, codeActionRanges, commentingRangeHint, commentReactor, commentReveal, commentThreadApplicability, contribAccessibilityHelpContent, contribCommentEditorActionsMenu, contribCommentPeekContext, contribCommentThreadAdditionalMenu, contribCommentsViewThreadMenus, contribEditorContentMenu, contribShareMenu, diffCommand, quickDiffProvider, shareProvider, tokenInformation, treeViewMarkdownMessage'. You MUST start in extension development mode or use the --enable-proposed-api command line flag
2025-04-08 15:11:07.555 [error] Extension 'ms-python.debugpy CANNOT USE these API proposals 'portsAttributes, debugVisualization, contribViewsWelcome'. You MUST start in extension development mode or use the --enable-proposed-api command line flag
2025-04-08 15:11:07.556 [error] Extension 'ms-python.python CANNOT USE these API proposals 'contribEditorContentMenu, quickPickSortByLabel, testObserver, quickPickItemTooltip, terminalDataWriteEvent, terminalExecuteCommandEvent, codeActionAI, notebookReplDocument, notebookVariableProvider'. You MUST start in extension development mode or use the --enable-proposed-api command line flag
2025-04-08 15:11:07.570 [error] [GitHub.vscode-pull-request-github]: commentsView/commentThread/context is a proposed menu identifier. It requires 'package.json#enabledApiProposals: ["contribCommentsViewThreadMenus"]' and is only available when running out of dev or with the following command line switch: --enable-proposed-api GitHub.vscode-pull-request-github
2025-04-08 15:11:07.570 [error] [GitHub.vscode-pull-request-github]: editor/content is a proposed menu identifier. It requires 'package.json#enabledApiProposals: ["contribEditorContentMenu"]' and is only available when running out of dev or with the following command line switch: --enable-proposed-api GitHub.vscode-pull-request-github
2025-04-08 15:11:07.570 [error] [GitHub.vscode-pull-request-github]: comments/comment/editorActions is a proposed menu identifier. It requires 'package.json#enabledApiProposals: ["contribCommentEditorActionsMenu"]' and is only available when running out of dev or with the following command line switch: --enable-proposed-api GitHub.vscode-pull-request-github
2025-04-08 15:11:07.571 [error] [GitHub.vscode-pull-request-github]: comments/commentThread/additionalActions is a proposed menu identifier. It requires 'package.json#enabledApiProposals: ["contribCommentThreadAdditionalMenu"]' and is only available when running out of dev or with the following command line switch: --enable-proposed-api GitHub.vscode-pull-request-github
2025-04-08 15:11:07.571 [error] [GitHub.vscode-pull-request-github]: comments/commentThread/title/context is a proposed menu identifier. It requires 'package.json#enabledApiProposals: ["contribCommentPeekContext"]' and is only available when running out of dev or with the following command line switch: --enable-proposed-api GitHub.vscode-pull-request-github
2025-04-08 15:11:07.571 [error] [GitHub.vscode-pull-request-github]: comments/commentThread/comment/context is a proposed menu identifier. It requires 'package.json#enabledApiProposals: ["contribCommentPeekContext"]' and is only available when running out of dev or with the following command line switch: --enable-proposed-api GitHub.vscode-pull-request-github
2025-04-08 15:11:07.571 [error] [GitHub.vscode-pull-request-github]: editor/context/share is a proposed menu identifier. It requires 'package.json#enabledApiProposals: ["contribShareMenu"]' and is only available when running out of dev or with the following command line switch: --enable-proposed-api GitHub.vscode-pull-request-github
2025-04-08 15:11:07.571 [error] [GitHub.vscode-pull-request-github]: file/share is a proposed menu identifier. It requires 'package.json#enabledApiProposals: ["contribShareMenu"]' and is only available when running out of dev or with the following command line switch: --enable-proposed-api GitHub.vscode-pull-request-github
2025-04-08 15:11:07.571 [error] [GitHub.vscode-pull-request-github]: editor/title/context/share is a proposed menu identifier. It requires 'package.json#enabledApiProposals: ["contribShareMenu"]' and is only available when running out of dev or with the following command line switch: --enable-proposed-api GitHub.vscode-pull-request-github
2025-04-08 15:11:07.571 [error] [GitHub.vscode-pull-request-github]: explorer/context/share is a proposed menu identifier. It requires 'package.json#enabledApiProposals: ["contribShareMenu"]' and is only available when running out of dev or with the following command line switch: --enable-proposed-api GitHub.vscode-pull-request-github
2025-04-08 15:11:07.571 [error] [ms-python.python]: editor/content is a proposed menu identifier. It requires 'package.json#enabledApiProposals: ["contribEditorContentMenu"]' and is only available when running out of dev or with the following command line switch: --enable-proposed-api ms-python.python
2025-04-08 15:11:08.669 [error] [Extension Host] Received response message without id. No further error information provided.
2025-04-08 15:11:10.047 [info] [perf] Render performance baseline is 16ms
2025-04-08 15:12:05.125 [error] An unknown error occurred. Please consult the log for more details.
2025-04-08 15:12:05.130 [error] Cannot read properties of undefined (reading 'find'): TypeError: Cannot read properties of undefined (reading 'find')
	at t.DefaultCompletionItemProvider.provideCompletionItemsInternal (/usr/lib/code/extensions/emmet/dist/node/emmetNodeMain.js:1:189993)
	at t.DefaultCompletionItemProvider.provideCompletionItems (/usr/lib/code/extensions/emmet/dist/node/emmetNodeMain.js:1:188352)
	at SD.provideCompletionItems (file:///usr/lib/code/out/vs/workbench/api/node/extensionHostProcess.js:135:145611)
	at file:///usr/lib/code/out/vs/workbench/api/node/extensionHostProcess.js:135:168935
	at Wt.s (file:///usr/lib/code/out/vs/workbench/api/node/extensionHostProcess.js:135:160222)
	at Wt.$provideCompletionItems (file:///usr/lib/code/out/vs/workbench/api/node/extensionHostProcess.js:135:168923)
	at i4.S (file:///usr/lib/code/out/vs/workbench/api/node/extensionHostProcess.js:29:115936)
	at i4.Q (file:///usr/lib/code/out/vs/workbench/api/node/extensionHostProcess.js:29:115716)
	at i4.M (file:///usr/lib/code/out/vs/workbench/api/node/extensionHostProcess.js:29:114767)
	at i4.L (file:///usr/lib/code/out/vs/workbench/api/node/extensionHostProcess.js:29:113910)
	at Th.value (file:///usr/lib/code/out/vs/workbench/api/node/extensionHostProcess.js:29:112707)
	at D.B (file:///usr/lib/code/out/vs/workbench/api/node/extensionHostProcess.js:27:2375)
	at D.fire (file:///usr/lib/code/out/vs/workbench/api/node/extensionHostProcess.js:27:2593)
	at Jn.fire (file:///usr/lib/code/out/vs/workbench/api/node/extensionHostProcess.js:29:9459)
	at Th.value (file:///usr/lib/code/out/vs/workbench/api/node/extensionHostProcess.js:197:3917)
	at D.B (file:///usr/lib/code/out/vs/workbench/api/node/extensionHostProcess.js:27:2375)
	at D.fire (file:///usr/lib/code/out/vs/workbench/api/node/extensionHostProcess.js:27:2593)
	at Jn.fire (file:///usr/lib/code/out/vs/workbench/api/node/extensionHostProcess.js:29:9459)
	at MessagePortMain.<anonymous> (file:///usr/lib/code/out/vs/workbench/api/node/extensionHostProcess.js:197:2209)
	at MessagePortMain.emit (node:events:524:28)
	at MessagePortMain._internalPort.emit (node:electron/js2c/utility_init:2:2949)
2025-04-08 15:19:15.432 [warning] [backup tracker] suspended, ignoring register event vscode-userdata:/home/sam/.config/Code%20-%20OSS/User/settings.json 
2025-04-08 15:19:15.456 [warning] [backup tracker] suspended, ignoring unregister event vscode-userdata:/home/sam/.config/Code%20-%20OSS/User/settings.json 
